Log file open, 11/14/16 14:57:15
LogInit:Display: Running engine for game: Ratchet02
LogPlatformFile: Not using cached read wrapper
LogInit:Display: RandInit(2063373600) SRandInit(2063373600).
LogTaskGraph: Started task graph with 5 named threads and 9 total threads with 1 sets of task threads.
LogStats: Stats thread started at 0.696759
LogPluginManager: Loaded Plugin Paper2D, From C:/Users/SIG/Documents/Unreal Projects/RatchetBuilds/RatchetGame/WindowsNoEditor/Engine/Plugins/2D/Paper2D/Paper2D.uplugin
LogPluginManager: Loaded Plugin LightPropagationVolume, From C:/Users/SIG/Documents/Unreal Projects/RatchetBuilds/RatchetGame/WindowsNoEditor/Engine/Plugins/Blendables/LightPropagationVolume/LightPropagationVolume.uplugin
LogPluginManager: Loaded Plugin CharacterAI, From C:/Users/SIG/Documents/Unreal Projects/RatchetBuilds/RatchetGame/WindowsNoEditor/Engine/Plugins/Experimental/CharacterAI/CharacterAI.uplugin
LogPluginManager: Loaded Plugin HTML5Networking, From C:/Users/SIG/Documents/Unreal Projects/RatchetBuilds/RatchetGame/WindowsNoEditor/Engine/Plugins/Experimental/HTML5Networking/HTML5Networking.uplugin
LogPluginManager: Loaded Plugin AndroidMedia, From C:/Users/SIG/Documents/Unreal Projects/RatchetBuilds/RatchetGame/WindowsNoEditor/Engine/Plugins/Media/AndroidMedia/AndroidMedia.uplugin
LogPluginManager: Loaded Plugin AvfMedia, From C:/Users/SIG/Documents/Unreal Projects/RatchetBuilds/RatchetGame/WindowsNoEditor/Engine/Plugins/Media/AvfMedia/AvfMedia.uplugin
LogPluginManager: Loaded Plugin WmfMedia, From C:/Users/SIG/Documents/Unreal Projects/RatchetBuilds/RatchetGame/WindowsNoEditor/Engine/Plugins/Media/WmfMedia/WmfMedia.uplugin
LogPluginManager: Loaded Plugin TcpMessaging, From C:/Users/SIG/Documents/Unreal Projects/RatchetBuilds/RatchetGame/WindowsNoEditor/Engine/Plugins/Messaging/TcpMessaging/TcpMessaging.uplugin
LogPluginManager: Loaded Plugin UdpMessaging, From C:/Users/SIG/Documents/Unreal Projects/RatchetBuilds/RatchetGame/WindowsNoEditor/Engine/Plugins/Messaging/UdpMessaging/UdpMessaging.uplugin
LogPluginManager: Loaded Plugin OnlineSubsystem, From C:/Users/SIG/Documents/Unreal Projects/RatchetBuilds/RatchetGame/WindowsNoEditor/Engine/Plugins/Online/OnlineSubsystem/OnlineSubsystem.uplugin
LogPluginManager: Loaded Plugin OnlineSubsystemNull, From C:/Users/SIG/Documents/Unreal Projects/RatchetBuilds/RatchetGame/WindowsNoEditor/Engine/Plugins/Online/OnlineSubsystemNull/OnlineSubsystemNull.uplugin
LogPluginManager: Loaded Plugin OnlineSubsystemUtils, From C:/Users/SIG/Documents/Unreal Projects/RatchetBuilds/RatchetGame/WindowsNoEditor/Engine/Plugins/Online/OnlineSubsystemUtils/OnlineSubsystemUtils.uplugin
LogPluginManager: Loaded Plugin ArchVisCharacter, From C:/Users/SIG/Documents/Unreal Projects/RatchetBuilds/RatchetGame/WindowsNoEditor/Engine/Plugins/Runtime/ArchVisCharacter/ArchVisCharacter.uplugin
LogPluginManager: Loaded Plugin CableComponent, From C:/Users/SIG/Documents/Unreal Projects/RatchetBuilds/RatchetGame/WindowsNoEditor/Engine/Plugins/Runtime/CableComponent/CableComponent.uplugin
LogPluginManager: Loaded Plugin CustomMeshComponent, From C:/Users/SIG/Documents/Unreal Projects/RatchetBuilds/RatchetGame/WindowsNoEditor/Engine/Plugins/Runtime/CustomMeshComponent/CustomMeshComponent.uplugin
LogPluginManager: Loaded Plugin ExampleDeviceProfileSelector, From C:/Users/SIG/Documents/Unreal Projects/RatchetBuilds/RatchetGame/WindowsNoEditor/Engine/Plugins/Runtime/ExampleDeviceProfileSelector/ExampleDeviceProfileSelector.uplugin
LogPluginManager: Loaded Plugin GearVR, From C:/Users/SIG/Documents/Unreal Projects/RatchetBuilds/RatchetGame/WindowsNoEditor/Engine/Plugins/Runtime/GearVR/GearVR.uplugin
LogPluginManager: Loaded Plugin OculusInput, From C:/Users/SIG/Documents/Unreal Projects/RatchetBuilds/RatchetGame/WindowsNoEditor/Engine/Plugins/Runtime/OculusInput/OculusInput.uplugin
LogPluginManager: Loaded Plugin OculusLibrary, From C:/Users/SIG/Documents/Unreal Projects/RatchetBuilds/RatchetGame/WindowsNoEditor/Engine/Plugins/Runtime/OculusLibrary/OculusLibrary.uplugin
LogPluginManager: Loaded Plugin OculusRift, From C:/Users/SIG/Documents/Unreal Projects/RatchetBuilds/RatchetGame/WindowsNoEditor/Engine/Plugins/Runtime/OculusRift/OculusRift.uplugin
LogPluginManager: Loaded Plugin ProceduralMeshComponent, From C:/Users/SIG/Documents/Unreal Projects/RatchetBuilds/RatchetGame/WindowsNoEditor/Engine/Plugins/Runtime/ProceduralMeshComponent/ProceduralMeshComponent.uplugin
LogPluginManager: Loaded Plugin SteamVR, From C:/Users/SIG/Documents/Unreal Projects/RatchetBuilds/RatchetGame/WindowsNoEditor/Engine/Plugins/Runtime/Steam/SteamVR/SteamVR.uplugin
LogPluginManager: Loaded Plugin WindowsMoviePlayer, From C:/Users/SIG/Documents/Unreal Projects/RatchetBuilds/RatchetGame/WindowsNoEditor/Engine/Plugins/Runtime/WindowsMoviePlayer/WindowsMoviePlayer.uplugin
LogPluginManager: Loaded Plugin SlateRemote, From C:/Users/SIG/Documents/Unreal Projects/RatchetBuilds/RatchetGame/WindowsNoEditor/Engine/Plugins/Slate/SlateRemote/SlateRemote.uplugin
LogModuleManager:Warning: ModuleManager: Module 'XMPP' not found - its StaticallyLinkedModuleInitializers function is null.
LogInit: Using libcurl 7.47.1
LogInit:  - built for x86_64-pc-win32
LogInit:  - supports SSL with WinSSL
LogInit:  - other features:
LogInit:      CURL_VERSION_SSL
LogInit:      CURL_VERSION_IPV6
LogInit:      CURL_VERSION_ASYNCHDNS
LogInit:      CURL_VERSION_LARGEFILE
LogInit:      CURL_VERSION_IDN
LogInit:  CurlRequestOptions (configurable via config and command line):
LogInit:  - bVerifyPeer = false  - Libcurl will NOT verify peer certificate
LogInit:  - bUseHttpProxy = false  - Libcurl will NOT use HTTP proxy
LogInit:  - bDontReuseConnections = false  - Libcurl will reuse connections
LogInit:  - CertBundlePath = nullptr  - Libcurl will use whatever was configured at build time.
LogModuleManager:Warning: ModuleManager: Module 'OnlineSubsystemSteam' not found - its StaticallyLinkedModuleInitializers function is null.
LogInit: WinSock: version 1.1 (2.2), MaxSocks=32767, MaxUdp=65467
LogVoice:Warning: Failed to initialize voice interface
LogInit: Build: ++UE4+Release-4.13-CL-3106830
LogInit: Engine Version: 4.13.0-3106830+++UE4+Release-4.13
LogInit: Compatible Engine Version: 4.13.0-3106830+++UE4+Release-4.13
LogInit: Net CL: 3106830
LogDevObjectVersion: Number of dev versions registered: 13
LogDevObjectVersion:   Dev-Blueprints (B0D832E4-1F89-4F0D-ACCF-7EB736FD4AA2): 5
LogDevObjectVersion:   Dev-Build (E1C64328-A22C-4D53-A36C-8E866417BD8C): 0
LogDevObjectVersion:   Dev-Core (375EC13C-06E4-48FB-B500-84F0262A717E): 1
LogDevObjectVersion:   Dev-Editor (E4B068ED-F494-42E9-A231-DA0B2E46BB41): 6
LogDevObjectVersion:   Dev-Framework (CFFC743F-43B0-4480-9391-14DF171D2073): 12
LogDevObjectVersion:   Dev-Mobile (B02B49B5-BB20-44E9-A304-32B752E40360): 0
LogDevObjectVersion:   Dev-Networking (A4E4105C-59A1-49B5-A7C5-40C4547EDFEE): 0
LogDevObjectVersion:   Dev-Online (39C831C9-5AE6-47DC-9A44-9C173E1C8E7C): 0
LogDevObjectVersion:   Dev-Physics (78F01B33-EBEA-4F98-B9B4-84EACCB95AA2): 0
LogDevObjectVersion:   Dev-Platform (6631380F-2D4D-43E0-8009-CF276956A95A): 0
LogDevObjectVersion:   Dev-Rendering (12F88B9F-8875-4AFC-A67C-D90C383ABD29): 4
LogDevObjectVersion:   Dev-Sequencer (7B5AE74C-D270-4C10-A958-57980B212A5A): 0
LogDevObjectVersion:   Dev-VR (D7296918-1DD6-4BDD-9DE2-64A83CC13884): 0
LogInit: Compiled (64-bit): Aug 30 2016 18:12:49
LogInit: Compiled with Visual C++: 19.00.23026.00
LogInit: Build Configuration: Development
LogInit: Branch Name: ++UE4+Release-4.13
LogInit: Command line:  
LogInit: Base directory: C:/Users/SIG/Documents/Unreal Projects/RatchetBuilds/RatchetGame/WindowsNoEditor/Engine/Binaries/Win64/
LogInit: Installed Engine Build: 0
LogInit: Presizing for max 2097152 objects, including 0 objects not considered by GC, pre-allocating 0 bytes for permanent pool.
LogInit: Object subsystem initialized
[2016.11.14-19.57.15:349][  0]LogInit: Selected Device Profile: [WindowsNoEditor]
[2016.11.14-19.57.15:349][  0]LogInit: Applying CVar settings loaded from the selected device profile: [WindowsNoEditor]
[2016.11.14-19.57.15:354][  0]LogInit: Computer: SIGLAB-BEAST
[2016.11.14-19.57.15:354][  0]LogInit: User: SIG
[2016.11.14-19.57.15:354][  0]LogInit: CPU Page size=65536, Cores=10
[2016.11.14-19.57.15:354][  0]LogInit: High frequency timer resolution =3.020345 MHz
[2016.11.14-19.57.15:354][  0]LogMemory: Memory total: Physical=31.9GB (32GB approx)
[2016.11.14-19.57.15:354][  0]LogMemory: Platform Memory Stats for WindowsNoEditor
[2016.11.14-19.57.15:354][  0]LogMemory: Process Physical Memory: 86.25 MB used, 86.25 MB peak
[2016.11.14-19.57.15:354][  0]LogMemory: Process Virtual Memory: 100.45 MB used, 100.45 MB peak
[2016.11.14-19.57.15:354][  0]LogMemory: Physical Memory: 9469.37 MB used, 32690.26 MB total
[2016.11.14-19.57.15:354][  0]LogMemory: Virtual Memory: 327.83 MB used, 134217728.00 MB total
[2016.11.14-19.57.15:380][  0]LogTextLocalizationManager: No specific translations for ('en-US') exist, so ('en') translations will be used.
[2016.11.14-19.57.15:444][  0]LogD3D11RHI: D3D11 adapters:
[2016.11.14-19.57.16:121][  0]LogD3D11RHI:    0. 'NVIDIA GeForce GTX 980' (Feature Level 11_0)
[2016.11.14-19.57.16:121][  0]LogD3D11RHI:       4060/0/16345 MB DedicatedVideo/DedicatedSystem/SharedSystem, Outputs:2, VendorId:0x10de
[2016.11.14-19.57.16:123][  0]LogD3D11RHI:    1. 'Microsoft Basic Render Driver' (Feature Level 11_0)
[2016.11.14-19.57.16:123][  0]LogD3D11RHI:       0/0/16345 MB DedicatedVideo/DedicatedSystem/SharedSystem, Outputs:0, VendorId:0x1414
[2016.11.14-19.57.16:123][  0]LogD3D11RHI: Chosen D3D11 Adapter: 0
[2016.11.14-19.57.16:154][  0]LogD3D11RHI: Creating new Direct3DDevice
[2016.11.14-19.57.16:154][  0]LogD3D11RHI:     GPU DeviceId: 0x13c0 (for the marketing name, search the web for "GPU Device Id")
[2016.11.14-19.57.16:154][  0]LogWindows: EnumDisplayDevices:
[2016.11.14-19.57.16:154][  0]LogWindows:    0. 'NVIDIA GeForce GTX 980' (P:1 D:1)
[2016.11.14-19.57.16:154][  0]LogWindows:    1. 'NVIDIA GeForce GTX 980' (P:0 D:1)
[2016.11.14-19.57.16:154][  0]LogWindows:    2. 'NVIDIA GeForce GTX 980' (P:0 D:0)
[2016.11.14-19.57.16:154][  0]LogWindows:    3. 'NVIDIA GeForce GTX 980' (P:0 D:0)
[2016.11.14-19.57.16:154][  0]LogWindows: DebugString: FoundDriverCount:4 
[2016.11.14-19.57.16:154][  0]LogD3D11RHI:     Adapter Name: NVIDIA GeForce GTX 980
[2016.11.14-19.57.16:154][  0]LogD3D11RHI:   Driver Version: 372.70 (internal:21.21.13.7270, unified:372.70)
[2016.11.14-19.57.16:154][  0]LogD3D11RHI:      Driver Date: 8-25-2016
[2016.11.14-19.57.16:154][  0]LogRHI: Texture pool is 1361 MB (70% of 1945 MB)
[2016.11.14-19.57.16:787][  0]LogD3D11RHI: Async texture creation enabled
[2016.11.14-19.57.16:816][  0]LogD3D11RHI: GPU Timing Frequency: 1000.000000 (Debug: 2 1)
[2016.11.14-19.57.16:905][  0]LogAssetRegistry: FAssetRegistry took 0.0046 seconds to start up
[2016.11.14-19.57.16:908][  0]LogPackageLocalizationCache: Processed 3 localized package path(s) for 2 prioritized culture(s) in 0.002662 seconds
[2016.11.14-19.57.16:914][  0]LogContentStreaming: Texture pool size is 1000.00 MB
[2016.11.14-19.57.16:914][  0]LogInit: Selected Device Profile: [WindowsNoEditor]
[2016.11.14-19.57.16:962][  0]LogNetVersion: GetLocalNetworkVersion: CL: 3106830, ProjectName: ratchet02, ProjectVersion: , EngineNetworkVersion: 1, GameNetworkVersion: 0, NetworkChecksum: 4023720528
[2016.11.14-19.57.17:015][  0]LogSlate: SlateFontCache - WITH_FREETYPE: 1, WITH_HARFBUZZ: 1
[2016.11.14-19.57.17:015][  0]LogSlate: SlateFontCache - WITH_FREETYPE: 1, WITH_HARFBUZZ: 1
[2016.11.14-19.57.17:058][  0]LogMoviePlayer: Initializing movie player
[2016.11.14-19.57.17:086][  0]LogWindowsMoviePlayer: Unable to load movie: ../../../Ratchet02/Content/Movies/Default_Startup.mp4
[2016.11.14-19.57.17:123][  0]LogUObjectArray: 28481 objects as part of root set at end of initial load.
[2016.11.14-19.57.17:123][  0]LogUObjectAllocator: 5668688 out of 0 bytes used by permanent object pool.
[2016.11.14-19.57.17:123][  0]LogUObjectArray: CloseDisregardForGC: 0/0 objects in disregard for GC pool
[2016.11.14-19.57.17:134][  0]LogEngine: Initializing Engine...
[2016.11.14-19.57.17:199][  0]LogHMD: SteamVR initialized.  Driver: lighthouse  Display: LHR-E46F5943
[2016.11.14-19.57.17:258][  0]LogInit: XAudio2 using 'Speakers / Headphones (Realtek High Definition Audio)' : 2 channels at 48 kHz using 32 bits per sample (channel mask 0x3)
[2016.11.14-19.57.17:274][  0]LogInit: FAudioDevice initialized.
[2016.11.14-19.57.17:274][  0]LogInit: Texture streaming: Enabled
[2016.11.14-19.57.17:278][  0]LogConsoleManager:Warning: Setting the console variable 'r.VSync' with 'SetByGameSetting' was ignored as it is lower priority than the previous 'SetByCode'
[2016.11.14-19.57.17:289][  0]LogInit:Display: Game Engine Initialized.
[2016.11.14-19.57.17:289][  0]LogInit:Display: Starting Game.
[2016.11.14-19.57.17:289][  0]LogNet: Browse: /Game/Maps/MainMenu?Name=Player
[2016.11.14-19.57.17:289][  0]LogLoad: LoadMap: /Game/Maps/MainMenu?Name=Player
[2016.11.14-19.57.17:302][  0]LogMemory: Platform Memory Stats for WindowsNoEditor
[2016.11.14-19.57.17:302][  0]LogMemory: Process Physical Memory: 223.95 MB used, 223.95 MB peak
[2016.11.14-19.57.17:302][  0]LogMemory: Process Virtual Memory: 300.80 MB used, 300.81 MB peak
[2016.11.14-19.57.17:302][  0]LogMemory: Physical Memory: 9578.71 MB used, 32690.26 MB total
[2016.11.14-19.57.17:302][  0]LogMemory: Virtual Memory: 711.95 MB used, 134217728.00 MB total
[2016.11.14-19.57.17:302][  0]LogMemory: 
[2016.11.14-19.57.17:302][  0]LogMemory: Allocator Stats for binned:
[2016.11.14-19.57.17:302][  0]LogMemory: Current Memory 95.83 MB used, plus 5.92 MB waste
[2016.11.14-19.57.17:302][  0]LogMemory: Peak Memory 98.93 MB used, plus 4.20 MB waste
[2016.11.14-19.57.17:302][  0]LogMemory: Current OS Memory 101.75 MB, peak 103.13 MB
[2016.11.14-19.57.17:302][  0]LogMemory: Current Waste 1.32 MB, peak 1.47 MB
[2016.11.14-19.57.17:302][  0]LogMemory: Current Used 95.83 MB, peak 98.93 MB
[2016.11.14-19.57.17:302][  0]LogMemory: Current Slack 4.60 MB
[2016.11.14-19.57.17:302][  0]LogMemory: Allocs       141434 Current /  572793 Total
[2016.11.14-19.57.17:302][  0]LogMemory: 
[2016.11.14-19.57.17:302][  0]LogMemory: Block Size Num Pools Max Pools Cur Allocs Total Allocs Min Req Max Req Mem Used Mem Slack Mem Waste Efficiency
[2016.11.14-19.57.17:302][  0]LogMemory: ---------- --------- --------- ---------- ------------ ------- ------- -------- --------- --------- ----------
[2016.11.14-19.57.17:302][  0]LogMemory:          8         0         0          0            0       8       0       0K        0K        0K    100.00%
[2016.11.14-19.57.17:302][  0]LogMemory:         16         6         6      21916        58001      16      16     342K       42K        0K    100.00%
[2016.11.14-19.57.17:302][  0]LogMemory:         32        11        11      21090        90182      17      32     659K       45K       59K     91.62%
[2016.11.14-19.57.17:302][  0]LogMemory:         48         8         8       9733        41349      33      48     456K       56K       57K     88.87%
[2016.11.14-19.57.17:302][  0]LogMemory:         64        21        21      20576        67747      49      64    1286K       58K      105K     92.19%
[2016.11.14-19.57.17:302][  0]LogMemory:         80        11        11       8334        77562      65      80     651K       53K       42K     94.03%
[2016.11.14-19.57.17:302][  0]LogMemory:         96         5         5       3223        45118      81      96     302K       18K       22K     93.13%
[2016.11.14-19.57.17:302][  0]LogMemory:        112         4         5       2068        14003      97     112     226K       30K       15K     94.14%
[2016.11.14-19.57.17:303][  0]LogMemory:        128        17        17       8500        28939     114     128    1062K       26K       46K     95.77%
[2016.11.14-19.57.17:303][  0]LogMemory:        160        43        43      17506        32413     129     160    2735K       13K      225K     91.82%
[2016.11.14-19.57.17:303][  0]LogMemory:        192        25        25       7995        19867     161     192    1499K      100K      107K     93.31%
[2016.11.14-19.57.17:303][  0]LogMemory:        224         5         5       1310        10604     193     224     286K       34K       24K     92.50%
[2016.11.14-19.57.17:303][  0]LogMemory:        256         4         4        910         4524     225     256     227K       29K       13K     94.92%
[2016.11.14-19.57.17:303][  0]LogMemory:        288        25        45       5456        22994     257     288    1534K       63K      116K     92.75%
[2016.11.14-19.57.17:303][  0]LogMemory:        320         3         3        554        23166     290     320     173K       19K        1K     99.48%
[2016.11.14-19.57.17:303][  0]LogMemory:        384        20        20       3389        12965     322     384    1270K        5K      150K     88.28%
[2016.11.14-19.57.17:303][  0]LogMemory:        448         5         5        576         1683     386     448     252K       68K       23K     92.81%
[2016.11.14-19.57.17:303][  0]LogMemory:        512         6         6        603         2454     450     512     301K       83K        4K     98.96%
[2016.11.14-19.57.17:303][  0]LogMemory:        576        28        28       3055         3663     514     576    1718K       62K       61K     96.60%
[2016.11.14-19.57.17:303][  0]LogMemory:        640         8         9        697         1104     580     640     435K       75K       24K     95.31%
[2016.11.14-19.57.17:303][  0]LogMemory:        704         7         7        473          878     642     704     325K      123K       13K     97.10%
[2016.11.14-19.57.17:303][  0]LogMemory:        768         4         4        245          466     706     768     183K       72K        5K     98.05%
[2016.11.14-19.57.17:303][  0]LogMemory:        896         9         9        483         1086     769     896     422K      153K       29K     94.97%
[2016.11.14-19.57.17:303][  0]LogMemory:       1024         8         8        298          918     899    1024     298K      214K       12K     97.66%
[2016.11.14-19.57.17:303][  0]LogMemory:       1168         6         6        305          700    1025    1168     347K       37K       25K     93.49%
[2016.11.14-19.57.17:303][  0]LogMemory:       1360         5         5        194         1120    1171    1360     257K       62K       25K     92.19%
[2016.11.14-19.57.17:303][  0]LogMemory:       1632        11        11        372          684    1363    1632     592K      110K       37K     94.74%
[2016.11.14-19.57.17:303][  0]LogMemory:       2048        13        13        271          730    1640    2048     542K      290K       49K     94.11%
[2016.11.14-19.57.17:303][  0]LogMemory:       2336         6         6        133         1890    2050    2336     303K       81K       33K     91.41%
[2016.11.14-19.57.17:303][  0]LogMemory:       2720         5         5         86          460    2352    2718     228K       91K       11K     96.56%
[2016.11.14-19.57.17:303][  0]LogMemory:       3264        10        11        158         1206    2722    3264     503K      135K       31K     95.16%
[2016.11.14-19.57.17:303][  0]LogMemory:       4096        19        23        195          644    3266    4096     780K      436K       68K     94.41%
[2016.11.14-19.57.17:303][  0]LogMemory:       4672        13        14        105          359    4100    4672     479K      352K       25K     97.00%
[2016.11.14-19.57.17:303][  0]LogMemory:       5456        15        19         94          325    4674    5453     500K      460K       42K     95.63%
[2016.11.14-19.57.17:303][  0]LogMemory:       6544        17        20        131          360    5461    6542     837K      250K       64K     94.12%
[2016.11.14-19.57.17:303][  0]LogMemory:       8192         9        10         55          902    6545    8192     440K      136K       32K     94.44%
[2016.11.14-19.57.17:303][  0]LogMemory:       9360         8         8         49          111    8224    9360     447K       65K       26K     94.92%
[2016.11.14-19.57.17:303][  0]LogMemory:      10912         5         5         28           57    9383   10592     298K       22K       29K     90.94%
[2016.11.14-19.57.17:303][  0]LogMemory:      13104        10        10         48           81   10955   13056     614K       26K       45K     92.97%
[2016.11.14-19.57.17:303][  0]LogMemory:      16384        11        13         42          160   13120   16384     672K       32K       49K     93.04%
[2016.11.14-19.57.17:303][  0]LogMemory:      21840        21        25         52          140   16396   21766    1109K      235K      170K     87.35%
[2016.11.14-19.57.17:303][  0]LogMemory:      32768        17        18         33           89   21904   32640    1056K       32K      214K     80.33%
[2016.11.14-19.57.17:303][  0]LogMemory:      49152         5         6         19          233       0   49152     912K       48K      278K     71.04%
[2016.11.14-19.57.17:303][  0]LogMemory:      98304         5         5         16           28       0   97272    1536K      384K      359K     81.30%
[2016.11.14-19.57.17:303][  0]LogMemory: 
[2016.11.14-19.57.17:303][  0]LogMemory: 33856K allocated in pools (with 4725K slack and 2765K waste). Efficiency 91.83%
[2016.11.14-19.57.17:303][  0]LogMemory: Allocations 141377 Current / 571966 Total (in 494 pools)
[2016.11.14-19.57.17:303][  0]LogMemory: 
[2016.11.14-19.57.17:304][  0]LogAIModule: Creating AISystem for world MainMenu
[2016.11.14-19.57.17:305][  0]LogWorld: Game class is 'GameMode'
[2016.11.14-19.57.17:310][  0]LogWorld: Bringing World /Game/Maps/MainMenu.MainMenu up for play (max tick rate 0) at 2016.11.14-14.57.17
[2016.11.14-19.57.17:310][  0]LogWorld: Bringing up level for play took: 0.000374
[2016.11.14-19.57.17:310][  0]LogGameMode: Warning - PATHS NOT DEFINED or NO PLAYERSTART with positive rating
[2016.11.14-19.57.17:311][  0]LogGameMode:Display: Match State Changed from EnteringMap to WaitingToStart
[2016.11.14-19.57.17:311][  0]LogGameState: Match State Changed from EnteringMap to WaitingToStart
[2016.11.14-19.57.17:311][  0]LogGameMode:Display: Match State Changed from WaitingToStart to InProgress
[2016.11.14-19.57.17:312][  0]LogGameState: Match State Changed from WaitingToStart to InProgress
[2016.11.14-19.57.17:312][  0]LogLoad: Took 0.022915 seconds to LoadMap(/Game/Maps/MainMenu)
[2016.11.14-19.57.17:513][  0]LogLoad: (Engine Initialization) Total time: 3.07 seconds
[2016.11.14-19.57.17:513][  0]LogExternalProfiler: Found external profiler: VSPerf
[2016.11.14-19.57.17:513][  0]LogExternalProfiler: Using external profiler: VSPerf
[2016.11.14-19.57.17:530][  0]LogOcInput: OculusInput pre-init called
[2016.11.14-19.57.17:594][  0]LogRenderer: Reallocating scene render targets to support 128x128 (Frame:1).
[2016.11.14-19.57.17:667][  1]LogRenderer: Reallocating scene render targets to support 2240x1260 (Frame:2).
[2016.11.14-20.00.07:916][556]LogNetVersion: GetLocalNetworkVersion: CL: 3106830, ProjectName: ratchet02, ProjectVersion: 1.0.0.0, EngineNetworkVersion: 1, GameNetworkVersion: 0, NetworkChecksum: 3461421346
[2016.11.14-20.00.07:917][556]LogInit: WinSock: I am siglab-beast (158.130.2.229:0)
[2016.11.14-20.00.07:918][556]LogGameMode:Display: Match State Changed from InProgress to LeavingMap
[2016.11.14-20.00.07:918][556]LogGameState: Match State Changed from InProgress to LeavingMap
[2016.11.14-20.00.07:918][556]LogNet: Browse: /Game/Maps/Level_01?listen
[2016.11.14-20.00.07:918][556]LogLoad: LoadMap: /Game/Maps/Level_01?listen
[2016.11.14-20.00.07:925][556]LogMemory: Platform Memory Stats for WindowsNoEditor
[2016.11.14-20.00.07:925][556]LogMemory: Process Physical Memory: 273.27 MB used, 285.84 MB peak
[2016.11.14-20.00.07:925][556]LogMemory: Process Virtual Memory: 668.59 MB used, 697.64 MB peak
[2016.11.14-20.00.07:925][556]LogMemory: Physical Memory: 9617.09 MB used, 32690.26 MB total
[2016.11.14-20.00.07:925][556]LogMemory: Virtual Memory: 1106.77 MB used, 134217728.00 MB total
[2016.11.14-20.00.07:925][556]LogMemory: 
[2016.11.14-20.00.07:925][556]LogMemory: Allocator Stats for binned:
[2016.11.14-20.00.07:925][556]LogMemory: Current Memory 105.61 MB used, plus 6.46 MB waste
[2016.11.14-20.00.07:925][556]LogMemory: Peak Memory 108.49 MB used, plus 5.26 MB waste
[2016.11.14-20.00.07:925][556]LogMemory: Current OS Memory 112.06 MB, peak 113.75 MB
[2016.11.14-20.00.07:925][556]LogMemory: Current Waste 1.49 MB, peak 1.58 MB
[2016.11.14-20.00.07:925][556]LogMemory: Current Used 105.61 MB, peak 108.49 MB
[2016.11.14-20.00.07:925][556]LogMemory: Current Slack 4.96 MB
[2016.11.14-20.00.07:925][556]LogMemory: Allocs       144357 Current /  3288003 Total
[2016.11.14-20.00.07:925][556]LogMemory: 
[2016.11.14-20.00.07:925][556]LogMemory: Block Size Num Pools Max Pools Cur Allocs Total Allocs Min Req Max Req Mem Used Mem Slack Mem Waste Efficiency
[2016.11.14-20.00.07:925][556]LogMemory: ---------- --------- --------- ---------- ------------ ------- ------- -------- --------- --------- ----------
[2016.11.14-20.00.07:925][556]LogMemory:          8         0         0          0            0       8       0       0K        0K        0K    100.00%
[2016.11.14-20.00.07:925][556]LogMemory:         16         6         6      22289       272623      16      16     348K       36K        0K    100.00%
[2016.11.14-20.00.07:925][556]LogMemory:         32        11        11      21739       315138      17      32     679K       25K       49K     93.04%
[2016.11.14-20.00.07:925][556]LogMemory:         48         8         8      10294       499756      33      48     482K       30K       18K     96.48%
[2016.11.14-20.00.07:925][556]LogMemory:         64        21        21      20995       272029      49      64    1312K       32K       34K     97.47%
[2016.11.14-20.00.07:925][556]LogMemory:         80        11        11       8422       114804      65      80     657K       47K       37K     94.74%
[2016.11.14-20.00.07:925][556]LogMemory:         96         6         6       3354       923922      81      96     314K       70K       25K     93.49%
[2016.11.14-20.00.07:925][556]LogMemory:        112         4         5       2152        36740      97     112     235K       21K        6K     97.66%
[2016.11.14-20.00.07:925][556]LogMemory:        128        17        17       8551        51140     114     128    1068K       20K       27K     97.52%
[2016.11.14-20.00.07:925][556]LogMemory:        160        44        44      17584        54878     129     160    2747K       65K      194K     93.11%
[2016.11.14-20.00.07:925][556]LogMemory:        192        25        25       8134       169254     161     192    1525K       74K      121K     92.44%
[2016.11.14-20.00.07:925][556]LogMemory:        224         5         5       1331        86642     193     224     291K       29K       14K     95.63%
[2016.11.14-20.00.07:925][556]LogMemory:        256         5         5        982         5894     225     256     245K       75K       14K     95.63%
[2016.11.14-20.00.07:925][556]LogMemory:        288        25        45       5463        24165     257     288    1536K       61K      114K     92.88%
[2016.11.14-20.00.07:925][556]LogMemory:        320         3         3        562        45426     290     320     175K       17K        1K     99.48%
[2016.11.14-20.00.07:925][556]LogMemory:        384        21        21       3420        68742     322     384    1282K       57K       96K     92.86%
[2016.11.14-20.00.07:925][556]LogMemory:        448         5         5        583        12732     386     448     255K       65K       26K     91.88%
[2016.11.14-20.00.07:925][556]LogMemory:        512         6         6        606         4021     449     512     303K       81K        3K     99.22%
[2016.11.14-20.00.07:925][556]LogMemory:        576        28        28       3084        14391     514     576    1734K       46K       96K     94.64%
[2016.11.14-20.00.07:925][556]LogMemory:        640         8         9        697         1125     579     640     435K       75K       24K     95.31%
[2016.11.14-20.00.07:925][556]LogMemory:        704         7         7        478        11483     642     704     328K      120K       21K     95.31%
[2016.11.14-20.00.07:925][556]LogMemory:        768         3         4        249        11047     706     768     186K        6K        3K     98.44%
[2016.11.14-20.00.07:925][556]LogMemory:        896         9         9        493        13139     769     896     431K      144K       21K     96.35%
[2016.11.14-20.00.07:925][556]LogMemory:       1024         8         8        296       159333     899    1024     296K      216K        4K     99.22%
[2016.11.14-20.00.07:925][556]LogMemory:       1168         6         6        316         1066    1025    1168     360K       24K       28K     92.71%
[2016.11.14-20.00.07:925][556]LogMemory:       1360         5         5        199         1537    1171    1360     264K       55K       25K     92.19%
[2016.11.14-20.00.07:925][556]LogMemory:       1632        11        11        370          730    1363    1632     589K      113K       37K     94.74%
[2016.11.14-20.00.07:925][556]LogMemory:       2048        13        13        276         1007    1636    2048     552K      280K       45K     94.59%
[2016.11.14-20.00.07:925][556]LogMemory:       2336         6         6        130         1914    2050    2336     296K       88K       32K     91.67%
[2016.11.14-20.00.07:925][556]LogMemory:       2720         5         5         86          477    2341    2718     228K       91K       11K     96.56%
[2016.11.14-20.00.07:925][556]LogMemory:       3264        10        11        157         1218    2722    3264     500K      138K       31K     95.16%
[2016.11.14-20.00.07:925][556]LogMemory:       4096        18        23        197        11228    3266    4096     788K      364K      134K     88.37%
[2016.11.14-20.00.07:925][556]LogMemory:       4672        13        14        102          407    4100    4672     465K      366K       22K     97.36%
[2016.11.14-20.00.07:925][556]LogMemory:       5456        15        19         95          337    4674    5453     506K      454K       43K     95.52%
[2016.11.14-20.00.07:925][556]LogMemory:       6544        17        20        128          370    5461    6542     818K      269K       63K     94.21%
[2016.11.14-20.00.07:925][556]LogMemory:       8192         9        11         54        11493    6545    8192     432K      144K       20K     96.53%
[2016.11.14-20.00.07:925][556]LogMemory:       9360         9         9         53          123    8224    9360     484K       92K       28K     95.14%
[2016.11.14-20.00.07:925][556]LogMemory:      10912         5         5         27        10621    9383   10592     287K       33K       17K     94.69%
[2016.11.14-20.00.07:925][556]LogMemory:      13104        10        10         48           83   10955   13056     614K       26K       45K     92.97%
[2016.11.14-20.00.07:925][556]LogMemory:      16384        14        16         51          185   13120   16384     816K       80K       56K     93.75%
[2016.11.14-20.00.07:925][556]LogMemory:      21840        21        25         52          147   16396   21766    1109K      235K      171K     87.28%
[2016.11.14-20.00.07:925][556]LogMemory:      32768        17        18         33           94   21904   32640    1056K       32K      216K     80.15%
[2016.11.14-20.00.07:925][556]LogMemory:      49152         7         7         21          241       0   49152    1008K      336K      306K     77.23%
[2016.11.14-20.00.07:926][556]LogMemory:      98304         6         6         19           33       0   97272    1824K      480K      432K     81.25%
[2016.11.14-20.00.07:926][556]LogMemory: 
[2016.11.14-20.00.07:926][556]LogMemory: 35008K allocated in pools (with 5112K slack and 2710K waste). Efficiency 92.26%
[2016.11.14-20.00.07:926][556]LogMemory: Allocations 144173 Current / 3211736 Total (in 503 pools)
[2016.11.14-20.00.07:926][556]LogMemory: 
[2016.11.14-20.00.08:052][556]LogAIModule: Creating AISystem for world Level_01
[2016.11.14-20.00.08:052][556]LogWorld: Game class is 'MyGameMode_C'
[2016.11.14-20.00.08:053][556]LogInit: WinSock: Socket queue 131072 / 131072
[2016.11.14-20.00.08:053][556]PacketHandlerLog: Loaded PacketHandler component: Engine.EngineHandlerComponentFactory (StatelessConnectHandlerComponent)
[2016.11.14-20.00.08:053][556]LogNet: GameNetDriver IpNetDriver_0 IpNetDriver listening on port 7777
[2016.11.14-20.00.08:059][556]LogWorld: Bringing World /Game/Maps/Level_01.Level_01 up for play (max tick rate 0) at 2016.11.14-15.00.08
[2016.11.14-20.00.08:059][556]LogWorld: Bringing up level for play took: 0.001159
[2016.11.14-20.00.08:060][556]LogGameMode:Display: Match State Changed from EnteringMap to WaitingToStart
[2016.11.14-20.00.08:060][556]LogGameState: Match State Changed from EnteringMap to WaitingToStart
[2016.11.14-20.00.08:060][556]LogGameMode:Display: Match State Changed from WaitingToStart to InProgress
[2016.11.14-20.00.08:060][556]LogOnline:Warning: NULL: Can't start an online session (Game) in state InProgress
[2016.11.14-20.00.08:091][556]LogRenderer: Reallocating scene render targets to support 3024x1680 (Frame:10559).
[2016.11.14-20.00.08:091][556]LogScript:Warning: Accessed None trying to read property Widget
	MyGameInstance_C /Engine/Transient.GameEngine_0:MyGameInstance_C_0
	Function /Game/Blueprints/MyGameInstance.MyGameInstance_C:Hide Widget:000A
[2016.11.14-20.00.08:091][556]LogScript:Warning: Script call stack:
	Function /Game/Maps/Level_01.Level_01_C:ReceiveBeginPlay
	Function /Game/Maps/Level_01.Level_01_C:ExecuteUbergraph_Level_01
	Function /Game/Blueprints/MyGameInstance.MyGameInstance_C:Start Playing State
	Function /Game/Blueprints/MyGameInstance.MyGameInstance_C:Hide Widget

[2016.11.14-20.00.08:091][556]LogGameState: Match State Changed from WaitingToStart to InProgress
[2016.11.14-20.00.08:154][556]LogLoad: Took 0.236209 seconds to LoadMap(/Game/Maps/Level_01)
[2016.11.14-20.00.08:207][557]LogStaticMesh: Allocated Allocated 186x98x48 distance field atlas = 1.7Mb
[2016.11.14-20.00.56:193][704]LogSlate: Request Window 'Ratchet02 (64-bit, PCD3D_SM5)' being destroyed
[2016.11.14-20.00.56:237][704]LogSlate: Window 'Ratchet02 (64-bit, PCD3D_SM5)' being destroyed
[2016.11.14-20.00.56:238][704]LogWindowsTextInputMethodSystem:Display: IME system now deactivated.
[2016.11.14-20.00.56:239][704]LogSlate: HittestGrid destroyed
[2016.11.14-20.00.56:239][704]LogEngine: All Windows Closed
[2016.11.14-20.00.56:239][704]LogWindows: FPlatformMisc::RequestExit(0)
[2016.11.14-20.00.56:240][705]LogMoviePlayer: Shutting down movie player
[2016.11.14-20.00.56:311][705]LogNet: World NetDriver shutdown IpNetDriver_0 [GameNetDriver]
[2016.11.14-20.00.56:311][705]LogNet: DestroyNamedNetDriver IpNetDriver_0 [GameNetDriver]
[2016.11.14-20.00.56:311][705]LogExit: GameNetDriver IpNetDriver_0 shut down
[2016.11.14-20.00.56:333][705]LogExit: Preparing to exit.
[2016.11.14-20.00.56:345][705]LogExit: Game engine shut down
[2016.11.14-20.00.56:403][705]LogObj: Freed 32b from 1 cluster array pools.
[2016.11.14-20.00.56:404][705]LogExit: Object subsystem successfully closed.
[2016.11.14-20.00.56:414][705]LogD3D11RHI: Shutdown
[2016.11.14-20.00.56:414][705]LogD3D11RHI: CleanupD3DDevice
[2016.11.14-20.00.56:415][705]LogD3D11RHI: ~FD3D11DynamicRHI
[2016.11.14-20.00.56:416][705]LogModuleManager: Shutting down and abandoning module AutomationController (68)
[2016.11.14-20.00.56:416][705]LogModuleManager: Shutting down and abandoning module AutomationWorker (67)
[2016.11.14-20.00.56:416][705]LogModuleManager: Shutting down and abandoning module GameplayDebugger (66)
[2016.11.14-20.00.56:416][705]LogModuleManager: Shutting down and abandoning module AIModule (65)
[2016.11.14-20.00.56:416][705]LogModuleManager: Shutting down and abandoning module WmfMediaFactory (64)
[2016.11.14-20.00.56:416][705]LogModuleManager: Shutting down and abandoning module AvfMediaFactory (63)
[2016.11.14-20.00.56:416][705]LogModuleManager: Shutting down and abandoning module Media (62)
[2016.11.14-20.00.56:416][705]LogModuleManager: Shutting down and abandoning module AndroidMediaFactory (61)
[2016.11.14-20.00.56:416][705]LogModuleManager: Shutting down and abandoning module CharacterAI (60)
[2016.11.14-20.00.56:416][705]LogModuleManager: Shutting down and abandoning module SessionServices (59)
[2016.11.14-20.00.56:416][705]LogModuleManager: Shutting down and abandoning module Niagara (58)
[2016.11.14-20.00.56:416][705]LogModuleManager: Shutting down and abandoning module StreamingPauseRendering (57)
[2016.11.14-20.00.56:416][705]LogModuleManager: Shutting down and abandoning module AnalyticsET (56)
[2016.11.14-20.00.56:416][705]LogModuleManager: Shutting down and abandoning module ProfilerService (55)
[2016.11.14-20.00.56:504][705]LogModuleManager: Shutting down and abandoning module TaskGraph (54)
[2016.11.14-20.00.56:504][705]LogModuleManager: Shutting down and abandoning module SlateRemote (53)
[2016.11.14-20.00.56:504][705]LogModuleManager: Shutting down and abandoning module SteamVRController (52)
[2016.11.14-20.00.56:504][705]LogModuleManager: Shutting down and abandoning module SteamVR (51)
[2016.11.14-20.00.56:504][705]LogModuleManager: Shutting down and abandoning module ProceduralMeshComponent (50)
[2016.11.14-20.00.56:504][705]LogModuleManager: Shutting down and abandoning module OculusLibrary (49)
[2016.11.14-20.00.56:504][705]LogModuleManager: Shutting down and abandoning module OculusInput (48)
[2016.11.14-20.00.56:504][705]LogModuleManager: Shutting down and abandoning module CustomMeshComponent (47)
[2016.11.14-20.00.56:504][705]LogModuleManager: Shutting down and abandoning module CableComponent (46)
[2016.11.14-20.00.56:504][705]LogModuleManager: Shutting down and abandoning module ArchVisCharacter (45)
[2016.11.14-20.00.56:504][705]LogModuleManager: Shutting down and abandoning module HTML5Networking (44)
[2016.11.14-20.00.56:504][705]LogModuleManager: Shutting down and abandoning module UdpMessaging (43)
[2016.11.14-20.00.56:504][705]LogModuleManager: Shutting down and abandoning module TcpMessaging (42)
[2016.11.14-20.00.56:504][705]LogModuleManager: Shutting down and abandoning module LightPropagationVolumeRuntime (41)
[2016.11.14-20.00.56:504][705]LogModuleManager: Shutting down and abandoning module Paper2D (40)
[2016.11.14-20.00.56:504][705]LogModuleManager: Shutting down and abandoning module WindowsMoviePlayer (39)
[2016.11.14-20.00.56:504][705]LogModuleManager: Shutting down and abandoning module WmfMedia (38)
[2016.11.14-20.00.56:505][705]LogModuleManager: Shutting down and abandoning module ImageWrapper (37)
[2016.11.14-20.00.56:505][705]LogModuleManager: Shutting down and abandoning module MediaAssets (36)
[2016.11.14-20.00.56:505][705]LogModuleManager: Shutting down and abandoning module GameLiveStreaming (35)
[2016.11.14-20.00.56:505][705]LogModuleManager: Shutting down and abandoning module UMG (34)
[2016.11.14-20.00.56:505][705]LogModuleManager: Shutting down and abandoning module SlateReflector (33)
[2016.11.14-20.00.56:505][705]LogModuleManager: Shutting down and abandoning module Slate (32)
[2016.11.14-20.00.56:505][705]LogModuleManager: Shutting down and abandoning module Messaging (31)
[2016.11.14-20.00.56:505][705]LogModuleManager: Shutting down and abandoning module HeadMountedDisplay (30)
[2016.11.14-20.00.56:505][705]LogModuleManager: Shutting down and abandoning module XAudio2 (29)
[2016.11.14-20.00.56:505][705]LogModuleManager: Shutting down and abandoning module Networking (28)
[2016.11.14-20.00.56:505][705]LogModuleManager: Shutting down and abandoning module Core (27)
[2016.11.14-20.00.56:505][705]LogModuleManager: Shutting down and abandoning module AssetRegistry (26)
[2016.11.14-20.00.56:505][705]LogModuleManager: Shutting down and abandoning module InputCore (25)
[2016.11.14-20.00.56:506][705]LogModuleManager: Shutting down and abandoning module OculusRift (24)
[2016.11.14-20.00.56:506][705]LogModuleManager: Shutting down and abandoning module GearVR (23)
[2016.11.14-20.00.56:506][705]LogModuleManager: Shutting down and abandoning module ExampleDeviceProfileSelector (22)
[2016.11.14-20.00.56:506][705]LogModuleManager: Shutting down and abandoning module Voice (20)
[2016.11.14-20.00.56:506][705]LogModuleManager: Shutting down and abandoning module OnlineSubsystem (16)
[2016.11.14-20.00.56:506][705]LogOnline:Display: NULL: FOnlineSubsystemNull::Shutdown()
[2016.11.14-20.00.56:506][705]LogOnline:Display: Unloading online subsystem: Null
[2016.11.14-20.00.56:506][705]LogModuleManager: Shutting down and abandoning module HTTP (15)
[2016.11.14-20.00.56:506][705]LogHttp:Display: Http module shutting down, but needs to wait on 1 outstanding Http requests:
[2016.11.14-20.00.56:506][705]LogHttp:Display: 	verb=[POST] url=[https://datarouter.ol.epicgames.com/datarouter/api/v1/public/data?SessionID=%7BF26931D7-450E-2C39-48DF-3C94E7541E80%7D&AppID=UEGame.Rocket.Release%7C57D58F574453EC61FAFB08ABDCA221E5%7CUE4Game&AppVersion=%2B%2BUE4%2BRelease-4.13-CL-3106830&UserID=ANON-%7BED268E78-403D-9EAB-4648-40AF2C12A3C9%7D&AppEnvironment=datacollector-binary&UploadType=eteventstream] status=Processing
[2016.11.14-20.00.56:510][705]LogModuleManager: Shutting down and abandoning module ShaderCore (13)
[2016.11.14-20.00.56:510][705]LogModuleManager: Shutting down and abandoning module Landscape (12)
[2016.11.14-20.00.56:510][705]LogModuleManager: Shutting down and abandoning module SlateRHIRenderer (11)
[2016.11.14-20.00.56:511][705]LogModuleManager: Shutting down and abandoning module OpenGLDrv (10)
[2016.11.14-20.00.56:511][705]LogModuleManager: Shutting down and abandoning module D3D11RHI (9)
[2016.11.14-20.00.56:511][705]LogModuleManager: Shutting down and abandoning module AnimGraphRuntime (8)
[2016.11.14-20.00.56:511][705]LogModuleManager: Shutting down and abandoning module Renderer (7)
[2016.11.14-20.00.56:511][705]LogModuleManager: Shutting down and abandoning module Engine (6)
[2016.11.14-20.00.56:511][705]LogModuleManager: Shutting down and abandoning module CoreUObject (5)
[2016.11.14-20.00.56:511][705]LogModuleManager: Shutting down and abandoning module NetworkFile (4)
[2016.11.14-20.00.56:511][705]LogModuleManager: Shutting down and abandoning module StreamingFile (3)
[2016.11.14-20.00.56:511][705]LogModuleManager: Shutting down and abandoning module SandboxFile (2)
[2016.11.14-20.00.56:511][705]LogModuleManager: Shutting down and abandoning module PakFile (1)
[2016.11.14-20.00.56:511][705]LogExit: Exiting.
[2016.11.14-20.00.56:512][705]Log file closed, 11/14/16 15:00:56
