Log file open, 11/15/16 11:21:23
LogInit:Display: Running engine for game: Ratchet02
LogPlatformFile: Not using cached read wrapper
LogInit:Display: RandInit(618105469) SRandInit(618105469).
LogTaskGraph: Started task graph with 5 named threads and 9 total threads with 1 sets of task threads.
LogStats: Stats thread started at 0.702390
LogPluginManager: Loaded Plugin Paper2D, From C:/Users/SIG/Documents/Unreal Projects/RatchetBuilds/RatchetGame/WindowsNoEditor/Engine/Plugins/2D/Paper2D/Paper2D.uplugin
LogPluginManager: Loaded Plugin LightPropagationVolume, From C:/Users/SIG/Documents/Unreal Projects/RatchetBuilds/RatchetGame/WindowsNoEditor/Engine/Plugins/Blendables/LightPropagationVolume/LightPropagationVolume.uplugin
LogPluginManager: Loaded Plugin CharacterAI, From C:/Users/SIG/Documents/Unreal Projects/RatchetBuilds/RatchetGame/WindowsNoEditor/Engine/Plugins/Experimental/CharacterAI/CharacterAI.uplugin
LogPluginManager: Loaded Plugin HTML5Networking, From C:/Users/SIG/Documents/Unreal Projects/RatchetBuilds/RatchetGame/WindowsNoEditor/Engine/Plugins/Experimental/HTML5Networking/HTML5Networking.uplugin
LogPluginManager: Loaded Plugin AndroidMedia, From C:/Users/SIG/Documents/Unreal Projects/RatchetBuilds/RatchetGame/WindowsNoEditor/Engine/Plugins/Media/AndroidMedia/AndroidMedia.uplugin
LogPluginManager: Loaded Plugin AvfMedia, From C:/Users/SIG/Documents/Unreal Projects/RatchetBuilds/RatchetGame/WindowsNoEditor/Engine/Plugins/Media/AvfMedia/AvfMedia.uplugin
LogPluginManager: Loaded Plugin WmfMedia, From C:/Users/SIG/Documents/Unreal Projects/RatchetBuilds/RatchetGame/WindowsNoEditor/Engine/Plugins/Media/WmfMedia/WmfMedia.uplugin
LogPluginManager: Loaded Plugin TcpMessaging, From C:/Users/SIG/Documents/Unreal Projects/RatchetBuilds/RatchetGame/WindowsNoEditor/Engine/Plugins/Messaging/TcpMessaging/TcpMessaging.uplugin
LogPluginManager: Loaded Plugin UdpMessaging, From C:/Users/SIG/Documents/Unreal Projects/RatchetBuilds/RatchetGame/WindowsNoEditor/Engine/Plugins/Messaging/UdpMessaging/UdpMessaging.uplugin
LogPluginManager: Loaded Plugin OnlineSubsystem, From C:/Users/SIG/Documents/Unreal Projects/RatchetBuilds/RatchetGame/WindowsNoEditor/Engine/Plugins/Online/OnlineSubsystem/OnlineSubsystem.uplugin
LogPluginManager: Loaded Plugin OnlineSubsystemNull, From C:/Users/SIG/Documents/Unreal Projects/RatchetBuilds/RatchetGame/WindowsNoEditor/Engine/Plugins/Online/OnlineSubsystemNull/OnlineSubsystemNull.uplugin
LogPluginManager: Loaded Plugin OnlineSubsystemSteam, From C:/Users/SIG/Documents/Unreal Projects/RatchetBuilds/RatchetGame/WindowsNoEditor/Engine/Plugins/Online/OnlineSubsystemSteam/OnlineSubsystemSteam.uplugin
LogPluginManager: Loaded Plugin OnlineSubsystemUtils, From C:/Users/SIG/Documents/Unreal Projects/RatchetBuilds/RatchetGame/WindowsNoEditor/Engine/Plugins/Online/OnlineSubsystemUtils/OnlineSubsystemUtils.uplugin
LogPluginManager: Loaded Plugin ArchVisCharacter, From C:/Users/SIG/Documents/Unreal Projects/RatchetBuilds/RatchetGame/WindowsNoEditor/Engine/Plugins/Runtime/ArchVisCharacter/ArchVisCharacter.uplugin
LogPluginManager: Loaded Plugin CableComponent, From C:/Users/SIG/Documents/Unreal Projects/RatchetBuilds/RatchetGame/WindowsNoEditor/Engine/Plugins/Runtime/CableComponent/CableComponent.uplugin
LogPluginManager: Loaded Plugin CustomMeshComponent, From C:/Users/SIG/Documents/Unreal Projects/RatchetBuilds/RatchetGame/WindowsNoEditor/Engine/Plugins/Runtime/CustomMeshComponent/CustomMeshComponent.uplugin
LogPluginManager: Loaded Plugin ExampleDeviceProfileSelector, From C:/Users/SIG/Documents/Unreal Projects/RatchetBuilds/RatchetGame/WindowsNoEditor/Engine/Plugins/Runtime/ExampleDeviceProfileSelector/ExampleDeviceProfileSelector.uplugin
LogPluginManager: Loaded Plugin GearVR, From C:/Users/SIG/Documents/Unreal Projects/RatchetBuilds/RatchetGame/WindowsNoEditor/Engine/Plugins/Runtime/GearVR/GearVR.uplugin
LogPluginManager: Loaded Plugin OculusInput, From C:/Users/SIG/Documents/Unreal Projects/RatchetBuilds/RatchetGame/WindowsNoEditor/Engine/Plugins/Runtime/OculusInput/OculusInput.uplugin
LogPluginManager: Loaded Plugin OculusLibrary, From C:/Users/SIG/Documents/Unreal Projects/RatchetBuilds/RatchetGame/WindowsNoEditor/Engine/Plugins/Runtime/OculusLibrary/OculusLibrary.uplugin
LogPluginManager: Loaded Plugin OculusRift, From C:/Users/SIG/Documents/Unreal Projects/RatchetBuilds/RatchetGame/WindowsNoEditor/Engine/Plugins/Runtime/OculusRift/OculusRift.uplugin
LogPluginManager: Loaded Plugin ProceduralMeshComponent, From C:/Users/SIG/Documents/Unreal Projects/RatchetBuilds/RatchetGame/WindowsNoEditor/Engine/Plugins/Runtime/ProceduralMeshComponent/ProceduralMeshComponent.uplugin
LogPluginManager: Loaded Plugin SteamVR, From C:/Users/SIG/Documents/Unreal Projects/RatchetBuilds/RatchetGame/WindowsNoEditor/Engine/Plugins/Runtime/Steam/SteamVR/SteamVR.uplugin
LogPluginManager: Loaded Plugin WindowsMoviePlayer, From C:/Users/SIG/Documents/Unreal Projects/RatchetBuilds/RatchetGame/WindowsNoEditor/Engine/Plugins/Runtime/WindowsMoviePlayer/WindowsMoviePlayer.uplugin
LogPluginManager: Loaded Plugin SlateRemote, From C:/Users/SIG/Documents/Unreal Projects/RatchetBuilds/RatchetGame/WindowsNoEditor/Engine/Plugins/Slate/SlateRemote/SlateRemote.uplugin
LogModuleManager:Warning: ModuleManager: Module 'XMPP' not found - its StaticallyLinkedModuleInitializers function is null.
LogInit: Using libcurl 7.47.1
LogInit:  - built for x86_64-pc-win32
LogInit:  - supports SSL with WinSSL
LogInit:  - other features:
LogInit:      CURL_VERSION_SSL
LogInit:      CURL_VERSION_IPV6
LogInit:      CURL_VERSION_ASYNCHDNS
LogInit:      CURL_VERSION_LARGEFILE
LogInit:      CURL_VERSION_IDN
LogInit:  CurlRequestOptions (configurable via config and command line):
LogInit:  - bVerifyPeer = false  - Libcurl will NOT verify peer certificate
LogInit:  - bUseHttpProxy = false  - Libcurl will NOT use HTTP proxy
LogInit:  - bDontReuseConnections = false  - Libcurl will reuse connections
LogInit:  - CertBundlePath = nullptr  - Libcurl will use whatever was configured at build time.
LogOnline:Display: STEAM: Loading Steam SDK 1.32
LogInit: WinSock: version 1.1 (2.2), MaxSocks=32767, MaxUdp=65467
LogInit: Build: ++UE4+Release-4.13-CL-3106830
LogInit: Engine Version: 4.13.0-3106830+++UE4+Release-4.13
LogInit: Compatible Engine Version: 4.13.0-3106830+++UE4+Release-4.13
LogInit: Net CL: 3106830
LogDevObjectVersion: Number of dev versions registered: 13
LogDevObjectVersion:   Dev-Blueprints (B0D832E4-1F89-4F0D-ACCF-7EB736FD4AA2): 5
LogDevObjectVersion:   Dev-Build (E1C64328-A22C-4D53-A36C-8E866417BD8C): 0
LogDevObjectVersion:   Dev-Core (375EC13C-06E4-48FB-B500-84F0262A717E): 1
LogDevObjectVersion:   Dev-Editor (E4B068ED-F494-42E9-A231-DA0B2E46BB41): 6
LogDevObjectVersion:   Dev-Framework (CFFC743F-43B0-4480-9391-14DF171D2073): 12
LogDevObjectVersion:   Dev-Mobile (B02B49B5-BB20-44E9-A304-32B752E40360): 0
LogDevObjectVersion:   Dev-Networking (A4E4105C-59A1-49B5-A7C5-40C4547EDFEE): 0
LogDevObjectVersion:   Dev-Online (39C831C9-5AE6-47DC-9A44-9C173E1C8E7C): 0
LogDevObjectVersion:   Dev-Physics (78F01B33-EBEA-4F98-B9B4-84EACCB95AA2): 0
LogDevObjectVersion:   Dev-Platform (6631380F-2D4D-43E0-8009-CF276956A95A): 0
LogDevObjectVersion:   Dev-Rendering (12F88B9F-8875-4AFC-A67C-D90C383ABD29): 4
LogDevObjectVersion:   Dev-Sequencer (7B5AE74C-D270-4C10-A958-57980B212A5A): 0
LogDevObjectVersion:   Dev-VR (D7296918-1DD6-4BDD-9DE2-64A83CC13884): 0
LogInit: Compiled (64-bit): Aug 30 2016 18:12:49
LogInit: Compiled with Visual C++: 19.00.23026.00
LogInit: Build Configuration: Development
LogInit: Branch Name: ++UE4+Release-4.13
LogInit: Command line: 
LogInit: Base directory: C:/Users/SIG/Documents/Unreal Projects/RatchetBuilds/RatchetGame/WindowsNoEditor/Ratchet02/Binaries/Win64/
LogInit: Installed Engine Build: 0
LogInit: Presizing for max 2097152 objects, including 0 objects not considered by GC, pre-allocating 0 bytes for permanent pool.
LogInit: Object subsystem initialized
[2016.11.15-16.21.24:175][  0]LogInit: Selected Device Profile: [WindowsNoEditor]
[2016.11.15-16.21.24:175][  0]LogInit: Applying CVar settings loaded from the selected device profile: [WindowsNoEditor]
[2016.11.15-16.21.24:180][  0]LogInit: Computer: SIGLAB-BEAST
[2016.11.15-16.21.24:180][  0]LogInit: User: SIG
[2016.11.15-16.21.24:180][  0]LogInit: CPU Page size=65536, Cores=10
[2016.11.15-16.21.24:180][  0]LogInit: High frequency timer resolution =3.020345 MHz
[2016.11.15-16.21.24:180][  0]LogMemory: Memory total: Physical=31.9GB (32GB approx)
[2016.11.15-16.21.24:180][  0]LogMemory: Platform Memory Stats for WindowsNoEditor
[2016.11.15-16.21.24:180][  0]LogMemory: Process Physical Memory: 122.85 MB used, 122.85 MB peak
[2016.11.15-16.21.24:180][  0]LogMemory: Process Virtual Memory: 118.97 MB used, 118.97 MB peak
[2016.11.15-16.21.24:180][  0]LogMemory: Physical Memory: 6839.09 MB used, 32690.26 MB total
[2016.11.15-16.21.24:180][  0]LogMemory: Virtual Memory: 443.77 MB used, 134217728.00 MB total
[2016.11.15-16.21.24:209][  0]LogTextLocalizationManager: No specific translations for ('en-US') exist, so ('en') translations will be used.
[2016.11.15-16.21.24:273][  0]LogD3D11RHI: D3D11 adapters:
[2016.11.15-16.21.24:972][  0]LogD3D11RHI:    0. 'NVIDIA GeForce GTX 980' (Feature Level 11_0)
[2016.11.15-16.21.24:972][  0]LogD3D11RHI:       4060/0/16345 MB DedicatedVideo/DedicatedSystem/SharedSystem, Outputs:2, VendorId:0x10de
[2016.11.15-16.21.24:973][  0]LogD3D11RHI:    1. 'Microsoft Basic Render Driver' (Feature Level 11_0)
[2016.11.15-16.21.24:973][  0]LogD3D11RHI:       0/0/16345 MB DedicatedVideo/DedicatedSystem/SharedSystem, Outputs:0, VendorId:0x1414
[2016.11.15-16.21.24:973][  0]LogD3D11RHI: Chosen D3D11 Adapter: 0
[2016.11.15-16.21.25:006][  0]LogD3D11RHI: Creating new Direct3DDevice
[2016.11.15-16.21.25:006][  0]LogD3D11RHI:     GPU DeviceId: 0x13c0 (for the marketing name, search the web for "GPU Device Id")
[2016.11.15-16.21.25:006][  0]LogWindows: EnumDisplayDevices:
[2016.11.15-16.21.25:006][  0]LogWindows:    0. 'NVIDIA GeForce GTX 980' (P:1 D:1)
[2016.11.15-16.21.25:006][  0]LogWindows:    1. 'NVIDIA GeForce GTX 980' (P:0 D:1)
[2016.11.15-16.21.25:006][  0]LogWindows:    2. 'NVIDIA GeForce GTX 980' (P:0 D:0)
[2016.11.15-16.21.25:007][  0]LogWindows:    3. 'NVIDIA GeForce GTX 980' (P:0 D:0)
[2016.11.15-16.21.25:007][  0]LogWindows: DebugString: FoundDriverCount:4 
[2016.11.15-16.21.25:007][  0]LogD3D11RHI:     Adapter Name: NVIDIA GeForce GTX 980
[2016.11.15-16.21.25:007][  0]LogD3D11RHI:   Driver Version: 372.70 (internal:21.21.13.7270, unified:372.70)
[2016.11.15-16.21.25:007][  0]LogD3D11RHI:      Driver Date: 8-25-2016
[2016.11.15-16.21.25:007][  0]LogRHI: Texture pool is 1361 MB (70% of 1945 MB)
[2016.11.15-16.21.25:659][  0]LogD3D11RHI: Async texture creation enabled
[2016.11.15-16.21.25:688][  0]LogD3D11RHI: GPU Timing Frequency: 1000.000000 (Debug: 2 1)
[2016.11.15-16.21.25:783][  0]LogAssetRegistry: FAssetRegistry took 0.0086 seconds to start up
[2016.11.15-16.21.25:786][  0]LogPackageLocalizationCache: Processed 3 localized package path(s) for 2 prioritized culture(s) in 0.002680 seconds
[2016.11.15-16.21.25:796][  0]LogContentStreaming: Texture pool size is 1000.00 MB
[2016.11.15-16.21.25:796][  0]LogInit: Selected Device Profile: [WindowsNoEditor]
[2016.11.15-16.21.25:884][  0]LogNetVersion: GetLocalNetworkVersion: CL: 3106830, ProjectName: ratchet02, ProjectVersion: , EngineNetworkVersion: 1, GameNetworkVersion: 0, NetworkChecksum: 4023720528
[2016.11.15-16.21.25:995][  0]LogSlate: SlateFontCache - WITH_FREETYPE: 1, WITH_HARFBUZZ: 1
[2016.11.15-16.21.25:995][  0]LogSlate: SlateFontCache - WITH_FREETYPE: 1, WITH_HARFBUZZ: 1
[2016.11.15-16.21.26:041][  0]LogMoviePlayer: Initializing movie player
[2016.11.15-16.21.26:092][  0]LogWindowsMoviePlayer: Unable to load movie: ../../../Ratchet02/Content/Movies/Default_Startup.mp4
[2016.11.15-16.21.26:131][  0]LogUObjectArray: 28487 objects as part of root set at end of initial load.
[2016.11.15-16.21.26:131][  0]LogUObjectAllocator: 5880864 out of 0 bytes used by permanent object pool.
[2016.11.15-16.21.26:131][  0]LogUObjectArray: CloseDisregardForGC: 0/0 objects in disregard for GC pool
[2016.11.15-16.21.26:142][  0]LogEngine: Initializing Engine...
[2016.11.15-16.21.26:218][  0]LogHMD: SteamVR initialized.  Driver: lighthouse  Display: LHR-E46F5943
[2016.11.15-16.21.26:304][  0]LogInit: XAudio2 using 'HTC-VIVE-C (NVIDIA High Definition Audio)' : 2 channels at 48 kHz using 16 bits per sample (channel mask 0x3)
[2016.11.15-16.21.26:310][  0]LogInit: FAudioDevice initialized.
[2016.11.15-16.21.26:310][  0]LogInit: Texture streaming: Enabled
[2016.11.15-16.21.26:313][  0]LogConsoleManager:Warning: Setting the console variable 'r.VSync' with 'SetByGameSetting' was ignored as it is lower priority than the previous 'SetByCode'
[2016.11.15-16.21.26:340][  0]LogInit:Display: Game Engine Initialized.
[2016.11.15-16.21.26:340][  0]LogInit:Display: Starting Game.
[2016.11.15-16.21.26:340][  0]LogNet: Browse: /Game/Maps/MainMenu?Name=Player
[2016.11.15-16.21.26:340][  0]LogLoad: LoadMap: /Game/Maps/MainMenu?Name=Player
[2016.11.15-16.21.26:353][  0]LogMemory: Platform Memory Stats for WindowsNoEditor
[2016.11.15-16.21.26:353][  0]LogMemory: Process Physical Memory: 260.21 MB used, 260.21 MB peak
[2016.11.15-16.21.26:353][  0]LogMemory: Process Virtual Memory: 323.82 MB used, 323.82 MB peak
[2016.11.15-16.21.26:353][  0]LogMemory: Physical Memory: 6929.89 MB used, 32690.26 MB total
[2016.11.15-16.21.26:353][  0]LogMemory: Virtual Memory: 804.54 MB used, 134217728.00 MB total
[2016.11.15-16.21.26:353][  0]LogMemory: 
[2016.11.15-16.21.26:354][  0]LogMemory: Allocator Stats for binned:
[2016.11.15-16.21.26:354][  0]LogMemory: Current Memory 96.24 MB used, plus 5.89 MB waste
[2016.11.15-16.21.26:354][  0]LogMemory: Peak Memory 99.49 MB used, plus 4.13 MB waste
[2016.11.15-16.21.26:354][  0]LogMemory: Current OS Memory 102.13 MB, peak 103.63 MB
[2016.11.15-16.21.26:354][  0]LogMemory: Current Waste 1.37 MB, peak 1.52 MB
[2016.11.15-16.21.26:354][  0]LogMemory: Current Used 96.24 MB, peak 99.49 MB
[2016.11.15-16.21.26:354][  0]LogMemory: Current Slack 4.52 MB
[2016.11.15-16.21.26:354][  0]LogMemory: Allocs       142020 Current /  575684 Total
[2016.11.15-16.21.26:354][  0]LogMemory: 
[2016.11.15-16.21.26:354][  0]LogMemory: Block Size Num Pools Max Pools Cur Allocs Total Allocs Min Req Max Req Mem Used Mem Slack Mem Waste Efficiency
[2016.11.15-16.21.26:354][  0]LogMemory: ---------- --------- --------- ---------- ------------ ------- ------- -------- --------- --------- ----------
[2016.11.15-16.21.26:354][  0]LogMemory:          8         0         0          0            0       8       0       0K        0K        0K    100.00%
[2016.11.15-16.21.26:354][  0]LogMemory:         16         6         6      22172        58541      16      16     346K       38K        0K    100.00%
[2016.11.15-16.21.26:354][  0]LogMemory:         32        11        11      21223        90666      17      32     663K       41K       60K     91.48%
[2016.11.15-16.21.26:354][  0]LogMemory:         48         8         8       9751        41583      33      48     457K       55K       57K     88.87%
[2016.11.15-16.21.26:354][  0]LogMemory:         64        21        21      20653        68039      49      64    1290K       54K      105K     92.19%
[2016.11.15-16.21.26:354][  0]LogMemory:         80        11        11       8379        77731      65      80     654K       50K       42K     94.03%
[2016.11.15-16.21.26:354][  0]LogMemory:         96         5         5       3224        45247      81      96     302K       18K       22K     93.13%
[2016.11.15-16.21.26:354][  0]LogMemory:        112         4         5       2068        14124      97     112     226K       30K       15K     94.14%
[2016.11.15-16.21.26:354][  0]LogMemory:        128        17        17       8503        29079     114     128    1062K       26K       46K     95.77%
[2016.11.15-16.21.26:354][  0]LogMemory:        160        43        43      17511        32656     129     160    2736K       12K      224K     91.86%
[2016.11.15-16.21.26:354][  0]LogMemory:        192        25        25       8000        19908     161     192    1500K       99K      107K     93.31%
[2016.11.15-16.21.26:354][  0]LogMemory:        224         5         5       1311        10736     193     224     286K       34K       24K     92.50%
[2016.11.15-16.21.26:354][  0]LogMemory:        256         4         4        909         4666     225     256     227K       29K       13K     94.92%
[2016.11.15-16.21.26:354][  0]LogMemory:        288        25        45       5457        23006     257     288    1534K       63K      116K     92.75%
[2016.11.15-16.21.26:354][  0]LogMemory:        320         3         3        565         2163     290     320     176K       16K        6K     96.88%
[2016.11.15-16.21.26:354][  0]LogMemory:        384        21        21       3404        34038     322     384    1276K       63K      175K     86.98%
[2016.11.15-16.21.26:354][  0]LogMemory:        448         5         5        576         1730     386     448     252K       68K       23K     92.81%
[2016.11.15-16.21.26:354][  0]LogMemory:        512         6         6        605         2457     450     512     302K       82K        4K     98.96%
[2016.11.15-16.21.26:354][  0]LogMemory:        576        28        28       3058         3709     514     576    1720K       60K       62K     96.54%
[2016.11.15-16.21.26:354][  0]LogMemory:        640         8         9        699         1106     580     640     436K       74K       24K     95.31%
[2016.11.15-16.21.26:354][  0]LogMemory:        704         7         7        473          879     642     704     325K      123K       13K     97.10%
[2016.11.15-16.21.26:354][  0]LogMemory:        768         4         4        244          466     706     768     183K       72K        5K     98.05%
[2016.11.15-16.21.26:354][  0]LogMemory:        896         9         9        484         1090     769     896     423K      152K       29K     94.97%
[2016.11.15-16.21.26:354][  0]LogMemory:       1024         8         8        299          919     899    1024     299K      213K       12K     97.66%
[2016.11.15-16.21.26:354][  0]LogMemory:       1168         6         6        306          701    1025    1168     349K       35K       25K     93.49%
[2016.11.15-16.21.26:354][  0]LogMemory:       1360         5         5        194         1126    1171    1360     257K       62K       25K     92.19%
[2016.11.15-16.21.26:354][  0]LogMemory:       1632        11        11        373          685    1363    1632     594K      108K       37K     94.74%
[2016.11.15-16.21.26:354][  0]LogMemory:       2048        13        13        271          744    1640    2048     542K      290K       49K     94.11%
[2016.11.15-16.21.26:354][  0]LogMemory:       2336         6         6        134         1895    2050    2336     305K       79K       33K     91.41%
[2016.11.15-16.21.26:354][  0]LogMemory:       2720         5         5         85          459    2352    2718     225K       94K       11K     96.56%
[2016.11.15-16.21.26:354][  0]LogMemory:       3264        10        11        158         1207    2722    3264     503K      135K       31K     95.16%
[2016.11.15-16.21.26:354][  0]LogMemory:       4096        19        23        195          644    3266    4096     780K      436K       68K     94.41%
[2016.11.15-16.21.26:354][  0]LogMemory:       4672        13        14        105          360    4100    4672     479K      352K       25K     97.00%
[2016.11.15-16.21.26:354][  0]LogMemory:       5456        15        19         94          325    4674    5453     500K      460K       42K     95.63%
[2016.11.15-16.21.26:354][  0]LogMemory:       6544        17        20        131          360    5461    6542     837K      250K       64K     94.12%
[2016.11.15-16.21.26:354][  0]LogMemory:       8192        10        10         57          903    6545    8192     456K      184K       33K     94.84%
[2016.11.15-16.21.26:354][  0]LogMemory:       9360         8         8         49          111    8224    9360     447K       65K       26K     94.92%
[2016.11.15-16.21.26:354][  0]LogMemory:      10912         5         5         28           58    9383   10732     298K       22K       29K     90.94%
[2016.11.15-16.21.26:354][  0]LogMemory:      13104        10        10         48           81   10955   13056     614K       26K       45K     92.97%
[2016.11.15-16.21.26:354][  0]LogMemory:      16384        11        13         42          161   13120   16384     672K       32K       49K     93.04%
[2016.11.15-16.21.26:354][  0]LogMemory:      21840        22        25         53          141   16396   21766    1130K      278K      173K     87.71%
[2016.11.15-16.21.26:354][  0]LogMemory:      32768        17        18         34           90   21904   32640    1088K        0K      220K     79.78%
[2016.11.15-16.21.26:354][  0]LogMemory:      49152         5         6         19          233       0   49152     912K       48K      277K     71.15%
[2016.11.15-16.21.26:354][  0]LogMemory:      98304         5         5         17           29       0   97272    1632K      288K      380K     80.21%
[2016.11.15-16.21.26:354][  0]LogMemory: 
[2016.11.15-16.21.26:354][  0]LogMemory: 34048K allocated in pools (with 4716K slack and 2826K waste). Efficiency 91.70%
[2016.11.15-16.21.26:354][  0]LogMemory: Allocations 141962 Current / 574853 Total (in 497 pools)
[2016.11.15-16.21.26:354][  0]LogMemory: 
[2016.11.15-16.21.26:356][  0]LogAIModule: Creating AISystem for world MainMenu
[2016.11.15-16.21.26:356][  0]LogWorld: Game class is 'GameMode'
[2016.11.15-16.21.26:361][  0]LogWorld: Bringing World /Game/Maps/MainMenu.MainMenu up for play (max tick rate 0) at 2016.11.15-11.21.26
[2016.11.15-16.21.26:361][  0]LogWorld: Bringing up level for play took: 0.000460
[2016.11.15-16.21.26:362][  0]LogGameMode: Warning - PATHS NOT DEFINED or NO PLAYERSTART with positive rating
[2016.11.15-16.21.26:363][  0]LogGameMode:Display: Match State Changed from EnteringMap to WaitingToStart
[2016.11.15-16.21.26:363][  0]LogGameState: Match State Changed from EnteringMap to WaitingToStart
[2016.11.15-16.21.26:363][  0]LogGameMode:Display: Match State Changed from WaitingToStart to InProgress
[2016.11.15-16.21.26:364][  0]LogGameState: Match State Changed from WaitingToStart to InProgress
[2016.11.15-16.21.26:364][  0]LogLoad: Took 0.024102 seconds to LoadMap(/Game/Maps/MainMenu)
[2016.11.15-16.21.26:566][  0]LogLoad: (Engine Initialization) Total time: 3.54 seconds
[2016.11.15-16.21.26:566][  0]LogExternalProfiler: Found external profiler: VSPerf
[2016.11.15-16.21.26:566][  0]LogExternalProfiler: Using external profiler: VSPerf
[2016.11.15-16.21.26:583][  0]LogOcInput: OculusInput pre-init called
[2016.11.15-16.21.26:647][  0]LogRenderer: Reallocating scene render targets to support 128x128 (Frame:1).
[2016.11.15-16.21.26:721][  1]LogRenderer: Reallocating scene render targets to support 2240x1260 (Frame:2).
[2016.11.15-16.21.51:836][558]LogNetVersion: GetLocalNetworkVersion: CL: 3106830, ProjectName: ratchet02, ProjectVersion: 1.0.0.0, EngineNetworkVersion: 1, GameNetworkVersion: 0, NetworkChecksum: 3461421346
[2016.11.15-16.21.52:061][572]LogGameMode:Display: Match State Changed from InProgress to LeavingMap
[2016.11.15-16.21.52:061][572]LogGameState: Match State Changed from InProgress to LeavingMap
[2016.11.15-16.21.52:061][572]LogNet: Browse: /Game/Maps/Level_01?listen
[2016.11.15-16.21.52:061][572]LogLoad: LoadMap: /Game/Maps/Level_01?listen
[2016.11.15-16.21.52:068][572]LogMemory: Platform Memory Stats for WindowsNoEditor
[2016.11.15-16.21.52:068][572]LogMemory: Process Physical Memory: 316.30 MB used, 319.83 MB peak
[2016.11.15-16.21.52:068][572]LogMemory: Process Virtual Memory: 689.40 MB used, 716.86 MB peak
[2016.11.15-16.21.52:068][572]LogMemory: Physical Memory: 6966.10 MB used, 32690.26 MB total
[2016.11.15-16.21.52:068][572]LogMemory: Virtual Memory: 1194.04 MB used, 134217728.00 MB total
[2016.11.15-16.21.52:068][572]LogMemory: 
[2016.11.15-16.21.52:069][572]LogMemory: Allocator Stats for binned:
[2016.11.15-16.21.52:069][572]LogMemory: Current Memory 105.81 MB used, plus 6.00 MB waste
[2016.11.15-16.21.52:069][572]LogMemory: Peak Memory 109.01 MB used, plus 5.05 MB waste
[2016.11.15-16.21.52:069][572]LogMemory: Current OS Memory 111.81 MB, peak 114.06 MB
[2016.11.15-16.21.52:069][572]LogMemory: Current Waste 1.48 MB, peak 1.57 MB
[2016.11.15-16.21.52:069][572]LogMemory: Current Used 105.82 MB, peak 109.01 MB
[2016.11.15-16.21.52:069][572]LogMemory: Current Slack 4.52 MB
[2016.11.15-16.21.52:069][572]LogMemory: Allocs       144892 Current /  1041034 Total
[2016.11.15-16.21.52:069][572]LogMemory: 
[2016.11.15-16.21.52:069][572]LogMemory: Block Size Num Pools Max Pools Cur Allocs Total Allocs Min Req Max Req Mem Used Mem Slack Mem Waste Efficiency
[2016.11.15-16.21.52:069][572]LogMemory: ---------- --------- --------- ---------- ------------ ------- ------- -------- --------- --------- ----------
[2016.11.15-16.21.52:069][572]LogMemory:          8         0         0          0            0       8       0       0K        0K        0K    100.00%
[2016.11.15-16.21.52:069][572]LogMemory:         16         6         6      22545        93548      16      16     352K       32K        0K    100.00%
[2016.11.15-16.21.52:069][572]LogMemory:         32        11        11      21846       125568      17      32     682K       22K       58K     91.76%
[2016.11.15-16.21.52:069][572]LogMemory:         48         8         8      10312       116625      33      48     483K       29K       30K     94.14%
[2016.11.15-16.21.52:069][572]LogMemory:         64        21        21      21062       104899      49      64    1316K       28K       79K     94.12%
[2016.11.15-16.21.52:069][572]LogMemory:         80        11        11       8466        86605      65      80     661K       43K       41K     94.18%
[2016.11.15-16.21.52:069][572]LogMemory:         96         6         6       3348       178373      81      96     313K       71K       25K     93.49%
[2016.11.15-16.21.52:069][572]LogMemory:        112         4         5       2151        18828      97     112     235K       21K       13K     94.92%
[2016.11.15-16.21.52:069][572]LogMemory:        128        17        17       8554        33270     114     128    1069K       19K       42K     96.14%
[2016.11.15-16.21.52:069][572]LogMemory:        160        44        44      17589        37087     129     160    2748K       64K      220K     92.19%
[2016.11.15-16.21.52:069][572]LogMemory:        192        25        25       8140        44154     161     192    1526K       73K      114K     92.88%
[2016.11.15-16.21.52:069][572]LogMemory:        224         5         5       1331        29798     193     224     291K       29K       15K     95.31%
[2016.11.15-16.21.52:069][572]LogMemory:        256         5         5        980         6040     225     256     245K       75K       14K     95.63%
[2016.11.15-16.21.52:069][572]LogMemory:        288        25        45       5462        24167     257     288    1536K       61K      114K     92.88%
[2016.11.15-16.21.52:069][572]LogMemory:        320         3         3        573         6437     290     320     179K       13K        3K     98.44%
[2016.11.15-16.21.52:069][572]LogMemory:        384        21        21       3432        49838     322     384    1287K       52K      152K     88.69%
[2016.11.15-16.21.52:069][572]LogMemory:        448         5         5        583         3770     386     448     255K       65K       24K     92.50%
[2016.11.15-16.21.52:069][572]LogMemory:        512         6         6        608         3994     449     512     304K       80K        3K     99.22%
[2016.11.15-16.21.52:069][572]LogMemory:        576        28        28       3087         5466     514     576    1736K       44K       78K     95.65%
[2016.11.15-16.21.52:069][572]LogMemory:        640         8         9        699         1126     580     640     436K       74K       24K     95.31%
[2016.11.15-16.21.52:069][572]LogMemory:        704         7         7        479         2505     642     704     329K      119K       19K     95.76%
[2016.11.15-16.21.52:069][572]LogMemory:        768         3         4        248         2062     706     768     186K        6K        4K     97.92%
[2016.11.15-16.21.52:069][572]LogMemory:        896         9         9        494         2876     769     896     432K      143K       24K     95.83%
[2016.11.15-16.21.52:069][572]LogMemory:       1024         8         8        296        24573     899    1024     296K      216K        4K     99.22%
[2016.11.15-16.21.52:069][572]LogMemory:       1168         6         6        317         2068    1025    1168     361K       23K       31K     91.93%
[2016.11.15-16.21.52:069][572]LogMemory:       1360         5         5        198         8748    1171    1360     262K       57K       25K     92.19%
[2016.11.15-16.21.52:069][572]LogMemory:       1632        11        11        372          729    1363    1632     592K      110K       37K     94.74%
[2016.11.15-16.21.52:069][572]LogMemory:       2048        13        13        278         3763    1640    2048     556K      276K       34K     95.91%
[2016.11.15-16.21.52:069][572]LogMemory:       2336         6         6        131         1918    2050    2336     298K       86K       32K     91.67%
[2016.11.15-16.21.52:069][572]LogMemory:       2720         5         5         85          476    2341    2718     225K       94K       11K     96.56%
[2016.11.15-16.21.52:069][572]LogMemory:       3264        10        11        158         1219    2722    3264     503K      135K       31K     95.16%
[2016.11.15-16.21.52:069][572]LogMemory:       4096        18        23        197         2240    3266    4096     788K      364K      117K     89.84%
[2016.11.15-16.21.52:069][572]LogMemory:       4672        13        14        102          388    4100    4672     465K      366K       23K     97.24%
[2016.11.15-16.21.52:069][572]LogMemory:       5456        15        19         94          334    4674    5453     500K      460K       42K     95.63%
[2016.11.15-16.21.52:069][572]LogMemory:       6544        17        20        128          370    5461    6542     818K      269K       63K     94.21%
[2016.11.15-16.21.52:069][572]LogMemory:       8192        10        11         56         2510    6545    8192     448K      192K       24K     96.25%
[2016.11.15-16.21.52:069][572]LogMemory:       9360         9         9         53          123    8224    9360     484K       92K       28K     95.14%
[2016.11.15-16.21.52:069][572]LogMemory:      10912         5         5         27         1638    9383   10732     287K       33K       18K     94.38%
[2016.11.15-16.21.52:069][572]LogMemory:      13104        11        11         51           86   10955   13056     652K       52K       48K     93.18%
[2016.11.15-16.21.52:069][572]LogMemory:      16384        13        15         49          184   13120   16384     784K       48K       55K     93.39%
[2016.11.15-16.21.52:069][572]LogMemory:      21840        22        25         52          147   16396   21766    1109K      299K      171K     87.86%
[2016.11.15-16.21.52:069][572]LogMemory:      32768        17        18         33           95   21904   32640    1056K       32K      215K     80.24%
[2016.11.15-16.21.52:069][572]LogMemory:      49152         6         7         22          241       0   49152    1056K       96K      319K     72.31%
[2016.11.15-16.21.52:069][572]LogMemory:      98304         5         5         18           32       0   97272    1728K      192K      411K     78.59%
[2016.11.15-16.21.52:069][572]LogMemory: 
[2016.11.15-16.21.52:069][572]LogMemory: 34560K allocated in pools (with 4655K slack and 2835K waste). Efficiency 91.80%
[2016.11.15-16.21.52:069][572]LogMemory: Allocations 144707 Current / 1028919 Total (in 503 pools)
[2016.11.15-16.21.52:069][572]LogMemory: 
[2016.11.15-16.21.52:582][572]LogAIModule: Creating AISystem for world Level_01
[2016.11.15-16.21.52:583][572]LogWorld: Game class is 'MyGameMode_C'
[2016.11.15-16.21.52:583][572]LogNet:Display: SteamNetDriver_0 bound to port 7777
[2016.11.15-16.21.52:583][572]PacketHandlerLog: Loaded PacketHandler component: Engine.EngineHandlerComponentFactory (StatelessConnectHandlerComponent)
[2016.11.15-16.21.52:583][572]LogNet: GameNetDriver SteamNetDriver_0 IpNetDriver listening on port 7777
[2016.11.15-16.21.52:589][572]LogWorld: Bringing World /Game/Maps/Level_01.Level_01 up for play (max tick rate 0) at 2016.11.15-11.21.52
[2016.11.15-16.21.52:589][572]LogWorld: Bringing up level for play took: 0.001790
[2016.11.15-16.21.52:591][572]LogGameMode:Display: Match State Changed from EnteringMap to WaitingToStart
[2016.11.15-16.21.52:591][572]LogGameState: Match State Changed from EnteringMap to WaitingToStart
[2016.11.15-16.21.52:591][572]LogGameMode:Display: Match State Changed from WaitingToStart to InProgress
[2016.11.15-16.21.52:591][572]LogOnline:Warning: STEAM: Can't start an online session (Game) in state InProgress
[2016.11.15-16.21.52:620][572]LogRenderer: Reallocating scene render targets to support 3024x1680 (Frame:1575).
[2016.11.15-16.21.52:620][572]LogScript:Warning: Accessed None trying to read property Widget
	MyGameInstance_C /Engine/Transient.GameEngine_0:MyGameInstance_C_0
	Function /Game/Blueprints/MyGameInstance.MyGameInstance_C:Hide Widget:000A
[2016.11.15-16.21.52:620][572]LogScript:Warning: Script call stack:
	Function /Game/Maps/Level_01.Level_01_C:ReceiveBeginPlay
	Function /Game/Maps/Level_01.Level_01_C:ExecuteUbergraph_Level_01
	Function /Game/Blueprints/MyGameInstance.MyGameInstance_C:Start Playing State
	Function /Game/Blueprints/MyGameInstance.MyGameInstance_C:Hide Widget

[2016.11.15-16.21.52:620][572]LogGameState: Match State Changed from WaitingToStart to InProgress
[2016.11.15-16.21.52:625][572]LogStaticMesh: Allocated Allocated 186x98x48 distance field atlas = 1.7Mb
[2016.11.15-16.21.52:694][572]LogLoad: Took 0.633039 seconds to LoadMap(/Game/Maps/Level_01)
[2016.11.15-16.22.57:042][449]LogHandshake: SendConnectChallenge. Timestamp: 64.996994, Cookie: 022197014004192227021130190237136012127225233063027254043177
[2016.11.15-16.22.57:042][449]LogHandshake: SendConnectChallenge. Timestamp: 64.996994, Cookie: 022197014004192227021130190237136012127225233063027254043177
[2016.11.15-16.22.57:042][449]LogHandshake: SendConnectChallenge. Timestamp: 64.996994, Cookie: 022197014004192227021130190237136012127225233063027254043177
[2016.11.15-16.22.57:042][449]LogHandshake: SendConnectChallenge. Timestamp: 64.996994, Cookie: 022197014004192227021130190237136012127225233063027254043177
[2016.11.15-16.22.57:064][450]LogNet: Server accepting post-challenge connection from: 76561198116157515:7777
[2016.11.15-16.22.57:065][450]PacketHandlerLog: Loaded PacketHandler component: Engine.EngineHandlerComponentFactory (StatelessConnectHandlerComponent)
[2016.11.15-16.22.57:065][450]LogNet: NotifyAcceptedConnection: Name: Level_01, TimeStamp: 11/15/16 11:22:57, [UNetConnection] RemoteAddr: 76561198116157515:7777, Name: SteamNetConnection_0, Driver: GameNetDriver SteamNetDriver_0, IsServer: YES, PC: NULL, Owner: NULL
[2016.11.15-16.22.57:065][450]LogNet: AddClientConnection: Added client connection: [UNetConnection] RemoteAddr: 76561198116157515:7777, Name: SteamNetConnection_0, Driver: GameNetDriver SteamNetDriver_0, IsServer: YES, PC: NULL, Owner: NULL
[2016.11.15-16.22.57:152][454]LogNet: NotifyAcceptingChannel Control 0 server World /Game/Maps/Level_01.Level_01: Accepted
[2016.11.15-16.22.57:152][454]LogNet: Remote platform little endian=1
[2016.11.15-16.22.57:152][454]LogNet: This platform little endian=1
[2016.11.15-16.22.57:175][455]LogNet: Login request: /Game/Maps/MainMenu?Name=chaysonaplane userId: 76561198116157515
[2016.11.15-16.22.57:197][456]LogNet: Client netspeed is 10000
[2016.11.15-16.22.57:444][467]LogNet: Join request: /Game/Maps/MainMenu?Name=chaysonaplane?SplitscreenCount=1
[2016.11.15-16.22.57:447][467]LogNet: Join succeeded: chaysonaplane
[2016.11.15-16.22.57:447][467]LogCharacterMovement:Warning: GetSimulationTimeStep() - Max iterations 8 hit while remaining time 64.710556 > MaxSimulationTimeStep (0.050) for 'ThirdPersonCharacter_C_0', movement 'Falling'
[2016.11.15-16.22.57:711][479]LogNet: Server connection received: ActorChannelFailure
[2016.11.15-16.23.42:974][498]LogScript:Warning: Accessed None trying to read property FoodQueueWidget
	ThirdPersonCharacter_C /Game/Maps/Level_01.Level_01:PersistentLevel.ThirdPersonCharacter_C_0
	Function /Game/ThirdPersonBP/Blueprints/ThirdPersonCharacter.ThirdPersonCharacter_C:ExecuteUbergraph_ThirdPersonCharacter:0051
[2016.11.15-16.23.42:974][498]LogScript:Warning: Script call stack:
	Function /Game/ThirdPersonBP/Blueprints/ThirdPersonCharacter.ThirdPersonCharacter_C:ReceiveTick
	Function /Game/ThirdPersonBP/Blueprints/ThirdPersonCharacter.ThirdPersonCharacter_C:ExecuteUbergraph_ThirdPersonCharacter

[2016.11.15-16.23.42:974][498]LogBlueprintUserMessages: [ThirdPersonCharacter_C_0] 9 lives remaining!
[2016.11.15-16.23.49:943][810]LogScript:Warning: Accessed None trying to read property FoodQueueWidget
	ThirdPersonCharacter_C /Game/Maps/Level_01.Level_01:PersistentLevel.ThirdPersonCharacter_C_0
	Function /Game/ThirdPersonBP/Blueprints/ThirdPersonCharacter.ThirdPersonCharacter_C:CollectFood:06ED
[2016.11.15-16.23.49:943][810]LogScript:Warning: Script call stack:
	Function /Game/Blueprints/FoodToken.FoodToken_C:ReceiveActorBeginOverlap
	Function /Game/Blueprints/FoodToken.FoodToken_C:ExecuteUbergraph_FoodToken
	Function /Game/ThirdPersonBP/Blueprints/ThirdPersonCharacter.ThirdPersonCharacter_C:CollectFood

[2016.11.15-16.23.49:943][810]LogScript:Warning: Accessed None trying to read property FoodImage
	ThirdPersonCharacter_C /Game/Maps/Level_01.Level_01:PersistentLevel.ThirdPersonCharacter_C_0
	Function /Game/ThirdPersonBP/Blueprints/ThirdPersonCharacter.ThirdPersonCharacter_C:CollectFood:0390
[2016.11.15-16.23.49:943][810]LogScript:Warning: Script call stack:
	Function /Game/Blueprints/FoodToken.FoodToken_C:ReceiveActorBeginOverlap
	Function /Game/Blueprints/FoodToken.FoodToken_C:ExecuteUbergraph_FoodToken
	Function /Game/ThirdPersonBP/Blueprints/ThirdPersonCharacter.ThirdPersonCharacter_C:CollectFood

[2016.11.15-16.23.49:943][810]LogBlueprintUserMessages: [ThirdPersonCharacter_C_0] 1
[2016.11.15-16.24.24:045][336]LogScript:Warning: Accessed None trying to read property FoodQueueWidget
	ThirdPersonCharacter_C /Game/Maps/Level_01.Level_01:PersistentLevel.ThirdPersonCharacter_C_0
	Function /Game/ThirdPersonBP/Blueprints/ThirdPersonCharacter.ThirdPersonCharacter_C:CollectFood:0691
[2016.11.15-16.24.24:045][336]LogScript:Warning: Script call stack:
	Function /Game/Blueprints/FoodToken.FoodToken_C:ReceiveActorBeginOverlap
	Function /Game/Blueprints/FoodToken.FoodToken_C:ExecuteUbergraph_FoodToken
	Function /Game/ThirdPersonBP/Blueprints/ThirdPersonCharacter.ThirdPersonCharacter_C:CollectFood

[2016.11.15-16.24.24:045][336]LogScript:Warning: Accessed None trying to read property FoodImage
	ThirdPersonCharacter_C /Game/Maps/Level_01.Level_01:PersistentLevel.ThirdPersonCharacter_C_0
	Function /Game/ThirdPersonBP/Blueprints/ThirdPersonCharacter.ThirdPersonCharacter_C:CollectFood:0390
[2016.11.15-16.24.24:045][336]LogScript:Warning: Script call stack:
	Function /Game/Blueprints/FoodToken.FoodToken_C:ReceiveActorBeginOverlap
	Function /Game/Blueprints/FoodToken.FoodToken_C:ExecuteUbergraph_FoodToken
	Function /Game/ThirdPersonBP/Blueprints/ThirdPersonCharacter.ThirdPersonCharacter_C:CollectFood

[2016.11.15-16.24.24:045][336]LogBlueprintUserMessages: [ThirdPersonCharacter_C_0] 2
[2016.11.15-16.24.36:912][912]LogScript:Warning: Accessed None trying to read property FoodQueueWidget
	ThirdPersonCharacter_C /Game/Maps/Level_01.Level_01:PersistentLevel.ThirdPersonCharacter_C_0
	Function /Game/ThirdPersonBP/Blueprints/ThirdPersonCharacter.ThirdPersonCharacter_C:CollectFood:06BF
[2016.11.15-16.24.36:912][912]LogScript:Warning: Script call stack:
	Function /Game/Blueprints/FoodToken.FoodToken_C:ReceiveActorBeginOverlap
	Function /Game/Blueprints/FoodToken.FoodToken_C:ExecuteUbergraph_FoodToken
	Function /Game/ThirdPersonBP/Blueprints/ThirdPersonCharacter.ThirdPersonCharacter_C:CollectFood

[2016.11.15-16.24.36:912][912]LogScript:Warning: Accessed None trying to read property FoodImage
	ThirdPersonCharacter_C /Game/Maps/Level_01.Level_01:PersistentLevel.ThirdPersonCharacter_C_0
	Function /Game/ThirdPersonBP/Blueprints/ThirdPersonCharacter.ThirdPersonCharacter_C:CollectFood:0390
[2016.11.15-16.24.36:912][912]LogScript:Warning: Script call stack:
	Function /Game/Blueprints/FoodToken.FoodToken_C:ReceiveActorBeginOverlap
	Function /Game/Blueprints/FoodToken.FoodToken_C:ExecuteUbergraph_FoodToken
	Function /Game/ThirdPersonBP/Blueprints/ThirdPersonCharacter.ThirdPersonCharacter_C:CollectFood

[2016.11.15-16.24.36:912][912]LogBlueprintUserMessages: [ThirdPersonCharacter_C_0] 3
[2016.11.15-16.24.40:710][ 82]LogScript:Warning: Accessed None trying to read property FoodQueueWidget
	ThirdPersonCharacter_C /Game/Maps/Level_01.Level_01:PersistentLevel.ThirdPersonCharacter_C_0
	Function /Game/ThirdPersonBP/Blueprints/ThirdPersonCharacter.ThirdPersonCharacter_C:ExecuteUbergraph_ThirdPersonCharacter:0051
[2016.11.15-16.24.40:710][ 82]LogScript:Warning: Script call stack:
	Function /Game/ThirdPersonBP/Blueprints/ThirdPersonCharacter.ThirdPersonCharacter_C:ReceiveTick
	Function /Game/ThirdPersonBP/Blueprints/ThirdPersonCharacter.ThirdPersonCharacter_C:ExecuteUbergraph_ThirdPersonCharacter

[2016.11.15-16.24.40:710][ 82]LogBlueprintUserMessages: [ThirdPersonCharacter_C_0] 8 lives remaining!
[2016.11.15-16.24.57:710][842]LogScript:Warning: Accessed None trying to read property FoodQueueWidget
	ThirdPersonCharacter_C /Game/Maps/Level_01.Level_01:PersistentLevel.ThirdPersonCharacter_C_0
	Function /Game/ThirdPersonBP/Blueprints/ThirdPersonCharacter.ThirdPersonCharacter_C:CollectFood:0371
[2016.11.15-16.24.57:710][842]LogScript:Warning: Script call stack:
	Function /Game/Blueprints/FoodToken.FoodToken_C:ReceiveActorBeginOverlap
	Function /Game/Blueprints/FoodToken.FoodToken_C:ExecuteUbergraph_FoodToken
	Function /Game/ThirdPersonBP/Blueprints/ThirdPersonCharacter.ThirdPersonCharacter_C:CollectFood

[2016.11.15-16.24.57:710][842]LogScript:Warning: Accessed None trying to read property FoodImage
	ThirdPersonCharacter_C /Game/Maps/Level_01.Level_01:PersistentLevel.ThirdPersonCharacter_C_0
	Function /Game/ThirdPersonBP/Blueprints/ThirdPersonCharacter.ThirdPersonCharacter_C:CollectFood:0390
[2016.11.15-16.24.57:710][842]LogScript:Warning: Script call stack:
	Function /Game/Blueprints/FoodToken.FoodToken_C:ReceiveActorBeginOverlap
	Function /Game/Blueprints/FoodToken.FoodToken_C:ExecuteUbergraph_FoodToken
	Function /Game/ThirdPersonBP/Blueprints/ThirdPersonCharacter.ThirdPersonCharacter_C:CollectFood

[2016.11.15-16.24.57:710][842]LogBlueprintUserMessages: [ThirdPersonCharacter_C_0] 4
[2016.11.15-16.25.06:824][249]LogScript:Warning: Accessed None trying to read property FoodQueueWidget
	ThirdPersonCharacter_C /Game/Maps/Level_01.Level_01:PersistentLevel.ThirdPersonCharacter_C_0
	Function /Game/ThirdPersonBP/Blueprints/ThirdPersonCharacter.ThirdPersonCharacter_C:ExecuteUbergraph_ThirdPersonCharacter:0051
[2016.11.15-16.25.06:824][249]LogScript:Warning: Script call stack:
	Function /Game/ThirdPersonBP/Blueprints/ThirdPersonCharacter.ThirdPersonCharacter_C:ReceiveTick
	Function /Game/ThirdPersonBP/Blueprints/ThirdPersonCharacter.ThirdPersonCharacter_C:ExecuteUbergraph_ThirdPersonCharacter

[2016.11.15-16.25.06:824][249]LogBlueprintUserMessages: [ThirdPersonCharacter_C_0] 7 lives remaining!
[2016.11.15-16.25.11:963][479]LogScript:Warning: Accessed None trying to read property FoodQueueWidget
	ThirdPersonCharacter_C /Game/Maps/Level_01.Level_01:PersistentLevel.ThirdPersonCharacter_C_0
	Function /Game/ThirdPersonBP/Blueprints/ThirdPersonCharacter.ThirdPersonCharacter_C:ExecuteUbergraph_ThirdPersonCharacter:0051
[2016.11.15-16.25.11:963][479]LogScript:Warning: Script call stack:
	Function /Game/ThirdPersonBP/Blueprints/ThirdPersonCharacter.ThirdPersonCharacter_C:ReceiveTick
	Function /Game/ThirdPersonBP/Blueprints/ThirdPersonCharacter.ThirdPersonCharacter_C:ExecuteUbergraph_ThirdPersonCharacter

[2016.11.15-16.25.11:963][479]LogBlueprintUserMessages: [ThirdPersonCharacter_C_0] 6 lives remaining!
[2016.11.15-16.25.44:812][947]LogScript:Warning: Accessed None trying to read property FoodQueueWidget
	ThirdPersonCharacter_C /Game/Maps/Level_01.Level_01:PersistentLevel.ThirdPersonCharacter_C_0
	Function /Game/ThirdPersonBP/Blueprints/ThirdPersonCharacter.ThirdPersonCharacter_C:ExecuteUbergraph_ThirdPersonCharacter:0051
[2016.11.15-16.25.44:812][947]LogScript:Warning: Script call stack:
	Function /Game/ThirdPersonBP/Blueprints/ThirdPersonCharacter.ThirdPersonCharacter_C:ReceiveTick
	Function /Game/ThirdPersonBP/Blueprints/ThirdPersonCharacter.ThirdPersonCharacter_C:ExecuteUbergraph_ThirdPersonCharacter

[2016.11.15-16.25.44:812][947]LogBlueprintUserMessages: [ThirdPersonCharacter_C_0] 5 lives remaining!
[2016.11.15-16.26.13:418][227]LogScript:Warning: Accessed None trying to read property FoodQueueWidget
	ThirdPersonCharacter_C /Game/Maps/Level_01.Level_01:PersistentLevel.ThirdPersonCharacter_C_0
	Function /Game/ThirdPersonBP/Blueprints/ThirdPersonCharacter.ThirdPersonCharacter_C:CollectFood:0663
[2016.11.15-16.26.13:418][227]LogScript:Warning: Script call stack:
	Function /Game/Blueprints/FoodToken.FoodToken_C:ReceiveActorBeginOverlap
	Function /Game/Blueprints/FoodToken.FoodToken_C:ExecuteUbergraph_FoodToken
	Function /Game/ThirdPersonBP/Blueprints/ThirdPersonCharacter.ThirdPersonCharacter_C:CollectFood

[2016.11.15-16.26.13:418][227]LogScript:Warning: Accessed None trying to read property FoodImage
	ThirdPersonCharacter_C /Game/Maps/Level_01.Level_01:PersistentLevel.ThirdPersonCharacter_C_0
	Function /Game/ThirdPersonBP/Blueprints/ThirdPersonCharacter.ThirdPersonCharacter_C:CollectFood:0390
[2016.11.15-16.26.13:418][227]LogScript:Warning: Script call stack:
	Function /Game/Blueprints/FoodToken.FoodToken_C:ReceiveActorBeginOverlap
	Function /Game/Blueprints/FoodToken.FoodToken_C:ExecuteUbergraph_FoodToken
	Function /Game/ThirdPersonBP/Blueprints/ThirdPersonCharacter.ThirdPersonCharacter_C:CollectFood

[2016.11.15-16.26.13:418][227]LogBlueprintUserMessages: [ThirdPersonCharacter_C_0] 5
[2016.11.15-16.26.13:418][227]LogScript:Warning: Accessed None trying to read property FoodQueueWidget
	ThirdPersonCharacter_C /Game/Maps/Level_01.Level_01:PersistentLevel.ThirdPersonCharacter_C_0
	Function /Game/ThirdPersonBP/Blueprints/ThirdPersonCharacter.ThirdPersonCharacter_C:CollectFood:0625
[2016.11.15-16.26.13:418][227]LogScript:Warning: Script call stack:
	Function /Game/Blueprints/FoodToken.FoodToken_C:ReceiveActorBeginOverlap
	Function /Game/Blueprints/FoodToken.FoodToken_C:ExecuteUbergraph_FoodToken
	Function /Game/ThirdPersonBP/Blueprints/ThirdPersonCharacter.ThirdPersonCharacter_C:CollectFood

[2016.11.15-16.26.18:712][464]LogScript:Warning: Accessed None trying to read property FoodQueueWidget
	ThirdPersonCharacter_C /Game/Maps/Level_01.Level_01:PersistentLevel.ThirdPersonCharacter_C_0
	Function /Game/ThirdPersonBP/Blueprints/ThirdPersonCharacter.ThirdPersonCharacter_C:CollectFood:0691
[2016.11.15-16.26.18:712][464]LogScript:Warning: Script call stack:
	Function /Game/Blueprints/FoodToken.FoodToken_C:ReceiveActorBeginOverlap
	Function /Game/Blueprints/FoodToken.FoodToken_C:ExecuteUbergraph_FoodToken
	Function /Game/ThirdPersonBP/Blueprints/ThirdPersonCharacter.ThirdPersonCharacter_C:CollectFood

[2016.11.15-16.26.18:712][464]LogScript:Warning: Accessed None trying to read property FoodImage
	ThirdPersonCharacter_C /Game/Maps/Level_01.Level_01:PersistentLevel.ThirdPersonCharacter_C_0
	Function /Game/ThirdPersonBP/Blueprints/ThirdPersonCharacter.ThirdPersonCharacter_C:CollectFood:0390
[2016.11.15-16.26.18:712][464]LogScript:Warning: Script call stack:
	Function /Game/Blueprints/FoodToken.FoodToken_C:ReceiveActorBeginOverlap
	Function /Game/Blueprints/FoodToken.FoodToken_C:ExecuteUbergraph_FoodToken
	Function /Game/ThirdPersonBP/Blueprints/ThirdPersonCharacter.ThirdPersonCharacter_C:CollectFood

[2016.11.15-16.26.18:712][464]LogBlueprintUserMessages: [ThirdPersonCharacter_C_0] 6
[2016.11.15-16.26.30:685][999]LogScript:Warning: Accessed None trying to read property FoodQueueWidget
	ThirdPersonCharacter_C /Game/Maps/Level_01.Level_01:PersistentLevel.ThirdPersonCharacter_C_0
	Function /Game/ThirdPersonBP/Blueprints/ThirdPersonCharacter.ThirdPersonCharacter_C:CollectFood:06BF
[2016.11.15-16.26.30:685][999]LogScript:Warning: Script call stack:
	Function /Game/Blueprints/FoodToken.FoodToken_C:ReceiveActorBeginOverlap
	Function /Game/Blueprints/FoodToken.FoodToken_C:ExecuteUbergraph_FoodToken
	Function /Game/ThirdPersonBP/Blueprints/ThirdPersonCharacter.ThirdPersonCharacter_C:CollectFood

[2016.11.15-16.26.30:686][999]LogScript:Warning: Accessed None trying to read property FoodImage
	ThirdPersonCharacter_C /Game/Maps/Level_01.Level_01:PersistentLevel.ThirdPersonCharacter_C_0
	Function /Game/ThirdPersonBP/Blueprints/ThirdPersonCharacter.ThirdPersonCharacter_C:CollectFood:0390
[2016.11.15-16.26.30:686][999]LogScript:Warning: Script call stack:
	Function /Game/Blueprints/FoodToken.FoodToken_C:ReceiveActorBeginOverlap
	Function /Game/Blueprints/FoodToken.FoodToken_C:ExecuteUbergraph_FoodToken
	Function /Game/ThirdPersonBP/Blueprints/ThirdPersonCharacter.ThirdPersonCharacter_C:CollectFood

[2016.11.15-16.26.30:686][999]LogBlueprintUserMessages: [ThirdPersonCharacter_C_0] 7
[2016.11.15-16.26.30:999][ 13]LogScript:Warning: Accessed None trying to read property FoodQueueWidget
	ThirdPersonCharacter_C /Game/Maps/Level_01.Level_01:PersistentLevel.ThirdPersonCharacter_C_0
	Function /Game/ThirdPersonBP/Blueprints/ThirdPersonCharacter.ThirdPersonCharacter_C:CollectFood:0371
[2016.11.15-16.26.30:999][ 13]LogScript:Warning: Script call stack:
	Function /Game/Blueprints/FoodToken.FoodToken_C:ReceiveActorBeginOverlap
	Function /Game/Blueprints/FoodToken.FoodToken_C:ExecuteUbergraph_FoodToken
	Function /Game/ThirdPersonBP/Blueprints/ThirdPersonCharacter.ThirdPersonCharacter_C:CollectFood

[2016.11.15-16.26.30:999][ 13]LogScript:Warning: Accessed None trying to read property FoodImage
	ThirdPersonCharacter_C /Game/Maps/Level_01.Level_01:PersistentLevel.ThirdPersonCharacter_C_0
	Function /Game/ThirdPersonBP/Blueprints/ThirdPersonCharacter.ThirdPersonCharacter_C:CollectFood:0390
[2016.11.15-16.26.30:999][ 13]LogScript:Warning: Script call stack:
	Function /Game/Blueprints/FoodToken.FoodToken_C:ReceiveActorBeginOverlap
	Function /Game/Blueprints/FoodToken.FoodToken_C:ExecuteUbergraph_FoodToken
	Function /Game/ThirdPersonBP/Blueprints/ThirdPersonCharacter.ThirdPersonCharacter_C:CollectFood

[2016.11.15-16.26.30:999][ 13]LogBlueprintUserMessages: [ThirdPersonCharacter_C_0] 8
[2016.11.15-16.26.42:738][537]LogScript:Warning: Accessed None trying to read property FoodQueueWidget
	ThirdPersonCharacter_C /Game/Maps/Level_01.Level_01:PersistentLevel.ThirdPersonCharacter_C_0
	Function /Game/ThirdPersonBP/Blueprints/ThirdPersonCharacter.ThirdPersonCharacter_C:CollectFood:06ED
[2016.11.15-16.26.42:738][537]LogScript:Warning: Script call stack:
	Function /Game/Blueprints/FoodToken.FoodToken_C:ReceiveActorBeginOverlap
	Function /Game/Blueprints/FoodToken.FoodToken_C:ExecuteUbergraph_FoodToken
	Function /Game/ThirdPersonBP/Blueprints/ThirdPersonCharacter.ThirdPersonCharacter_C:CollectFood

[2016.11.15-16.26.42:738][537]LogScript:Warning: Accessed None trying to read property FoodImage
	ThirdPersonCharacter_C /Game/Maps/Level_01.Level_01:PersistentLevel.ThirdPersonCharacter_C_0
	Function /Game/ThirdPersonBP/Blueprints/ThirdPersonCharacter.ThirdPersonCharacter_C:CollectFood:0390
[2016.11.15-16.26.42:738][537]LogScript:Warning: Script call stack:
	Function /Game/Blueprints/FoodToken.FoodToken_C:ReceiveActorBeginOverlap
	Function /Game/Blueprints/FoodToken.FoodToken_C:ExecuteUbergraph_FoodToken
	Function /Game/ThirdPersonBP/Blueprints/ThirdPersonCharacter.ThirdPersonCharacter_C:CollectFood

[2016.11.15-16.26.42:738][537]LogBlueprintUserMessages: [ThirdPersonCharacter_C_0] 9
[2016.11.15-16.26.45:977][682]LogScript:Warning: Accessed None trying to read property FoodQueueWidget
	ThirdPersonCharacter_C /Game/Maps/Level_01.Level_01:PersistentLevel.ThirdPersonCharacter_C_0
	Function /Game/ThirdPersonBP/Blueprints/ThirdPersonCharacter.ThirdPersonCharacter_C:ExecuteUbergraph_ThirdPersonCharacter:0051
[2016.11.15-16.26.45:978][682]LogScript:Warning: Script call stack:
	Function /Game/ThirdPersonBP/Blueprints/ThirdPersonCharacter.ThirdPersonCharacter_C:ReceiveTick
	Function /Game/ThirdPersonBP/Blueprints/ThirdPersonCharacter.ThirdPersonCharacter_C:ExecuteUbergraph_ThirdPersonCharacter

[2016.11.15-16.26.45:978][682]LogBlueprintUserMessages: [ThirdPersonCharacter_C_0] 4 lives remaining!
[2016.11.15-16.26.58:141][226]LogScript:Warning: Accessed None trying to read property FoodQueueWidget
	ThirdPersonCharacter_C /Game/Maps/Level_01.Level_01:PersistentLevel.ThirdPersonCharacter_C_0
	Function /Game/ThirdPersonBP/Blueprints/ThirdPersonCharacter.ThirdPersonCharacter_C:CollectFood:0663
[2016.11.15-16.26.58:141][226]LogScript:Warning: Script call stack:
	Function /Game/Blueprints/FoodToken.FoodToken_C:ReceiveActorBeginOverlap
	Function /Game/Blueprints/FoodToken.FoodToken_C:ExecuteUbergraph_FoodToken
	Function /Game/ThirdPersonBP/Blueprints/ThirdPersonCharacter.ThirdPersonCharacter_C:CollectFood

[2016.11.15-16.26.58:141][226]LogScript:Warning: Accessed None trying to read property FoodImage
	ThirdPersonCharacter_C /Game/Maps/Level_01.Level_01:PersistentLevel.ThirdPersonCharacter_C_0
	Function /Game/ThirdPersonBP/Blueprints/ThirdPersonCharacter.ThirdPersonCharacter_C:CollectFood:0390
[2016.11.15-16.26.58:141][226]LogScript:Warning: Script call stack:
	Function /Game/Blueprints/FoodToken.FoodToken_C:ReceiveActorBeginOverlap
	Function /Game/Blueprints/FoodToken.FoodToken_C:ExecuteUbergraph_FoodToken
	Function /Game/ThirdPersonBP/Blueprints/ThirdPersonCharacter.ThirdPersonCharacter_C:CollectFood

[2016.11.15-16.26.58:141][226]LogBlueprintUserMessages: [ThirdPersonCharacter_C_0] 10
[2016.11.15-16.26.58:141][226]LogScript:Warning: Accessed None trying to read property FoodQueueWidget
	ThirdPersonCharacter_C /Game/Maps/Level_01.Level_01:PersistentLevel.ThirdPersonCharacter_C_0
	Function /Game/ThirdPersonBP/Blueprints/ThirdPersonCharacter.ThirdPersonCharacter_C:CollectFood:05F1
[2016.11.15-16.26.58:141][226]LogScript:Warning: Script call stack:
	Function /Game/Blueprints/FoodToken.FoodToken_C:ReceiveActorBeginOverlap
	Function /Game/Blueprints/FoodToken.FoodToken_C:ExecuteUbergraph_FoodToken
	Function /Game/ThirdPersonBP/Blueprints/ThirdPersonCharacter.ThirdPersonCharacter_C:CollectFood

[2016.11.15-16.27.20:324][217]LogScript:Warning: Accessed None trying to read property FoodQueueWidget
	ThirdPersonCharacter_C /Game/Maps/Level_01.Level_01:PersistentLevel.ThirdPersonCharacter_C_0
	Function /Game/ThirdPersonBP/Blueprints/ThirdPersonCharacter.ThirdPersonCharacter_C:CollectFood:0371
[2016.11.15-16.27.20:324][217]LogScript:Warning: Script call stack:
	Function /Game/Blueprints/FoodToken.FoodToken_C:ReceiveActorBeginOverlap
	Function /Game/Blueprints/FoodToken.FoodToken_C:ExecuteUbergraph_FoodToken
	Function /Game/ThirdPersonBP/Blueprints/ThirdPersonCharacter.ThirdPersonCharacter_C:CollectFood

[2016.11.15-16.27.20:324][217]LogScript:Warning: Accessed None trying to read property FoodImage
	ThirdPersonCharacter_C /Game/Maps/Level_01.Level_01:PersistentLevel.ThirdPersonCharacter_C_0
	Function /Game/ThirdPersonBP/Blueprints/ThirdPersonCharacter.ThirdPersonCharacter_C:CollectFood:0390
[2016.11.15-16.27.20:324][217]LogScript:Warning: Script call stack:
	Function /Game/Blueprints/FoodToken.FoodToken_C:ReceiveActorBeginOverlap
	Function /Game/Blueprints/FoodToken.FoodToken_C:ExecuteUbergraph_FoodToken
	Function /Game/ThirdPersonBP/Blueprints/ThirdPersonCharacter.ThirdPersonCharacter_C:CollectFood

[2016.11.15-16.27.20:324][217]LogBlueprintUserMessages: [ThirdPersonCharacter_C_0] 11
[2016.11.15-16.27.22:647][321]LogScript:Warning: Accessed None trying to read property FoodQueueWidget
	ThirdPersonCharacter_C /Game/Maps/Level_01.Level_01:PersistentLevel.ThirdPersonCharacter_C_0
	Function /Game/ThirdPersonBP/Blueprints/ThirdPersonCharacter.ThirdPersonCharacter_C:CollectFood:0691
[2016.11.15-16.27.22:647][321]LogScript:Warning: Script call stack:
	Function /Game/Blueprints/FoodToken.FoodToken_C:ReceiveActorBeginOverlap
	Function /Game/Blueprints/FoodToken.FoodToken_C:ExecuteUbergraph_FoodToken
	Function /Game/ThirdPersonBP/Blueprints/ThirdPersonCharacter.ThirdPersonCharacter_C:CollectFood

[2016.11.15-16.27.22:647][321]LogScript:Warning: Accessed None trying to read property FoodImage
	ThirdPersonCharacter_C /Game/Maps/Level_01.Level_01:PersistentLevel.ThirdPersonCharacter_C_0
	Function /Game/ThirdPersonBP/Blueprints/ThirdPersonCharacter.ThirdPersonCharacter_C:CollectFood:0390
[2016.11.15-16.27.22:647][321]LogScript:Warning: Script call stack:
	Function /Game/Blueprints/FoodToken.FoodToken_C:ReceiveActorBeginOverlap
	Function /Game/Blueprints/FoodToken.FoodToken_C:ExecuteUbergraph_FoodToken
	Function /Game/ThirdPersonBP/Blueprints/ThirdPersonCharacter.ThirdPersonCharacter_C:CollectFood

[2016.11.15-16.27.22:647][321]LogBlueprintUserMessages: [ThirdPersonCharacter_C_0] 12
[2016.11.15-16.27.31:058][697]LogScript:Warning: Accessed None trying to read property FoodQueueWidget
	ThirdPersonCharacter_C /Game/Maps/Level_01.Level_01:PersistentLevel.ThirdPersonCharacter_C_0
	Function /Game/ThirdPersonBP/Blueprints/ThirdPersonCharacter.ThirdPersonCharacter_C:ExecuteUbergraph_ThirdPersonCharacter:0051
[2016.11.15-16.27.31:058][697]LogScript:Warning: Script call stack:
	Function /Game/ThirdPersonBP/Blueprints/ThirdPersonCharacter.ThirdPersonCharacter_C:ReceiveTick
	Function /Game/ThirdPersonBP/Blueprints/ThirdPersonCharacter.ThirdPersonCharacter_C:ExecuteUbergraph_ThirdPersonCharacter

[2016.11.15-16.27.31:058][697]LogBlueprintUserMessages: [ThirdPersonCharacter_C_0] 3 lives remaining!
[2016.11.15-16.27.45:199][330]LogScript:Warning: Accessed None trying to read property FoodQueueWidget
	ThirdPersonCharacter_C /Game/Maps/Level_01.Level_01:PersistentLevel.ThirdPersonCharacter_C_0
	Function /Game/ThirdPersonBP/Blueprints/ThirdPersonCharacter.ThirdPersonCharacter_C:CollectFood:06ED
[2016.11.15-16.27.45:199][330]LogScript:Warning: Script call stack:
	Function /Game/Blueprints/FoodToken.FoodToken_C:ReceiveActorBeginOverlap
	Function /Game/Blueprints/FoodToken.FoodToken_C:ExecuteUbergraph_FoodToken
	Function /Game/ThirdPersonBP/Blueprints/ThirdPersonCharacter.ThirdPersonCharacter_C:CollectFood

[2016.11.15-16.27.45:199][330]LogScript:Warning: Accessed None trying to read property FoodImage
	ThirdPersonCharacter_C /Game/Maps/Level_01.Level_01:PersistentLevel.ThirdPersonCharacter_C_0
	Function /Game/ThirdPersonBP/Blueprints/ThirdPersonCharacter.ThirdPersonCharacter_C:CollectFood:0390
[2016.11.15-16.27.45:199][330]LogScript:Warning: Script call stack:
	Function /Game/Blueprints/FoodToken.FoodToken_C:ReceiveActorBeginOverlap
	Function /Game/Blueprints/FoodToken.FoodToken_C:ExecuteUbergraph_FoodToken
	Function /Game/ThirdPersonBP/Blueprints/ThirdPersonCharacter.ThirdPersonCharacter_C:CollectFood

[2016.11.15-16.27.45:199][330]LogBlueprintUserMessages: [ThirdPersonCharacter_C_0] 13
[2016.11.15-16.27.51:521][613]LogScript:Warning: Accessed None trying to read property FoodQueueWidget
	ThirdPersonCharacter_C /Game/Maps/Level_01.Level_01:PersistentLevel.ThirdPersonCharacter_C_0
	Function /Game/ThirdPersonBP/Blueprints/ThirdPersonCharacter.ThirdPersonCharacter_C:ExecuteUbergraph_ThirdPersonCharacter:0051
[2016.11.15-16.27.51:521][613]LogScript:Warning: Script call stack:
	Function /Game/ThirdPersonBP/Blueprints/ThirdPersonCharacter.ThirdPersonCharacter_C:ReceiveTick
	Function /Game/ThirdPersonBP/Blueprints/ThirdPersonCharacter.ThirdPersonCharacter_C:ExecuteUbergraph_ThirdPersonCharacter

[2016.11.15-16.27.51:521][613]LogBlueprintUserMessages: [ThirdPersonCharacter_C_0] 2 lives remaining!
[2016.11.15-16.28.13:714][606]LogScript:Warning: Accessed None trying to read property FoodQueueWidget
	ThirdPersonCharacter_C /Game/Maps/Level_01.Level_01:PersistentLevel.ThirdPersonCharacter_C_0
	Function /Game/ThirdPersonBP/Blueprints/ThirdPersonCharacter.ThirdPersonCharacter_C:CollectFood:06BF
[2016.11.15-16.28.13:715][606]LogScript:Warning: Script call stack:
	Function /Game/Blueprints/FoodToken.FoodToken_C:ReceiveActorBeginOverlap
	Function /Game/Blueprints/FoodToken.FoodToken_C:ExecuteUbergraph_FoodToken
	Function /Game/ThirdPersonBP/Blueprints/ThirdPersonCharacter.ThirdPersonCharacter_C:CollectFood

[2016.11.15-16.28.13:715][606]LogScript:Warning: Accessed None trying to read property FoodImage
	ThirdPersonCharacter_C /Game/Maps/Level_01.Level_01:PersistentLevel.ThirdPersonCharacter_C_0
	Function /Game/ThirdPersonBP/Blueprints/ThirdPersonCharacter.ThirdPersonCharacter_C:CollectFood:0390
[2016.11.15-16.28.13:715][606]LogScript:Warning: Script call stack:
	Function /Game/Blueprints/FoodToken.FoodToken_C:ReceiveActorBeginOverlap
	Function /Game/Blueprints/FoodToken.FoodToken_C:ExecuteUbergraph_FoodToken
	Function /Game/ThirdPersonBP/Blueprints/ThirdPersonCharacter.ThirdPersonCharacter_C:CollectFood

[2016.11.15-16.28.13:715][606]LogBlueprintUserMessages: [ThirdPersonCharacter_C_0] 14
[2016.11.15-16.28.15:167][671]LogScript:Warning: Accessed None trying to read property FoodQueueWidget
	ThirdPersonCharacter_C /Game/Maps/Level_01.Level_01:PersistentLevel.ThirdPersonCharacter_C_0
	Function /Game/ThirdPersonBP/Blueprints/ThirdPersonCharacter.ThirdPersonCharacter_C:ExecuteUbergraph_ThirdPersonCharacter:0051
[2016.11.15-16.28.15:167][671]LogScript:Warning: Script call stack:
	Function /Game/ThirdPersonBP/Blueprints/ThirdPersonCharacter.ThirdPersonCharacter_C:ReceiveTick
	Function /Game/ThirdPersonBP/Blueprints/ThirdPersonCharacter.ThirdPersonCharacter_C:ExecuteUbergraph_ThirdPersonCharacter

[2016.11.15-16.28.15:167][671]LogBlueprintUserMessages: [ThirdPersonCharacter_C_0] 1 lives remaining!
[2016.11.15-16.29.04:771][891]LogScript:Warning: Accessed None trying to read property FoodQueueWidget
	ThirdPersonCharacter_C /Game/Maps/Level_01.Level_01:PersistentLevel.ThirdPersonCharacter_C_0
	Function /Game/ThirdPersonBP/Blueprints/ThirdPersonCharacter.ThirdPersonCharacter_C:CollectFood:0663
[2016.11.15-16.29.04:771][891]LogScript:Warning: Script call stack:
	Function /Game/Blueprints/FoodToken.FoodToken_C:ReceiveActorBeginOverlap
	Function /Game/Blueprints/FoodToken.FoodToken_C:ExecuteUbergraph_FoodToken
	Function /Game/ThirdPersonBP/Blueprints/ThirdPersonCharacter.ThirdPersonCharacter_C:CollectFood

[2016.11.15-16.29.04:771][891]LogScript:Warning: Accessed None trying to read property FoodImage
	ThirdPersonCharacter_C /Game/Maps/Level_01.Level_01:PersistentLevel.ThirdPersonCharacter_C_0
	Function /Game/ThirdPersonBP/Blueprints/ThirdPersonCharacter.ThirdPersonCharacter_C:CollectFood:0390
[2016.11.15-16.29.04:771][891]LogScript:Warning: Script call stack:
	Function /Game/Blueprints/FoodToken.FoodToken_C:ReceiveActorBeginOverlap
	Function /Game/Blueprints/FoodToken.FoodToken_C:ExecuteUbergraph_FoodToken
	Function /Game/ThirdPersonBP/Blueprints/ThirdPersonCharacter.ThirdPersonCharacter_C:CollectFood

[2016.11.15-16.29.04:771][891]LogBlueprintUserMessages: [ThirdPersonCharacter_C_0] 15
[2016.11.15-16.29.14:043][306]LogScript:Warning: Accessed None trying to read property FoodQueueWidget
	ThirdPersonCharacter_C /Game/Maps/Level_01.Level_01:PersistentLevel.ThirdPersonCharacter_C_0
	Function /Game/ThirdPersonBP/Blueprints/ThirdPersonCharacter.ThirdPersonCharacter_C:ExecuteUbergraph_ThirdPersonCharacter:0051
[2016.11.15-16.29.14:043][306]LogScript:Warning: Script call stack:
	Function /Game/ThirdPersonBP/Blueprints/ThirdPersonCharacter.ThirdPersonCharacter_C:ReceiveTick
	Function /Game/ThirdPersonBP/Blueprints/ThirdPersonCharacter.ThirdPersonCharacter_C:ExecuteUbergraph_ThirdPersonCharacter

[2016.11.15-16.29.14:043][306]LogBlueprintUserMessages: [ThirdPersonCharacter_C_0] 0 lives remaining!
[2016.11.15-16.29.38:261][390]LogSlate: Request Window 'Ratchet02 (64-bit, PCD3D_SM5)' being destroyed
[2016.11.15-16.29.38:324][390]LogSlate: Window 'Ratchet02 (64-bit, PCD3D_SM5)' being destroyed
[2016.11.15-16.29.38:324][390]LogWindowsTextInputMethodSystem:Display: IME system now deactivated.
[2016.11.15-16.29.38:329][390]LogSlate: HittestGrid destroyed
[2016.11.15-16.29.38:331][391]LogEngine: All Windows Closed
[2016.11.15-16.29.38:331][391]LogWindows: FPlatformMisc::RequestExit(0)
[2016.11.15-16.29.38:331][392]LogMoviePlayer: Shutting down movie player
[2016.11.15-16.29.38:467][392]LogNet: World NetDriver shutdown SteamNetDriver_0 [GameNetDriver]
[2016.11.15-16.29.38:467][392]LogNet: DestroyNamedNetDriver SteamNetDriver_0 [GameNetDriver]
[2016.11.15-16.29.38:467][392]LogNet: UNetConnection::Cleanup: Closing open connection. [UNetConnection] RemoteAddr: 76561198116157515:7777, Name: SteamNetConnection_0, Driver: GameNetDriver SteamNetDriver_0, IsServer: YES, PC: MyPlayerController_C_1, Owner: MyPlayerController_C_1
[2016.11.15-16.29.38:468][392]LogNet: UNetConnection::Close: [UNetConnection] RemoteAddr: 76561198116157515:7777, Name: SteamNetConnection_0, Driver: GameNetDriver SteamNetDriver_0, IsServer: YES, PC: MyPlayerController_C_1, Owner: MyPlayerController_C_1, Channels: 12, Time: 2016.11.15-16.29.38
[2016.11.15-16.29.38:468][392]LogNet: UChannel::Close: Sending CloseBunch. ChIndex == 0. Name: [UChannel] ChIndex: 0, Closing: 0 [UNetConnection] RemoteAddr: 76561198116157515:7777, Name: SteamNetConnection_0, Driver: GameNetDriver SteamNetDriver_0, IsServer: YES, PC: MyPlayerController_C_1, Owner: MyPlayerController_C_1
[2016.11.15-16.29.38:468][392]LogExit: GameNetDriver SteamNetDriver_0 shut down
[2016.11.15-16.29.38:491][392]LogExit: Preparing to exit.
[2016.11.15-16.29.38:537][392]LogExit: Game engine shut down
[2016.11.15-16.29.38:601][392]LogObj: Freed 32b from 1 cluster array pools.
[2016.11.15-16.29.38:601][392]LogExit: Object subsystem successfully closed.
[2016.11.15-16.29.38:610][392]LogD3D11RHI: Shutdown
[2016.11.15-16.29.38:611][392]LogD3D11RHI: CleanupD3DDevice
[2016.11.15-16.29.38:612][392]LogD3D11RHI: ~FD3D11DynamicRHI
[2016.11.15-16.29.38:612][392]LogModuleManager: Shutting down and abandoning module AutomationController (67)
[2016.11.15-16.29.38:612][392]LogModuleManager: Shutting down and abandoning module AutomationWorker (66)
[2016.11.15-16.29.38:612][392]LogModuleManager: Shutting down and abandoning module GameplayDebugger (65)
[2016.11.15-16.29.38:612][392]LogModuleManager: Shutting down and abandoning module AIModule (64)
[2016.11.15-16.29.38:612][392]LogModuleManager: Shutting down and abandoning module WmfMediaFactory (63)
[2016.11.15-16.29.38:612][392]LogModuleManager: Shutting down and abandoning module AvfMediaFactory (62)
[2016.11.15-16.29.38:612][392]LogModuleManager: Shutting down and abandoning module Media (61)
[2016.11.15-16.29.38:612][392]LogModuleManager: Shutting down and abandoning module AndroidMediaFactory (60)
[2016.11.15-16.29.38:612][392]LogModuleManager: Shutting down and abandoning module CharacterAI (59)
[2016.11.15-16.29.38:613][392]LogModuleManager: Shutting down and abandoning module SessionServices (58)
[2016.11.15-16.29.38:613][392]LogModuleManager: Shutting down and abandoning module Niagara (57)
[2016.11.15-16.29.38:613][392]LogModuleManager: Shutting down and abandoning module StreamingPauseRendering (56)
[2016.11.15-16.29.38:613][392]LogModuleManager: Shutting down and abandoning module AnalyticsET (55)
[2016.11.15-16.29.38:613][392]LogModuleManager: Shutting down and abandoning module ProfilerService (54)
[2016.11.15-16.29.38:748][392]LogModuleManager: Shutting down and abandoning module TaskGraph (53)
[2016.11.15-16.29.38:748][392]LogModuleManager: Shutting down and abandoning module SlateRemote (52)
[2016.11.15-16.29.38:748][392]LogModuleManager: Shutting down and abandoning module SteamVRController (51)
[2016.11.15-16.29.38:748][392]LogModuleManager: Shutting down and abandoning module SteamVR (50)
[2016.11.15-16.29.38:748][392]LogModuleManager: Shutting down and abandoning module ProceduralMeshComponent (49)
[2016.11.15-16.29.38:748][392]LogModuleManager: Shutting down and abandoning module OculusLibrary (48)
[2016.11.15-16.29.38:748][392]LogModuleManager: Shutting down and abandoning module OculusInput (47)
[2016.11.15-16.29.38:748][392]LogModuleManager: Shutting down and abandoning module CustomMeshComponent (46)
[2016.11.15-16.29.38:748][392]LogModuleManager: Shutting down and abandoning module CableComponent (45)
[2016.11.15-16.29.38:748][392]LogModuleManager: Shutting down and abandoning module ArchVisCharacter (44)
[2016.11.15-16.29.38:748][392]LogModuleManager: Shutting down and abandoning module HTML5Networking (42)
[2016.11.15-16.29.38:748][392]LogModuleManager: Shutting down and abandoning module UdpMessaging (41)
[2016.11.15-16.29.38:748][392]LogModuleManager: Shutting down and abandoning module TcpMessaging (40)
[2016.11.15-16.29.38:748][392]LogModuleManager: Shutting down and abandoning module LightPropagationVolumeRuntime (39)
[2016.11.15-16.29.38:748][392]LogModuleManager: Shutting down and abandoning module Paper2D (38)
[2016.11.15-16.29.38:748][392]LogModuleManager: Shutting down and abandoning module WindowsMoviePlayer (37)
[2016.11.15-16.29.38:748][392]LogModuleManager: Shutting down and abandoning module WmfMedia (36)
[2016.11.15-16.29.38:748][392]LogModuleManager: Shutting down and abandoning module ImageWrapper (35)
[2016.11.15-16.29.38:748][392]LogModuleManager: Shutting down and abandoning module MediaAssets (34)
[2016.11.15-16.29.38:748][392]LogModuleManager: Shutting down and abandoning module GameLiveStreaming (33)
[2016.11.15-16.29.38:748][392]LogModuleManager: Shutting down and abandoning module UMG (32)
[2016.11.15-16.29.38:748][392]LogModuleManager: Shutting down and abandoning module SlateReflector (31)
[2016.11.15-16.29.38:748][392]LogModuleManager: Shutting down and abandoning module Slate (30)
[2016.11.15-16.29.38:748][392]LogModuleManager: Shutting down and abandoning module Messaging (29)
[2016.11.15-16.29.38:748][392]LogModuleManager: Shutting down and abandoning module HeadMountedDisplay (28)
[2016.11.15-16.29.38:748][392]LogModuleManager: Shutting down and abandoning module XAudio2 (27)
[2016.11.15-16.29.38:748][392]LogModuleManager: Shutting down and abandoning module Networking (26)
[2016.11.15-16.29.38:748][392]LogModuleManager: Shutting down and abandoning module Core (25)
[2016.11.15-16.29.38:748][392]LogModuleManager: Shutting down and abandoning module AssetRegistry (24)
[2016.11.15-16.29.38:749][392]LogModuleManager: Shutting down and abandoning module InputCore (23)
[2016.11.15-16.29.38:749][392]LogModuleManager: Shutting down and abandoning module OculusRift (22)
[2016.11.15-16.29.38:749][392]LogModuleManager: Shutting down and abandoning module GearVR (21)
[2016.11.15-16.29.38:749][392]LogModuleManager: Shutting down and abandoning module ExampleDeviceProfileSelector (20)
[2016.11.15-16.29.38:749][392]LogModuleManager: Shutting down and abandoning module OnlineSubsystem (16)
[2016.11.15-16.29.38:749][392]LogOnline:Display: STEAM: OnlineSubsystemSteam::Shutdown()
[2016.11.15-16.29.38:764][392]LogOnline:Display: Unloading online subsystem: Steam
[2016.11.15-16.29.38:764][392]LogOnline:Display: STEAM: OnlineSubsystemSteam::Shutdown()
[2016.11.15-16.29.38:764][392]LogOnline:Display: Unloading online subsystem: NULL
[2016.11.15-16.29.38:764][392]LogModuleManager: Shutting down and abandoning module HTTP (15)
[2016.11.15-16.29.38:764][392]LogHttp:Display: Http module shutting down, but needs to wait on 1 outstanding Http requests:
[2016.11.15-16.29.38:764][392]LogHttp:Display: 	verb=[POST] url=[https://datarouter.ol.epicgames.com/datarouter/api/v1/public/data?SessionID=%7B4E10839B-4D5B-FC10-62B8-DFB6515AE4C6%7D&AppID=UEGame.Rocket.Release%7C57D58F574453EC61FAFB08ABDCA221E5%7CUE4Game&AppVersion=%2B%2BUE4%2BRelease-4.13-CL-3106830&UserID=ANON-%7BED268E78-403D-9EAB-4648-40AF2C12A3C9%7D&AppEnvironment=datacollector-binary&UploadType=eteventstream] status=Processing
[2016.11.15-16.29.38:779][392]LogModuleManager: Shutting down and abandoning module ShaderCore (13)
[2016.11.15-16.29.38:779][392]LogModuleManager: Shutting down and abandoning module Landscape (12)
[2016.11.15-16.29.38:779][392]LogModuleManager: Shutting down and abandoning module SlateRHIRenderer (11)
[2016.11.15-16.29.38:780][392]LogModuleManager: Shutting down and abandoning module OpenGLDrv (10)
[2016.11.15-16.29.38:780][392]LogModuleManager: Shutting down and abandoning module D3D11RHI (9)
[2016.11.15-16.29.38:780][392]LogModuleManager: Shutting down and abandoning module AnimGraphRuntime (8)
[2016.11.15-16.29.38:780][392]LogModuleManager: Shutting down and abandoning module Renderer (7)
[2016.11.15-16.29.38:780][392]LogModuleManager: Shutting down and abandoning module Engine (6)
[2016.11.15-16.29.38:780][392]LogModuleManager: Shutting down and abandoning module CoreUObject (5)
[2016.11.15-16.29.38:780][392]LogModuleManager: Shutting down and abandoning module NetworkFile (4)
[2016.11.15-16.29.38:780][392]LogModuleManager: Shutting down and abandoning module StreamingFile (3)
[2016.11.15-16.29.38:780][392]LogModuleManager: Shutting down and abandoning module SandboxFile (2)
[2016.11.15-16.29.38:780][392]LogModuleManager: Shutting down and abandoning module PakFile (1)
[2016.11.15-16.29.38:780][392]LogExit: Exiting.
[2016.11.15-16.29.38:782][392]Log file closed, 11/15/16 11:29:38
