Log file open, 11/08/16 11:21:41
LogInit:Display: Running engine for game: Ratchet02
LogPlatformFile: Not using cached read wrapper
LogInit:Display: RandInit(-1930441651) SRandInit(-1930441651).
LogTaskGraph: Started task graph with 5 named threads and 14 total threads with 1 sets of task threads.
LogStats: Stats thread started at 0.142715
LogPluginManager: Loaded Plugin Paper2D, From C:/Program Files (x86)/Epic Games/4.13/Engine/Plugins/2D/Paper2D/Paper2D.uplugin
LogPluginManager: Loaded Plugin LightPropagationVolume, From C:/Program Files (x86)/Epic Games/4.13/Engine/Plugins/Blendables/LightPropagationVolume/LightPropagationVolume.uplugin
LogPluginManager: Loaded Plugin BlankPlugin, From C:/Program Files (x86)/Epic Games/4.13/Engine/Plugins/Developer/BlankPlugin/BlankPlugin.uplugin
LogPluginManager: Loaded Plugin CodeLiteSourceCodeAccess, From C:/Program Files (x86)/Epic Games/4.13/Engine/Plugins/Developer/CodeLiteSourceCodeAccess/CodeLiteSourceCodeAccess.uplugin
LogPluginManager: Loaded Plugin GitSourceControl, From C:/Program Files (x86)/Epic Games/4.13/Engine/Plugins/Developer/GitSourceControl/GitSourceControl.uplugin
LogPluginManager: Loaded Plugin KDevelopSourceCodeAccess, From C:/Program Files (x86)/Epic Games/4.13/Engine/Plugins/Developer/KDevelopSourceCodeAccess/KDevelopSourceCodeAccess.uplugin
LogPluginManager: Loaded Plugin NullSourceCodeAccess, From C:/Program Files (x86)/Epic Games/4.13/Engine/Plugins/Developer/NullSourceCodeAccess/NullSourceCodeAccess.uplugin
LogPluginManager: Loaded Plugin OneSkyLocalizationService, From C:/Program Files (x86)/Epic Games/4.13/Engine/Plugins/Developer/OneSkyLocalizationService/OneSkyLocalizationService.uplugin
LogPluginManager: Loaded Plugin PerforceSourceControl, From C:/Program Files (x86)/Epic Games/4.13/Engine/Plugins/Developer/PerforceSourceControl/PerforceSourceControl.uplugin
LogPluginManager: Loaded Plugin SubversionSourceControl, From C:/Program Files (x86)/Epic Games/4.13/Engine/Plugins/Developer/SubversionSourceControl/SubversionSourceControl.uplugin
LogPluginManager: Loaded Plugin UObjectPlugin, From C:/Program Files (x86)/Epic Games/4.13/Engine/Plugins/Developer/UObjectPlugin/UObjectPlugin.uplugin
LogPluginManager: Loaded Plugin VisualStudioSourceCodeAccess, From C:/Program Files (x86)/Epic Games/4.13/Engine/Plugins/Developer/VisualStudioSourceCodeAccess/VisualStudioSourceCodeAccess.uplugin
LogPluginManager: Loaded Plugin XCodeSourceCodeAccess, From C:/Program Files (x86)/Epic Games/4.13/Engine/Plugins/Developer/XCodeSourceCodeAccess/XCodeSourceCodeAccess.uplugin
LogPluginManager: Loaded Plugin EpicSurvey, From C:/Program Files (x86)/Epic Games/4.13/Engine/Plugins/Editor/EpicSurvey/EpicSurvey.uplugin
LogPluginManager: Loaded Plugin MacGraphicsSwitching, From C:/Program Files (x86)/Epic Games/4.13/Engine/Plugins/Editor/MacGraphicsSwitching/MacGraphicsSwitching.uplugin
LogPluginManager: Loaded Plugin MobileLauncherProfileWizard, From C:/Program Files (x86)/Epic Games/4.13/Engine/Plugins/Editor/MobileLauncherProfileWizard/MobileLauncherProfileWizard.uplugin
LogPluginManager: Loaded Plugin PluginBrowser, From C:/Program Files (x86)/Epic Games/4.13/Engine/Plugins/Editor/PluginBrowser/PluginBrowser.uplugin
LogPluginManager: Loaded Plugin SpeedTreeImporter, From C:/Program Files (x86)/Epic Games/4.13/Engine/Plugins/Editor/SpeedTreeImporter/SpeedTreeImporter.uplugin
LogPluginManager: Loaded Plugin SuperSearchEditor, From C:/Program Files (x86)/Epic Games/4.13/Engine/Plugins/Editor/SuperSearchEditor/SuperSearchEditor.uplugin
LogPluginManager: Loaded Plugin AlembicImporter, From C:/Program Files (x86)/Epic Games/4.13/Engine/Plugins/Experimental/AlembicImporter/AlembicImporter.uplugin
LogPluginManager: Loaded Plugin BlueprintStats, From C:/Program Files (x86)/Epic Games/4.13/Engine/Plugins/Experimental/BlueprintStats/BlueprintStats.uplugin
LogPluginManager: Loaded Plugin CharacterAI, From C:/Program Files (x86)/Epic Games/4.13/Engine/Plugins/Experimental/CharacterAI/CharacterAI.uplugin
LogPluginManager: Loaded Plugin CodeEditor, From C:/Program Files (x86)/Epic Games/4.13/Engine/Plugins/Experimental/CodeEditor/CodeEditor.uplugin
LogPluginManager: Loaded Plugin CodeView, From C:/Program Files (x86)/Epic Games/4.13/Engine/Plugins/Experimental/CodeView/CodeView.uplugin
LogPluginManager: Loaded Plugin HTML5Networking, From C:/Program Files (x86)/Epic Games/4.13/Engine/Plugins/Experimental/HTML5Networking/HTML5Networking.uplugin
LogPluginManager: Loaded Plugin LiveEditor, From C:/Program Files (x86)/Epic Games/4.13/Engine/Plugins/Experimental/LiveEditor/LiveEditor.uplugin
LogPluginManager: Loaded Plugin OSVR, From C:/Program Files (x86)/Epic Games/4.13/Engine/Plugins/Experimental/OSVR/OSVR.uplugin
LogPluginManager: Loaded Plugin Phya, From C:/Program Files (x86)/Epic Games/4.13/Engine/Plugins/Experimental/Phya/Phya.uplugin
LogPluginManager: Loaded Plugin SignificanceManager, From C:/Program Files (x86)/Epic Games/4.13/Engine/Plugins/Experimental/SignificanceManager/SignificanceManager.uplugin
LogPluginManager: Loaded Plugin SimpleHMD, From C:/Program Files (x86)/Epic Games/4.13/Engine/Plugins/Experimental/SimpleHMD/SimpleHMD.uplugin
LogPluginManager: Loaded Plugin StereoPanorama, From C:/Program Files (x86)/Epic Games/4.13/Engine/Plugins/Experimental/StereoPanorama/StereoPanorama.uplugin
LogPluginManager: Loaded Plugin StructBox, From C:/Program Files (x86)/Epic Games/4.13/Engine/Plugins/Experimental/StructBox/StructBox.uplugin
LogPluginManager: Loaded Plugin AndroidMedia, From C:/Program Files (x86)/Epic Games/4.13/Engine/Plugins/Media/AndroidMedia/AndroidMedia.uplugin
LogPluginManager: Loaded Plugin AvfMedia, From C:/Program Files (x86)/Epic Games/4.13/Engine/Plugins/Media/AvfMedia/AvfMedia.uplugin
LogPluginManager: Loaded Plugin MediaPlayerEditor, From C:/Program Files (x86)/Epic Games/4.13/Engine/Plugins/Media/MediaPlayerEditor/MediaPlayerEditor.uplugin
LogPluginManager: Loaded Plugin WmfMedia, From C:/Program Files (x86)/Epic Games/4.13/Engine/Plugins/Media/WmfMedia/WmfMedia.uplugin
LogPluginManager: Loaded Plugin MessagingDebugger, From C:/Program Files (x86)/Epic Games/4.13/Engine/Plugins/Messaging/MessagingDebugger/MessagingDebugger.uplugin
LogPluginManager: Loaded Plugin TcpMessaging, From C:/Program Files (x86)/Epic Games/4.13/Engine/Plugins/Messaging/TcpMessaging/TcpMessaging.uplugin
LogPluginManager: Loaded Plugin UdpMessaging, From C:/Program Files (x86)/Epic Games/4.13/Engine/Plugins/Messaging/UdpMessaging/UdpMessaging.uplugin
LogPluginManager: Loaded Plugin LevelSequenceEditor, From C:/Program Files (x86)/Epic Games/4.13/Engine/Plugins/MovieScene/LevelSequenceEditor/LevelSequenceEditor.uplugin
LogPluginManager: Loaded Plugin MatineeToLevelSequence, From C:/Program Files (x86)/Epic Games/4.13/Engine/Plugins/MovieScene/MatineeToLevelSequence/MatineeToLevelSequence.uplugin
LogPluginManager: Loaded Plugin NetcodeUnitTest, From C:/Program Files (x86)/Epic Games/4.13/Engine/Plugins/NetcodeUnitTest/NetcodeUnitTest/NetcodeUnitTest.uplugin
LogPluginManager: Loaded Plugin NUTUnrealEngine4, From C:/Program Files (x86)/Epic Games/4.13/Engine/Plugins/NetcodeUnitTest/NUTUnrealEngine4/NUTUnrealEngine4.uplugin
LogPluginManager: Loaded Plugin OnlineSubsystemGooglePlay, From C:/Program Files (x86)/Epic Games/4.13/Engine/Plugins/Online/Android/OnlineSubsystemGooglePlay/OnlineSubsystemGooglePlay.uplugin
LogPluginManager: Loaded Plugin OnlineSubsystemIOS, From C:/Program Files (x86)/Epic Games/4.13/Engine/Plugins/Online/IOS/OnlineSubsystemIOS/OnlineSubsystemIOS.uplugin
LogPluginManager: Loaded Plugin OnlineFramework, From C:/Program Files (x86)/Epic Games/4.13/Engine/Plugins/Online/OnlineFramework/OnlineFramework.uplugin
LogPluginManager: Loaded Plugin OnlineSubsystem, From C:/Program Files (x86)/Epic Games/4.13/Engine/Plugins/Online/OnlineSubsystem/OnlineSubsystem.uplugin
LogPluginManager: Loaded Plugin OnlineSubsystemAmazon, From C:/Program Files (x86)/Epic Games/4.13/Engine/Plugins/Online/OnlineSubsystemAmazon/OnlineSubsystemAmazon.uplugin
LogPluginManager: Loaded Plugin OnlineSubsystemFacebook, From C:/Program Files (x86)/Epic Games/4.13/Engine/Plugins/Online/OnlineSubsystemFacebook/OnlineSubsystemFacebook.uplugin
LogPluginManager: Loaded Plugin OnlineSubsystemNull, From C:/Program Files (x86)/Epic Games/4.13/Engine/Plugins/Online/OnlineSubsystemNull/OnlineSubsystemNull.uplugin
LogPluginManager: Loaded Plugin OnlineSubsystemOculus, From C:/Program Files (x86)/Epic Games/4.13/Engine/Plugins/Online/OnlineSubsystemOculus/OnlineSubsystemOculus.uplugin
LogPluginManager: Loaded Plugin OnlineSubsystemSteam, From C:/Program Files (x86)/Epic Games/4.13/Engine/Plugins/Online/OnlineSubsystemSteam/OnlineSubsystemSteam.uplugin
LogPluginManager: Loaded Plugin OnlineSubsystemUtils, From C:/Program Files (x86)/Epic Games/4.13/Engine/Plugins/Online/OnlineSubsystemUtils/OnlineSubsystemUtils.uplugin
LogPluginManager: Loaded Plugin IOSTapJoy, From C:/Program Files (x86)/Epic Games/4.13/Engine/Plugins/Runtime/Advertising/IOSTapJoy/IOSTapJoy.uplugin
LogPluginManager: Loaded Plugin AnalyticsBlueprintLibrary, From C:/Program Files (x86)/Epic Games/4.13/Engine/Plugins/Runtime/Analytics/AnalyticsBlueprintLibrary/AnalyticsBlueprintLibrary.uplugin
LogPluginManager: Loaded Plugin AnalyticsMulticast, From C:/Program Files (x86)/Epic Games/4.13/Engine/Plugins/Runtime/Analytics/AnalyticsMulticast/AnalyticsMulticast.uplugin
LogPluginManager: Loaded Plugin Apsalar, From C:/Program Files (x86)/Epic Games/4.13/Engine/Plugins/Runtime/Analytics/Apsalar/Apsalar.uplugin
LogPluginManager: Loaded Plugin FileLogging, From C:/Program Files (x86)/Epic Games/4.13/Engine/Plugins/Runtime/Analytics/FileLogging/FileLogging.uplugin
LogPluginManager: Loaded Plugin Flurry, From C:/Program Files (x86)/Epic Games/4.13/Engine/Plugins/Runtime/Analytics/Flurry/Flurry.uplugin
LogPluginManager: Loaded Plugin AndroidDeviceProfileSelector, From C:/Program Files (x86)/Epic Games/4.13/Engine/Plugins/Runtime/AndroidDeviceProfileSelector/AndroidDeviceProfileSelector.uplugin
LogPluginManager: Loaded Plugin AndroidMoviePlayer, From C:/Program Files (x86)/Epic Games/4.13/Engine/Plugins/Runtime/AndroidMoviePlayer/AndroidMoviePlayer.uplugin
LogPluginManager: Loaded Plugin AppleMoviePlayer, From C:/Program Files (x86)/Epic Games/4.13/Engine/Plugins/Runtime/AppleMoviePlayer/AppleMoviePlayer.uplugin
LogPluginManager: Loaded Plugin ArchVisCharacter, From C:/Program Files (x86)/Epic Games/4.13/Engine/Plugins/Runtime/ArchVisCharacter/ArchVisCharacter.uplugin
LogPluginManager: Loaded Plugin CableComponent, From C:/Program Files (x86)/Epic Games/4.13/Engine/Plugins/Runtime/CableComponent/CableComponent.uplugin
LogPluginManager: Loaded Plugin CustomMeshComponent, From C:/Program Files (x86)/Epic Games/4.13/Engine/Plugins/Runtime/CustomMeshComponent/CustomMeshComponent.uplugin
LogPluginManager: Loaded Plugin ExampleDeviceProfileSelector, From C:/Program Files (x86)/Epic Games/4.13/Engine/Plugins/Runtime/ExampleDeviceProfileSelector/ExampleDeviceProfileSelector.uplugin
LogPluginManager: Loaded Plugin GearVR, From C:/Program Files (x86)/Epic Games/4.13/Engine/Plugins/Runtime/GearVR/GearVR.uplugin
LogPluginManager: Loaded Plugin GoogleVRController, From C:/Program Files (x86)/Epic Games/4.13/Engine/Plugins/Runtime/GoogleVR/GoogleVRController/GoogleVRController.uplugin
LogPluginManager: Loaded Plugin GoogleVRHMD, From C:/Program Files (x86)/Epic Games/4.13/Engine/Plugins/Runtime/GoogleVR/GoogleVRHMD/GoogleVRHMD.uplugin
LogPluginManager: Loaded Plugin IOSDeviceProfileSelector, From C:/Program Files (x86)/Epic Games/4.13/Engine/Plugins/Runtime/IOSDeviceProfileSelector/IOSDeviceProfileSelector.uplugin
LogPluginManager: Loaded Plugin LeapMotion, From C:/Program Files (x86)/Epic Games/4.13/Engine/Plugins/Runtime/LeapMotion/LeapMotion.uplugin
LogPluginManager: Loaded Plugin LinuxDeviceProfileSelector, From C:/Program Files (x86)/Epic Games/4.13/Engine/Plugins/Runtime/LinuxDeviceProfileSelector/LinuxDeviceProfileSelector.uplugin
LogPluginManager: Loaded Plugin LiveEditorListenServer, From C:/Program Files (x86)/Epic Games/4.13/Engine/Plugins/Runtime/LiveEditorListenServer/LiveEditorListenServer.uplugin
LogPluginManager: Loaded Plugin OculusAudio, From C:/Program Files (x86)/Epic Games/4.13/Engine/Plugins/Runtime/OculusAudio/OculusAudio.uplugin
LogPluginManager: Loaded Plugin OculusInput, From C:/Program Files (x86)/Epic Games/4.13/Engine/Plugins/Runtime/OculusInput/OculusInput.uplugin
LogPluginManager: Loaded Plugin OculusLibrary, From C:/Program Files (x86)/Epic Games/4.13/Engine/Plugins/Runtime/OculusLibrary/OculusLibrary.uplugin
LogPluginManager: Loaded Plugin OculusRift, From C:/Program Files (x86)/Epic Games/4.13/Engine/Plugins/Runtime/OculusRift/OculusRift.uplugin
LogPluginManager: Loaded Plugin Oodle, From C:/Program Files (x86)/Epic Games/4.13/Engine/Plugins/Runtime/PacketHandlers/CompressionComponents/Oodle/Oodle.uplugin
LogPluginManager: Loaded Plugin ProceduralMeshComponent, From C:/Program Files (x86)/Epic Games/4.13/Engine/Plugins/Runtime/ProceduralMeshComponent/ProceduralMeshComponent.uplugin
LogPluginManager: Loaded Plugin SoundMod, From C:/Program Files (x86)/Epic Games/4.13/Engine/Plugins/Runtime/SoundMod/SoundMod.uplugin
LogPluginManager: Loaded Plugin SoundVisualizations, From C:/Program Files (x86)/Epic Games/4.13/Engine/Plugins/Runtime/SoundVisualizations/SoundVisualizations.uplugin
LogPluginManager: Loaded Plugin SteamController, From C:/Program Files (x86)/Epic Games/4.13/Engine/Plugins/Runtime/Steam/SteamController/SteamController.uplugin
LogPluginManager: Loaded Plugin SteamVR, From C:/Program Files (x86)/Epic Games/4.13/Engine/Plugins/Runtime/Steam/SteamVR/SteamVR.uplugin
LogPluginManager: Loaded Plugin WebBrowserWidget, From C:/Program Files (x86)/Epic Games/4.13/Engine/Plugins/Runtime/WebBrowserWidget/WebBrowserWidget.uplugin
LogPluginManager: Loaded Plugin WindowsDeviceProfileSelector, From C:/Program Files (x86)/Epic Games/4.13/Engine/Plugins/Runtime/WindowsDeviceProfileSelector/WindowsDeviceProfileSelector.uplugin
LogPluginManager: Loaded Plugin WindowsMoviePlayer, From C:/Program Files (x86)/Epic Games/4.13/Engine/Plugins/Runtime/WindowsMoviePlayer/WindowsMoviePlayer.uplugin
LogPluginManager: Loaded Plugin ScriptPlugin, From C:/Program Files (x86)/Epic Games/4.13/Engine/Plugins/ScriptPlugin/ScriptPlugin.uplugin
LogPluginManager: Loaded Plugin SlateRemote, From C:/Program Files (x86)/Epic Games/4.13/Engine/Plugins/Slate/SlateRemote/SlateRemote.uplugin
LogInit: Using libcurl 7.47.1
LogInit:  - built for x86_64-pc-win32
LogInit:  - supports SSL with WinSSL
LogInit:  - other features:
LogInit:      CURL_VERSION_SSL
LogInit:      CURL_VERSION_IPV6
LogInit:      CURL_VERSION_ASYNCHDNS
LogInit:      CURL_VERSION_LARGEFILE
LogInit:      CURL_VERSION_IDN
LogInit:  CurlRequestOptions (configurable via config and command line):
LogInit:  - bVerifyPeer = false  - Libcurl will NOT verify peer certificate
LogInit:  - bUseHttpProxy = false  - Libcurl will NOT use HTTP proxy
LogInit:  - bDontReuseConnections = false  - Libcurl will reuse connections
LogInit:  - CertBundlePath = nullptr  - Libcurl will use whatever was configured at build time.
LogModuleManager:Warning: No filename provided for module OnlineSubsystemSteam
LogModuleManager:Warning: ModuleManager: Unable to load module 'OnlineSubsystemSteam' because the file 'C:/Program Files (x86)/Epic Games/4.13/Engine/Binaries/Win64/' was not found.
LogInit: WinSock: version 1.1 (2.2), MaxSocks=32767, MaxUdp=65467
LogVoice:Warning: Failed to initialize voice interface
LogInit: Build: ++UE4+Release-4.13-CL-3106830
LogInit: Engine Version: 4.13.0-3106830+++UE4+Release-4.13
LogInit: Compatible Engine Version: 4.13.0-3106830+++UE4+Release-4.13
LogInit: Net CL: 3106830
LogDevObjectVersion: Number of dev versions registered: 13
LogDevObjectVersion:   Dev-Blueprints (B0D832E4-1F89-4F0D-ACCF-7EB736FD4AA2): 5
LogDevObjectVersion:   Dev-Build (E1C64328-A22C-4D53-A36C-8E866417BD8C): 0
LogDevObjectVersion:   Dev-Core (375EC13C-06E4-48FB-B500-84F0262A717E): 1
LogDevObjectVersion:   Dev-Editor (E4B068ED-F494-42E9-A231-DA0B2E46BB41): 6
LogDevObjectVersion:   Dev-Framework (CFFC743F-43B0-4480-9391-14DF171D2073): 12
LogDevObjectVersion:   Dev-Mobile (B02B49B5-BB20-44E9-A304-32B752E40360): 0
LogDevObjectVersion:   Dev-Networking (A4E4105C-59A1-49B5-A7C5-40C4547EDFEE): 0
LogDevObjectVersion:   Dev-Online (39C831C9-5AE6-47DC-9A44-9C173E1C8E7C): 0
LogDevObjectVersion:   Dev-Physics (78F01B33-EBEA-4F98-B9B4-84EACCB95AA2): 0
LogDevObjectVersion:   Dev-Platform (6631380F-2D4D-43E0-8009-CF276956A95A): 0
LogDevObjectVersion:   Dev-Rendering (12F88B9F-8875-4AFC-A67C-D90C383ABD29): 4
LogDevObjectVersion:   Dev-Sequencer (7B5AE74C-D270-4C10-A958-57980B212A5A): 0
LogDevObjectVersion:   Dev-VR (D7296918-1DD6-4BDD-9DE2-64A83CC13884): 0
LogInit: Compiled (64-bit): Aug 30 2016 18:11:39
LogInit: Compiled with Visual C++: 19.00.23026.00
LogInit: Build Configuration: Development
LogInit: Branch Name: ++UE4+Release-4.13
LogInit: Command line:  
LogInit: Base directory: C:/Program Files (x86)/Epic Games/4.13/Engine/Binaries/Win64/
LogInit: Installed Engine Build: 1
LogInit: Presizing for max 8388607 objects, including 0 objects not considered by GC, pre-allocating 0 bytes for permanent pool.
LogInit: Object subsystem initialized
[2016.11.08-16.21.41:318][  0]LogInit: Selected Device Profile: [Windows]
[2016.11.08-16.21.41:318][  0]LogInit: Applying CVar settings loaded from the selected device profile: [Windows]
[2016.11.08-16.21.41:327][  0]LogInit: Computer: SIGLAB-BEAST
[2016.11.08-16.21.41:327][  0]LogInit: User: SIG
[2016.11.08-16.21.41:327][  0]LogInit: CPU Page size=65536, Cores=10
[2016.11.08-16.21.41:327][  0]LogInit: High frequency timer resolution =3.020347 MHz
[2016.11.08-16.21.41:327][  0]LogMemory: Memory total: Physical=31.9GB (32GB approx)
[2016.11.08-16.21.41:327][  0]LogMemory: Platform Memory Stats for Windows
[2016.11.08-16.21.41:327][  0]LogMemory: Process Physical Memory: 260.03 MB used, 260.03 MB peak
[2016.11.08-16.21.41:327][  0]LogMemory: Process Virtual Memory: 263.35 MB used, 263.35 MB peak
[2016.11.08-16.21.41:327][  0]LogMemory: Physical Memory: 4269.43 MB used, 32690.26 MB total
[2016.11.08-16.21.41:327][  0]LogMemory: Virtual Memory: 636.02 MB used, 134217728.00 MB total
[2016.11.08-16.21.41:355][  0]LogTextLocalizationManager: No specific translations for ('en-US') exist, so ('en') translations will be used.
[2016.11.08-16.21.41:910][  0]LogD3D11RHI: D3D11 adapters:
[2016.11.08-16.21.42:539][  0]LogD3D11RHI:    0. 'NVIDIA GeForce GTX 980' (Feature Level 11_0)
[2016.11.08-16.21.42:539][  0]LogD3D11RHI:       4060/0/16345 MB DedicatedVideo/DedicatedSystem/SharedSystem, Outputs:2, VendorId:0x10de
[2016.11.08-16.21.42:540][  0]LogD3D11RHI:    1. 'Microsoft Basic Render Driver' (Feature Level 11_0)
[2016.11.08-16.21.42:540][  0]LogD3D11RHI:       0/0/16345 MB DedicatedVideo/DedicatedSystem/SharedSystem, Outputs:0, VendorId:0x1414
[2016.11.08-16.21.42:540][  0]LogD3D11RHI: Chosen D3D11 Adapter: 0
[2016.11.08-16.21.42:545][  0]LogD3D11RHI: Creating new Direct3DDevice
[2016.11.08-16.21.42:545][  0]LogD3D11RHI:     GPU DeviceId: 0x13c0 (for the marketing name, search the web for "GPU Device Id")
[2016.11.08-16.21.42:545][  0]LogWindows: EnumDisplayDevices:
[2016.11.08-16.21.42:546][  0]LogWindows:    0. 'NVIDIA GeForce GTX 980' (P:0 D:1)
[2016.11.08-16.21.42:546][  0]LogWindows:    1. 'NVIDIA GeForce GTX 980' (P:1 D:1)
[2016.11.08-16.21.42:546][  0]LogWindows:    2. 'NVIDIA GeForce GTX 980' (P:0 D:0)
[2016.11.08-16.21.42:546][  0]LogWindows:    3. 'NVIDIA GeForce GTX 980' (P:0 D:0)
[2016.11.08-16.21.42:546][  0]LogWindows: DebugString: FoundDriverCount:4 
[2016.11.08-16.21.42:546][  0]LogD3D11RHI:     Adapter Name: NVIDIA GeForce GTX 980
[2016.11.08-16.21.42:546][  0]LogD3D11RHI:   Driver Version: 372.70 (internal:21.21.13.7270, unified:372.70)
[2016.11.08-16.21.42:546][  0]LogD3D11RHI:      Driver Date: 8-25-2016
[2016.11.08-16.21.42:546][  0]LogRHI: Texture pool is 1361 MB (70% of 1945 MB)
[2016.11.08-16.21.43:174][  0]LogD3D11RHI: Async texture creation enabled
[2016.11.08-16.21.43:214][  0]LogD3D11RHI: GPU Timing Frequency: 1000.000000 (Debug: 2 1)
[2016.11.08-16.21.43:214][  0]LogShaderCompilers: Guid format shader working directory is -62 characters bigger than the processId version (../../../../../../Users/SIG/Documents/Unreal Projects/RatchetBuilds/RatchetGame/WindowsNoEditor/Ratchet02/Intermediate/Shaders/WorkingDirectory/26904/).
[2016.11.08-16.21.43:214][  0]LogShaderCompilers: Cleaned the shader compiler working directory 'C:/Users/SIG/AppData/Local/Temp/UnrealShaderWorkingDir/C1007D1449046DB7188D4A9BECCADA92/'.
[2016.11.08-16.21.43:215][  0]LogShaderCompilers:Display: Using Local Shader Compiler.
[2016.11.08-16.21.44:163][  0]LogTemp:Display: Loaded TP AllDesktopTargetPlatform
[2016.11.08-16.21.44:171][  0]LogTemp:Display: Loaded TP WindowsClientTargetPlatform
[2016.11.08-16.21.44:180][  0]LogTemp:Display: Loaded TP WindowsNoEditorTargetPlatform
[2016.11.08-16.21.44:189][  0]LogTemp:Display: Loaded TP WindowsServerTargetPlatform
[2016.11.08-16.21.44:197][  0]LogTemp:Display: Loaded TP WindowsTargetPlatform
[2016.11.08-16.21.44:203][  0]LogTemp:Display: Loaded TP AndroidTargetPlatform
[2016.11.08-16.21.44:210][  0]LogTemp:Display: Loaded TP Android_ASTCTargetPlatform
[2016.11.08-16.21.44:217][  0]LogTemp:Display: Loaded TP Android_ATCTargetPlatform
[2016.11.08-16.21.44:223][  0]LogTemp:Display: Loaded TP Android_DXTTargetPlatform
[2016.11.08-16.21.44:230][  0]LogTemp:Display: Loaded TP Android_ETC1TargetPlatform
[2016.11.08-16.21.44:236][  0]LogTemp:Display: Loaded TP Android_ETC2TargetPlatform
[2016.11.08-16.21.44:250][  0]LogTemp:Display: Loaded TP Android_MultiTargetPlatform
[2016.11.08-16.21.44:250][  0]LogTemp:Display: Loaded TP Android_PVRTCTargetPlatform
[2016.11.08-16.21.44:251][  0]LogTemp:Display: Loaded TP HTML5TargetPlatform
[2016.11.08-16.21.44:271][  0]LogTemp:Display: Loaded TP IOSTargetPlatform
[2016.11.08-16.21.44:277][  0]LogTemp:Display: Loaded TP TVOSTargetPlatform
[2016.11.08-16.21.44:283][  0]LogTemp:Display: Loaded TP LinuxClientTargetPlatform
[2016.11.08-16.21.44:289][  0]LogTemp:Display: Loaded TP LinuxNoEditorTargetPlatform
[2016.11.08-16.21.44:295][  0]LogTemp:Display: Loaded TP LinuxServerTargetPlatform
[2016.11.08-16.21.44:302][  0]LogTemp:Display: Loaded TP LinuxTargetPlatform
[2016.11.08-16.21.44:302][  0]LogTargetPlatformManager:Display: Building Assets For Windows
[2016.11.08-16.21.44:375][  0]LogDerivedDataCache:Display: Max Cache Size: 512 MB
[2016.11.08-16.21.44:447][  0]LogDerivedDataCache: Loaded boot cache 0.07s 68MB C:/Users/SIG/AppData/Local/UnrealEngine/4.13/DerivedDataCache/Boot.ddc.
[2016.11.08-16.21.44:447][  0]LogDerivedDataCache:Display: Loaded Boot cache: C:/Users/SIG/AppData/Local/UnrealEngine/4.13/DerivedDataCache/Boot.ddc
[2016.11.08-16.21.44:448][  0]LogDerivedDataCache: FDerivedDataBackendGraph:  Pak pak cache file ../../../../../../Users/SIG/Documents/Unreal Projects/RatchetBuilds/RatchetGame/WindowsNoEditor/Ratchet02/DerivedDataCache/DDC.ddp not found, will not use a pak cache.
[2016.11.08-16.21.44:448][  0]LogDerivedDataCache: Unable to find inner node Pak for hierarchical cache Hierarchy.
[2016.11.08-16.21.44:448][  0]LogDerivedDataCache: FDerivedDataBackendGraph:  CompressedPak pak cache file ../../../../../../Users/SIG/Documents/Unreal Projects/RatchetBuilds/RatchetGame/WindowsNoEditor/Ratchet02/DerivedDataCache/Compressed.ddp not found, will not use a pak cache.
[2016.11.08-16.21.44:448][  0]LogDerivedDataCache: Unable to find inner node CompressedPak for hierarchical cache Hierarchy.
[2016.11.08-16.21.44:464][  0]LogDerivedDataCache:Display: Pak cache opened for reading ../../../Engine/DerivedDataCache/Compressed.ddp.
[2016.11.08-16.21.44:476][  0]LogDerivedDataCache: Using Local data cache path C:/Users/SIG/AppData/Local/UnrealEngine/Common/DerivedDataCache: Writable
[2016.11.08-16.21.44:667][  0]LogInit: Selected Device Profile: [Windows]
[2016.11.08-16.21.44:668][  0]LogContentStreaming: Texture pool size is 0.00 MB
[2016.11.08-16.21.44:757][  0]LogMeshUtilities: No automatic mesh reduction module available
[2016.11.08-16.21.44:757][  0]LogMeshUtilities: No automatic mesh merging module available
[2016.11.08-16.21.44:757][  0]LogMeshUtilities: No distributed automatic mesh merging module available
[2016.11.08-16.21.44:823][  0]LogMaterial: Uniform references updated for custom material expression Custom.
[2016.11.08-16.21.44:937][  0]Warning: Missing opening '"' in string property value: ThirdParty/Steamworks)
[2016.11.08-16.21.45:119][  0]LogNetVersion: GetLocalNetworkVersion: CL: 3106830, ProjectName: ratchet02, ProjectVersion: , EngineNetworkVersion: 1, GameNetworkVersion: 0, NetworkChecksum: 4023720528
[2016.11.08-16.21.45:156][  0]LogAssetRegistry: FAssetRegistry took 0.0216 seconds to start up
[2016.11.08-16.21.45:184][  0]LogPackageLocalizationCache: Processed 3 localized package path(s) for 2 prioritized culture(s) in 0.025589 seconds
[2016.11.08-16.21.45:188][  0]LogUObjectArray: 29777 objects as part of root set at end of initial load.
[2016.11.08-16.21.45:188][  0]LogUObjectAllocator: 6124704 out of 0 bytes used by permanent object pool.
[2016.11.08-16.21.45:188][  0]LogUObjectArray: CloseDisregardForGC: 0/0 objects in disregard for GC pool
[2016.11.08-16.21.45:396][  0]LogSlate: SlateFontCache - WITH_FREETYPE: 1, WITH_HARFBUZZ: 1
[2016.11.08-16.21.45:396][  0]LogSlate: SlateFontCache - WITH_FREETYPE: 1, WITH_HARFBUZZ: 1
[2016.11.08-16.21.46:037][  0]LogUdpMessaging: Initializing bridge on interface 0.0.0.0:0 to multicast group 230.0.0.1:6666.
[2016.11.08-16.21.46:261][  0]SourceControl: Info Source control is disabled
[2016.11.08-16.21.46:294][  0]SourceControl: Info Source control is disabled
[2016.11.08-16.21.46:303][  0]SourceControl: Info Source control is disabled
[2016.11.08-16.21.46:311][  0]SourceControl: Info Source control is disabled
[2016.11.08-16.21.46:376][  0]LogLinker:Warning: Can't find file '/Game/ThirdPersonBP/ThirdPersonOverview'
[2016.11.08-16.21.46:376][  0]LogLinker:Warning: Can't find file '/Game/ThirdPersonBP/ThirdPersonOverview'
[2016.11.08-16.21.46:377][  0]LogUObjectGlobals:Warning: Failed to find object 'Class /Game/ThirdPersonBP/ThirdPersonOverview.ThirdPersonOverview_C'
[2016.11.08-16.21.46:562][  0]LogEngine: Initializing Engine...
[2016.11.08-16.21.46:582][  0]LogHMD: SteamVR initialized.  Driver: lighthouse  Display: LHR-8813B57A
[2016.11.08-16.21.46:715][  0]LogAIModule: Creating AISystem for world Untitled
[2016.11.08-16.21.46:743][  0]LogInit: XAudio2 using 'DELL U2414H-4 (NVIDIA High Definition Audio)' : 2 channels at 48 kHz using 16 bits per sample (channel mask 0x3)
[2016.11.08-16.21.46:759][  0]LogInit: FAudioDevice initialized.
[2016.11.08-16.21.46:794][  0]LogDerivedDataCache: Saved boot cache 0.03s 68MB C:/Users/SIG/AppData/Local/UnrealEngine/4.13/DerivedDataCache/Boot.ddc.
[2016.11.08-16.21.46:806][  0]LogInit: Texture streaming: Enabled
[2016.11.08-16.21.46:832][  0]LogInit: Transaction tracking system initialized
[2016.11.08-16.21.46:855][  0]BlueprintLog: New page: Editor Load
[2016.11.08-16.21.46:930][  0]LocalizationService: Info Localization service is disabled
[2016.11.08-16.21.47:032][  0]LogConsoleResponse:Display: 
[2016.11.08-16.21.47:139][  0]LogCook:Display: Max memory allowance for cook 16384mb min free memory 0mb
[2016.11.08-16.21.47:139][  0]LogCook:Display: Mobile HDR setting 1
[2016.11.08-16.21.47:295][  0]LogFileCache: Scanning file cache for directory 'C:/Users/SIG/Documents/Unreal Projects/RatchetBuilds/RatchetGame/WindowsNoEditor/Ratchet02/Content/' took 0.01s
[2016.11.08-16.21.47:295][  0]SourceControl: Info Source control is disabled
[2016.11.08-16.21.47:295][  0]Cmd: MAP LOAD FILE="../../../../../../Users/SIG/Documents/Unreal Projects/RatchetBuilds/RatchetGame/WindowsNoEditor/Ratchet02/Content/Maps/Level_01.umap" TEMPLATE=0 SHOWPROGRESS=1 FEATURELEVEL=3
[2016.11.08-16.21.47:296][  0]LightingResults: New page: Lighting Build
[2016.11.08-16.21.47:298][  0]MapCheck: New page: Map Check
[2016.11.08-16.21.47:298][  0]LightingResults: New page: Lighting Build
[2016.11.08-16.21.47:313][  0]LogLinker:Warning: Asset '../../../../../../Users/SIG/Documents/Unreal Projects/RatchetBuilds/RatchetGame/WindowsNoEditor/Ratchet02/Content/Maps/Level_01.umap' has been saved with empty engine version. The asset will be loaded but may be incompatible.
[2016.11.08-16.21.47:314][  0]LogLinker:Warning: Asset '../../../../../../Users/SIG/Documents/Unreal Projects/RatchetBuilds/RatchetGame/WindowsNoEditor/Ratchet02/Content/Blueprints/MyGameInstance.uasset' has been saved with empty engine version. The asset will be loaded but may be incompatible.
[2016.11.08-16.21.47:317][  0]LogLinker:Warning: Asset '../../../../../../Users/SIG/Documents/Unreal Projects/RatchetBuilds/RatchetGame/WindowsNoEditor/Ratchet02/Content/Blueprints/State.uasset' has been saved with empty engine version. The asset will be loaded but may be incompatible.
[2016.11.08-16.21.47:317][  0]LogLinker:Warning: Asset '../../../../../../Users/SIG/Documents/Unreal Projects/RatchetBuilds/RatchetGame/WindowsNoEditor/Ratchet02/Content/Blueprints/Widgets/ErrorDialog.uasset' has been saved with empty engine version. The asset will be loaded but may be incompatible.
[2016.11.08-16.21.47:321][  0]LogLinker:Warning: Asset '../../../../../../Users/SIG/Documents/Unreal Projects/RatchetBuilds/RatchetGame/WindowsNoEditor/Ratchet02/Content/Blueprints/Widgets/LoadingScreen.uasset' has been saved with empty engine version. The asset will be loaded but may be incompatible.
[2016.11.08-16.21.47:322][  0]LogLinker:Warning: Asset '../../../../../../Users/SIG/Documents/Unreal Projects/RatchetBuilds/RatchetGame/WindowsNoEditor/Ratchet02/Content/Blueprints/Widgets/MainMenu.uasset' has been saved with empty engine version. The asset will be loaded but may be incompatible.
[2016.11.08-16.21.47:324][  0]LogLinker:Warning: Asset '../../../../../../Users/SIG/Documents/Unreal Projects/RatchetBuilds/RatchetGame/WindowsNoEditor/Ratchet02/Content/Blueprints/Widgets/ServerList.uasset' has been saved with empty engine version. The asset will be loaded but may be incompatible.
[2016.11.08-16.21.47:327][  0]LogLinker:Warning: Asset '../../../../../../Users/SIG/Documents/Unreal Projects/RatchetBuilds/RatchetGame/WindowsNoEditor/Ratchet02/Content/Blueprints/Widgets/ServerRow.uasset' has been saved with empty engine version. The asset will be loaded but may be incompatible.
[2016.11.08-16.21.47:336][  0]LogLinker:Warning: Asset '../../../../../../Users/SIG/Documents/Unreal Projects/RatchetBuilds/RatchetGame/WindowsNoEditor/Ratchet02/Content/Blueprints/MyGameMode.uasset' has been saved with empty engine version. The asset will be loaded but may be incompatible.
[2016.11.08-16.21.47:336][  0]LogLinker:Warning: Asset '../../../../../../Users/SIG/Documents/Unreal Projects/RatchetBuilds/RatchetGame/WindowsNoEditor/Ratchet02/Content/Blueprints/MyGameState.uasset' has been saved with empty engine version. The asset will be loaded but may be incompatible.
[2016.11.08-16.21.47:337][  0]LogLinker:Warning: Asset '../../../../../../Users/SIG/Documents/Unreal Projects/RatchetBuilds/RatchetGame/WindowsNoEditor/Ratchet02/Content/Blueprints/MyPlayerController.uasset' has been saved with empty engine version. The asset will be loaded but may be incompatible.
[2016.11.08-16.21.47:342][  0]LogLinker:Warning: Asset '../../../../../../Users/SIG/Documents/Unreal Projects/RatchetBuilds/RatchetGame/WindowsNoEditor/Ratchet02/Content/Blueprints/Widgets/AmmoWidget.uasset' has been saved with empty engine version. The asset will be loaded but may be incompatible.
[2016.11.08-16.21.47:343][  0]LogLinker:Warning: Asset '../../../../../../Users/SIG/Documents/Unreal Projects/RatchetBuilds/RatchetGame/WindowsNoEditor/Ratchet02/Content/Gunslinger/Gunslinger_BP.uasset' has been saved with empty engine version. The asset will be loaded but may be incompatible.
[2016.11.08-16.21.47:344][  0]LogLinker:Warning: Asset '../../../../../../Users/SIG/Documents/Unreal Projects/RatchetBuilds/RatchetGame/WindowsNoEditor/Ratchet02/Content/Gunslinger/Gunslinger_AnimBP.uasset' has been saved with empty engine version. The asset will be loaded but may be incompatible.
[2016.11.08-16.21.47:345][  0]LogLinker:Warning: Asset '../../../../../../Users/SIG/Documents/Unreal Projects/RatchetBuilds/RatchetGame/WindowsNoEditor/Ratchet02/Content/Animations/AimOffset_Gunslinger.uasset' has been saved with empty engine version. The asset will be loaded but may be incompatible.
[2016.11.08-16.21.47:345][  0]LogLinker:Warning: Asset '../../../../../../Users/SIG/Documents/Unreal Projects/RatchetBuilds/RatchetGame/WindowsNoEditor/Ratchet02/Content/Animations/Gunslinger_Aim_CC.uasset' has been saved with empty engine version. The asset will be loaded but may be incompatible.
[2016.11.08-16.21.47:346][  0]LogLinker:Warning: Asset '../../../../../../Users/SIG/Documents/Unreal Projects/RatchetBuilds/RatchetGame/WindowsNoEditor/Ratchet02/Content/Animations/Gunslinger_Aiming.uasset' has been saved with empty engine version. The asset will be loaded but may be incompatible.
[2016.11.08-16.21.47:346][  0]LogLinker:Warning: Asset '../../../../../../Users/SIG/Documents/Unreal Projects/RatchetBuilds/RatchetGame/WindowsNoEditor/Ratchet02/Content/Gunslinger/GunslingerTTP_Skeleton.uasset' has been saved with empty engine version. The asset will be loaded but may be incompatible.
[2016.11.08-16.21.47:347][  0]LogLinker:Warning: Asset '../../../../../../Users/SIG/Documents/Unreal Projects/RatchetBuilds/RatchetGame/WindowsNoEditor/Ratchet02/Content/Animations/Gunslinger_Aim_CL.uasset' has been saved with empty engine version. The asset will be loaded but may be incompatible.
[2016.11.08-16.21.47:347][  0]LogLinker:Warning: Asset '../../../../../../Users/SIG/Documents/Unreal Projects/RatchetBuilds/RatchetGame/WindowsNoEditor/Ratchet02/Content/Animations/Gunslinger_Aim_CR.uasset' has been saved with empty engine version. The asset will be loaded but may be incompatible.
[2016.11.08-16.21.47:348][  0]LogLinker:Warning: Asset '../../../../../../Users/SIG/Documents/Unreal Projects/RatchetBuilds/RatchetGame/WindowsNoEditor/Ratchet02/Content/Animations/Gunslinger_Aim_DC.uasset' has been saved with empty engine version. The asset will be loaded but may be incompatible.
[2016.11.08-16.21.47:348][  0]LogLinker:Warning: Asset '../../../../../../Users/SIG/Documents/Unreal Projects/RatchetBuilds/RatchetGame/WindowsNoEditor/Ratchet02/Content/Animations/Gunslinger_Aim_DL.uasset' has been saved with empty engine version. The asset will be loaded but may be incompatible.
[2016.11.08-16.21.47:349][  0]LogLinker:Warning: Asset '../../../../../../Users/SIG/Documents/Unreal Projects/RatchetBuilds/RatchetGame/WindowsNoEditor/Ratchet02/Content/Animations/Gunslinger_Aim_DR.uasset' has been saved with empty engine version. The asset will be loaded but may be incompatible.
[2016.11.08-16.21.47:349][  0]LogLinker:Warning: Asset '../../../../../../Users/SIG/Documents/Unreal Projects/RatchetBuilds/RatchetGame/WindowsNoEditor/Ratchet02/Content/Animations/Gunslinger_Aim_UC.uasset' has been saved with empty engine version. The asset will be loaded but may be incompatible.
[2016.11.08-16.21.47:350][  0]LogLinker:Warning: Asset '../../../../../../Users/SIG/Documents/Unreal Projects/RatchetBuilds/RatchetGame/WindowsNoEditor/Ratchet02/Content/Animations/Gunslinger_Aim_UL.uasset' has been saved with empty engine version. The asset will be loaded but may be incompatible.
[2016.11.08-16.21.47:350][  0]LogLinker:Warning: Asset '../../../../../../Users/SIG/Documents/Unreal Projects/RatchetBuilds/RatchetGame/WindowsNoEditor/Ratchet02/Content/Animations/Gunslinger_Aim_UR.uasset' has been saved with empty engine version. The asset will be loaded but may be incompatible.
[2016.11.08-16.21.47:352][  0]LogLinker:Warning: Asset '../../../../../../Users/SIG/Documents/Unreal Projects/RatchetBuilds/RatchetGame/WindowsNoEditor/Ratchet02/Content/Animations/Gunslinger_Draw.uasset' has been saved with empty engine version. The asset will be loaded but may be incompatible.
[2016.11.08-16.21.47:352][  0]LogLinker:Warning: Asset '../../../../../../Users/SIG/Documents/Unreal Projects/RatchetBuilds/RatchetGame/WindowsNoEditor/Ratchet02/Content/Animations/Gunslinger_Fire.uasset' has been saved with empty engine version. The asset will be loaded but may be incompatible.
[2016.11.08-16.21.47:353][  0]LogLinker:Warning: Asset '../../../../../../Users/SIG/Documents/Unreal Projects/RatchetBuilds/RatchetGame/WindowsNoEditor/Ratchet02/Content/Animations/Gunslinger_PullBack.uasset' has been saved with empty engine version. The asset will be loaded but may be incompatible.
[2016.11.08-16.21.47:353][  0]LogLinker:Warning: Asset '../../../../../../Users/SIG/Documents/Unreal Projects/RatchetBuilds/RatchetGame/WindowsNoEditor/Ratchet02/Content/Animations/Gunslinger_Ready.uasset' has been saved with empty engine version. The asset will be loaded but may be incompatible.
[2016.11.08-16.21.47:354][  0]LogLinker:Warning: Asset '../../../../../../Users/SIG/Documents/Unreal Projects/RatchetBuilds/RatchetGame/WindowsNoEditor/Ratchet02/Content/Animations/Gunslinger_Unholster.uasset' has been saved with empty engine version. The asset will be loaded but may be incompatible.
[2016.11.08-16.21.47:357][  0]LogLinker:Warning: Asset '../../../../../../Users/SIG/Documents/Unreal Projects/RatchetBuilds/RatchetGame/WindowsNoEditor/Ratchet02/Content/Blueprints/BP_MuzzleFlash.uasset' has been saved with empty engine version. The asset will be loaded but may be incompatible.
[2016.11.08-16.21.47:358][  0]LogLinker:Warning: Asset '../../../../../../Users/SIG/Documents/Unreal Projects/RatchetBuilds/RatchetGame/WindowsNoEditor/Ratchet02/Content/Effects/P_MuzzleFlash.uasset' has been saved with empty engine version. The asset will be loaded but may be incompatible.
[2016.11.08-16.21.47:358][  0]LogLinker:Warning: Asset '../../../../../../Users/SIG/Documents/Unreal Projects/RatchetBuilds/RatchetGame/WindowsNoEditor/Ratchet02/Content/Materials/M_MuzzleFlash_Inst.uasset' has been saved with empty engine version. The asset will be loaded but may be incompatible.
[2016.11.08-16.21.47:359][  0]LogLinker:Warning: Asset '../../../../../../Users/SIG/Documents/Unreal Projects/RatchetBuilds/RatchetGame/WindowsNoEditor/Ratchet02/Content/Materials/M_MuzzleFlash.uasset' has been saved with empty engine version. The asset will be loaded but may be incompatible.
[2016.11.08-16.21.47:360][  0]LogLinker:Warning: Asset '../../../../../../Users/SIG/Documents/Unreal Projects/RatchetBuilds/RatchetGame/WindowsNoEditor/Ratchet02/Content/Textures/MuzzleFlash.uasset' has been saved with empty engine version. The asset will be loaded but may be incompatible.
[2016.11.08-16.21.47:361][  0]LogLinker:Warning: Asset '../../../../../../Users/SIG/Documents/Unreal Projects/RatchetBuilds/RatchetGame/WindowsNoEditor/Ratchet02/Content/Blueprints/BP_Projectile.uasset' has been saved with empty engine version. The asset will be loaded but may be incompatible.
[2016.11.08-16.21.47:363][  0]LogLinker:Warning: Asset '../../../../../../Users/SIG/Documents/Unreal Projects/RatchetBuilds/RatchetGame/WindowsNoEditor/Ratchet02/Content/Effects/P_Hit.uasset' has been saved with empty engine version. The asset will be loaded but may be incompatible.
[2016.11.08-16.21.47:364][  0]LogLinker:Warning: Asset '../../../../../../Users/SIG/Documents/Unreal Projects/RatchetBuilds/RatchetGame/WindowsNoEditor/Ratchet02/Content/Materials/M_Bullet_Inst.uasset' has been saved with empty engine version. The asset will be loaded but may be incompatible.
[2016.11.08-16.21.47:364][  0]LogLinker:Warning: Asset '../../../../../../Users/SIG/Documents/Unreal Projects/RatchetBuilds/RatchetGame/WindowsNoEditor/Ratchet02/Content/Materials/M_Bullet.uasset' has been saved with empty engine version. The asset will be loaded but may be incompatible.
[2016.11.08-16.21.47:365][  0]LogLinker:Warning: Asset '../../../../../../Users/SIG/Documents/Unreal Projects/RatchetBuilds/RatchetGame/WindowsNoEditor/Ratchet02/Content/Meshes/Sphere.uasset' has been saved with empty engine version. The asset will be loaded but may be incompatible.
[2016.11.08-16.21.47:366][  0]LogLinker:Warning: Asset '../../../../../../Users/SIG/Documents/Unreal Projects/RatchetBuilds/RatchetGame/WindowsNoEditor/Ratchet02/Content/Sounds/Randomize_01.uasset' has been saved with empty engine version. The asset will be loaded but may be incompatible.
[2016.11.08-16.21.47:367][  0]LogLinker:Warning: Asset '../../../../../../Users/SIG/Documents/Unreal Projects/RatchetBuilds/RatchetGame/WindowsNoEditor/Ratchet02/Content/Sounds/SoundCue_Attentuated.uasset' has been saved with empty engine version. The asset will be loaded but may be incompatible.
[2016.11.08-16.21.47:368][  0]LogLinker:Warning: Asset '../../../../../../Users/SIG/Documents/Unreal Projects/RatchetBuilds/RatchetGame/WindowsNoEditor/Ratchet02/Content/Blueprints/MyPlayerState.uasset' has been saved with empty engine version. The asset will be loaded but may be incompatible.
[2016.11.08-16.21.47:372][  0]LogLinker:Warning: Asset '../../../../../../Users/SIG/Documents/Unreal Projects/RatchetBuilds/RatchetGame/WindowsNoEditor/Ratchet02/Content/Gunslinger/GunslingerTTP.uasset' has been saved with empty engine version. The asset will be loaded but may be incompatible.
[2016.11.08-16.21.47:372][  0]LogLinker:Warning: Asset '../../../../../../Users/SIG/Documents/Unreal Projects/RatchetBuilds/RatchetGame/WindowsNoEditor/Ratchet02/Content/Materials/M_Player_Inst.uasset' has been saved with empty engine version. The asset will be loaded but may be incompatible.
[2016.11.08-16.21.47:373][  0]LogLinker:Warning: Asset '../../../../../../Users/SIG/Documents/Unreal Projects/RatchetBuilds/RatchetGame/WindowsNoEditor/Ratchet02/Content/Materials/M_Player.uasset' has been saved with empty engine version. The asset will be loaded but may be incompatible.
[2016.11.08-16.21.47:373][  0]LogLinker:Warning: Asset '../../../../../../Users/SIG/Documents/Unreal Projects/RatchetBuilds/RatchetGame/WindowsNoEditor/Ratchet02/Content/Gunslinger/GunslingerTTP_PhysicsAsset.uasset' has been saved with empty engine version. The asset will be loaded but may be incompatible.
[2016.11.08-16.21.47:376][  0]LogLinker:Warning: Asset '../../../../../../Users/SIG/Documents/Unreal Projects/RatchetBuilds/RatchetGame/WindowsNoEditor/Ratchet02/Content/Meshes/Hat.uasset' has been saved with empty engine version. The asset will be loaded but may be incompatible.
[2016.11.08-16.21.47:376][  0]LogLinker:Warning: Asset '../../../../../../Users/SIG/Documents/Unreal Projects/RatchetBuilds/RatchetGame/WindowsNoEditor/Ratchet02/Content/Materials/M_Hat_Inst.uasset' has been saved with empty engine version. The asset will be loaded but may be incompatible.
[2016.11.08-16.21.47:376][  0]LogLinker:Warning: Asset '../../../../../../Users/SIG/Documents/Unreal Projects/RatchetBuilds/RatchetGame/WindowsNoEditor/Ratchet02/Content/Materials/M_Hat.uasset' has been saved with empty engine version. The asset will be loaded but may be incompatible.
[2016.11.08-16.21.47:378][  0]LogLinker:Warning: Asset '../../../../../../Users/SIG/Documents/Unreal Projects/RatchetBuilds/RatchetGame/WindowsNoEditor/Ratchet02/Content/Meshes/Gun.uasset' has been saved with empty engine version. The asset will be loaded but may be incompatible.
[2016.11.08-16.21.47:378][  0]LogLinker:Warning: Asset '../../../../../../Users/SIG/Documents/Unreal Projects/RatchetBuilds/RatchetGame/WindowsNoEditor/Ratchet02/Content/Materials/M_Gun.uasset' has been saved with empty engine version. The asset will be loaded but may be incompatible.
[2016.11.08-16.21.47:379][  0]LogLinker:Warning: Asset '../../../../../../Users/SIG/Documents/Unreal Projects/RatchetBuilds/RatchetGame/WindowsNoEditor/Ratchet02/Content/Animations/Gunslinger_Hit_01.uasset' has been saved with empty engine version. The asset will be loaded but may be incompatible.
[2016.11.08-16.21.47:379][  0]LogLinker:Warning: Asset '../../../../../../Users/SIG/Documents/Unreal Projects/RatchetBuilds/RatchetGame/WindowsNoEditor/Ratchet02/Content/Blueprints/CamShake_01.uasset' has been saved with empty engine version. The asset will be loaded but may be incompatible.
[2016.11.08-16.21.47:380][  0]LogLinker:Warning: Asset '../../../../../../Users/SIG/Documents/Unreal Projects/RatchetBuilds/RatchetGame/WindowsNoEditor/Ratchet02/Content/ThirdPersonBP/Blueprints/ThirdPersonCharacter.uasset' has been saved with empty engine version. The asset will be loaded but may be incompatible.
[2016.11.08-16.21.47:381][  0]LogLinker:Warning: Asset '../../../../../../Users/SIG/Documents/Unreal Projects/RatchetBuilds/RatchetGame/WindowsNoEditor/Ratchet02/Content/Mannequin/Animations/ThirdPerson_AnimBP.uasset' has been saved with empty engine version. The asset will be loaded but may be incompatible.
[2016.11.08-16.21.47:382][  0]LogLinker:Warning: Asset '../../../../../../Users/SIG/Documents/Unreal Projects/RatchetBuilds/RatchetGame/WindowsNoEditor/Ratchet02/Content/Mannequin/Animations/ThirdPerson_Jump.uasset' has been saved with empty engine version. The asset will be loaded but may be incompatible.
[2016.11.08-16.21.47:382][  0]LogLinker:Warning: Asset '../../../../../../Users/SIG/Documents/Unreal Projects/RatchetBuilds/RatchetGame/WindowsNoEditor/Ratchet02/Content/Mannequin/Character/Mesh/UE4_Mannequin_Skeleton.uasset' has been saved with empty engine version. The asset will be loaded but may be incompatible.
[2016.11.08-16.21.47:383][  0]LogLinker:Warning: Asset '../../../../../../Users/SIG/Documents/Unreal Projects/RatchetBuilds/RatchetGame/WindowsNoEditor/Ratchet02/Content/Mannequin/Animations/ThirdPersonJump_Loop.uasset' has been saved with empty engine version. The asset will be loaded but may be incompatible.
[2016.11.08-16.21.47:383][  0]LogLinker:Warning: Asset '../../../../../../Users/SIG/Documents/Unreal Projects/RatchetBuilds/RatchetGame/WindowsNoEditor/Ratchet02/Content/Mannequin/Animations/ThirdPersonJump_Start.uasset' has been saved with empty engine version. The asset will be loaded but may be incompatible.
[2016.11.08-16.21.47:384][  0]LogLinker:Warning: Asset '../../../../../../Users/SIG/Documents/Unreal Projects/RatchetBuilds/RatchetGame/WindowsNoEditor/Ratchet02/Content/Mannequin/Animations/ThirdPerson_IdleRun_2D.uasset' has been saved with empty engine version. The asset will be loaded but may be incompatible.
[2016.11.08-16.21.47:384][  0]LogLinker:Warning: Asset '../../../../../../Users/SIG/Documents/Unreal Projects/RatchetBuilds/RatchetGame/WindowsNoEditor/Ratchet02/Content/Mannequin/Animations/ThirdPersonIdle.uasset' has been saved with empty engine version. The asset will be loaded but may be incompatible.
[2016.11.08-16.21.47:385][  0]LogLinker:Warning: Asset '../../../../../../Users/SIG/Documents/Unreal Projects/RatchetBuilds/RatchetGame/WindowsNoEditor/Ratchet02/Content/Mannequin/Animations/ThirdPersonRun.uasset' has been saved with empty engine version. The asset will be loaded but may be incompatible.
[2016.11.08-16.21.47:385][  0]LogLinker:Warning: Asset '../../../../../../Users/SIG/Documents/Unreal Projects/RatchetBuilds/RatchetGame/WindowsNoEditor/Ratchet02/Content/Mannequin/Animations/ThirdPersonWalk.uasset' has been saved with empty engine version. The asset will be loaded but may be incompatible.
[2016.11.08-16.21.47:389][  0]LogLinker:Warning: Asset '../../../../../../Users/SIG/Documents/Unreal Projects/RatchetBuilds/RatchetGame/WindowsNoEditor/Ratchet02/Content/Mannequin/Character/Mesh/SK_Mannequin.uasset' has been saved with empty engine version. The asset will be loaded but may be incompatible.
[2016.11.08-16.21.47:390][  0]LogLinker:Warning: Asset '../../../../../../Users/SIG/Documents/Unreal Projects/RatchetBuilds/RatchetGame/WindowsNoEditor/Ratchet02/Content/Mannequin/Character/Materials/M_UE4Man_Body.uasset' has been saved with empty engine version. The asset will be loaded but may be incompatible.
[2016.11.08-16.21.47:394][  0]LogLinker:Warning: Asset '../../../../../../Users/SIG/Documents/Unreal Projects/RatchetBuilds/RatchetGame/WindowsNoEditor/Ratchet02/Content/Mannequin/Character/Materials/MaterialLayers/ML_GlossyBlack_Latex_UE4.uasset' has been saved with empty engine version. The asset will be loaded but may be incompatible.
[2016.11.08-16.21.47:394][  0]LogLinker:Warning: Asset '../../../../../../Users/SIG/Documents/Unreal Projects/RatchetBuilds/RatchetGame/WindowsNoEditor/Ratchet02/Content/Mannequin/Character/Materials/MaterialLayers/T_ML_Rubber_Blue_01_D.uasset' has been saved with empty engine version. The asset will be loaded but may be incompatible.
[2016.11.08-16.21.47:395][  0]LogLinker:Warning: Asset '../../../../../../Users/SIG/Documents/Unreal Projects/RatchetBuilds/RatchetGame/WindowsNoEditor/Ratchet02/Content/Mannequin/Character/Materials/MaterialLayers/T_ML_Rubber_Blue_01_N.uasset' has been saved with empty engine version. The asset will be loaded but may be incompatible.
[2016.11.08-16.21.47:396][  0]LogLinker:Warning: Asset '../../../../../../Users/SIG/Documents/Unreal Projects/RatchetBuilds/RatchetGame/WindowsNoEditor/Ratchet02/Content/Mannequin/Character/Materials/MaterialLayers/ML_Plastic_Shiny_Beige.uasset' has been saved with empty engine version. The asset will be loaded but may be incompatible.
[2016.11.08-16.21.47:396][  0]LogLinker:Warning: Asset '../../../../../../Users/SIG/Documents/Unreal Projects/RatchetBuilds/RatchetGame/WindowsNoEditor/Ratchet02/Content/Mannequin/Character/Materials/MaterialLayers/ML_Plastic_Shiny_Beige_LOGO.uasset' has been saved with empty engine version. The asset will be loaded but may be incompatible.
[2016.11.08-16.21.47:396][  0]LogLinker:Warning: Asset '../../../../../../Users/SIG/Documents/Unreal Projects/RatchetBuilds/RatchetGame/WindowsNoEditor/Ratchet02/Content/Mannequin/Character/Textures/UE4_LOGO_CARD.uasset' has been saved with empty engine version. The asset will be loaded but may be incompatible.
[2016.11.08-16.21.47:397][  0]LogLinker:Warning: Asset '../../../../../../Users/SIG/Documents/Unreal Projects/RatchetBuilds/RatchetGame/WindowsNoEditor/Ratchet02/Content/Mannequin/Character/Materials/MaterialLayers/ML_SoftMetal_UE4.uasset' has been saved with empty engine version. The asset will be loaded but may be incompatible.
[2016.11.08-16.21.47:397][  0]LogLinker:Warning: Asset '../../../../../../Users/SIG/Documents/Unreal Projects/RatchetBuilds/RatchetGame/WindowsNoEditor/Ratchet02/Content/Mannequin/Character/Materials/MaterialLayers/T_ML_Aluminum01.uasset' has been saved with empty engine version. The asset will be loaded but may be incompatible.
[2016.11.08-16.21.47:398][  0]LogLinker:Warning: Asset '../../../../../../Users/SIG/Documents/Unreal Projects/RatchetBuilds/RatchetGame/WindowsNoEditor/Ratchet02/Content/Mannequin/Character/Materials/MaterialLayers/T_ML_Aluminum01_N.uasset' has been saved with empty engine version. The asset will be loaded but may be incompatible.
[2016.11.08-16.21.47:399][  0]LogLinker:Warning: Asset '../../../../../../Users/SIG/Documents/Unreal Projects/RatchetBuilds/RatchetGame/WindowsNoEditor/Ratchet02/Content/Mannequin/Character/Textures/UE4_Mannequin__normals.uasset' has been saved with empty engine version. The asset will be loaded but may be incompatible.
[2016.11.08-16.21.47:399][  0]LogLinker:Warning: Asset '../../../../../../Users/SIG/Documents/Unreal Projects/RatchetBuilds/RatchetGame/WindowsNoEditor/Ratchet02/Content/Mannequin/Character/Textures/UE4_Mannequin_MAT_MASKA.uasset' has been saved with empty engine version. The asset will be loaded but may be incompatible.
[2016.11.08-16.21.47:400][  0]LogLinker:Warning: Asset '../../../../../../Users/SIG/Documents/Unreal Projects/RatchetBuilds/RatchetGame/WindowsNoEditor/Ratchet02/Content/Mannequin/Character/Materials/M_UE4Man_ChestLogo.uasset' has been saved with empty engine version. The asset will be loaded but may be incompatible.
[2016.11.08-16.21.47:401][  0]LogLinker:Warning: Asset '../../../../../../Users/SIG/Documents/Unreal Projects/RatchetBuilds/RatchetGame/WindowsNoEditor/Ratchet02/Content/Mannequin/Character/Textures/UE4Man_Logo_N.uasset' has been saved with empty engine version. The asset will be loaded but may be incompatible.
[2016.11.08-16.21.47:402][  0]LogLinker:Warning: Asset '../../../../../../Users/SIG/Documents/Unreal Projects/RatchetBuilds/RatchetGame/WindowsNoEditor/Ratchet02/Content/Mannequin/Character/Mesh/SK_Mannequin_PhysicsAsset.uasset' has been saved with empty engine version. The asset will be loaded but may be incompatible.
[2016.11.08-16.21.47:405][  0]LogLinker:Warning: Asset '../../../../../../Users/SIG/Documents/Unreal Projects/RatchetBuilds/RatchetGame/WindowsNoEditor/Ratchet02/Content/VR/VRPawn.uasset' has been saved with empty engine version. The asset will be loaded but may be incompatible.
[2016.11.08-16.21.47:407][  0]LogLinker:Warning: Asset '../../../../../../Users/SIG/Documents/Unreal Projects/RatchetBuilds/RatchetGame/WindowsNoEditor/Ratchet02/Content/Geometry/Meshes/1M_Cube.uasset' has been saved with empty engine version. The asset will be loaded but may be incompatible.
[2016.11.08-16.21.47:408][  0]LogLinker:Warning: Asset '../../../../../../Users/SIG/Documents/Unreal Projects/RatchetBuilds/RatchetGame/WindowsNoEditor/Ratchet02/Content/Geometry/Meshes/CubeMaterial.uasset' has been saved with empty engine version. The asset will be loaded but may be incompatible.
[2016.11.08-16.21.47:409][  0]LogLinker:Warning: Asset '../../../../../../Users/SIG/Documents/Unreal Projects/RatchetBuilds/RatchetGame/WindowsNoEditor/Ratchet02/Content/Meshes/RATCHET.uasset' has been saved with empty engine version. The asset will be loaded but may be incompatible.
[2016.11.08-16.21.47:409][  0]LogLinker:Warning: Asset '../../../../../../Users/SIG/Documents/Unreal Projects/RatchetBuilds/RatchetGame/WindowsNoEditor/Ratchet02/Content/Meshes/HatchetMat.uasset' has been saved with empty engine version. The asset will be loaded but may be incompatible.
[2016.11.08-16.21.47:409][  0]LogLinker:Warning: Asset '../../../../../../Users/SIG/Documents/Unreal Projects/RatchetBuilds/RatchetGame/WindowsNoEditor/Ratchet02/Content/Meshes/Albedo.uasset' has been saved with empty engine version. The asset will be loaded but may be incompatible.
[2016.11.08-16.21.47:410][  0]LogLinker:Warning: Asset '../../../../../../Users/SIG/Documents/Unreal Projects/RatchetBuilds/RatchetGame/WindowsNoEditor/Ratchet02/Content/Meshes/NormalMap.uasset' has been saved with empty engine version. The asset will be loaded but may be incompatible.
[2016.11.08-16.21.47:410][  0]LogLinker:Warning: Asset '../../../../../../Users/SIG/Documents/Unreal Projects/RatchetBuilds/RatchetGame/WindowsNoEditor/Ratchet02/Content/Meshes/spec.uasset' has been saved with empty engine version. The asset will be loaded but may be incompatible.
[2016.11.08-16.21.47:415][  0]LogLinker:Warning: Asset '../../../../../../Users/SIG/Documents/Unreal Projects/RatchetBuilds/RatchetGame/WindowsNoEditor/Ratchet02/Content/Sounds/Click_01.uasset' has been saved with empty engine version. The asset will be loaded but may be incompatible.
[2016.11.08-16.21.47:415][  0]LogLinker:Warning: Asset '../../../../../../Users/SIG/Documents/Unreal Projects/RatchetBuilds/RatchetGame/WindowsNoEditor/Ratchet02/Content/Sounds/Coin_01.uasset' has been saved with empty engine version. The asset will be loaded but may be incompatible.
[2016.11.08-16.21.47:415][  0]LogLinker:Warning: Asset '../../../../../../Users/SIG/Documents/Unreal Projects/RatchetBuilds/RatchetGame/WindowsNoEditor/Ratchet02/Content/Sounds/Gunfire_01.uasset' has been saved with empty engine version. The asset will be loaded but may be incompatible.
[2016.11.08-16.21.47:416][  0]LogLinker:Warning: Asset '../../../../../../Users/SIG/Documents/Unreal Projects/RatchetBuilds/RatchetGame/WindowsNoEditor/Ratchet02/Content/Sounds/Randomize_03.uasset' has been saved with empty engine version. The asset will be loaded but may be incompatible.
[2016.11.08-16.21.47:416][  0]LogLinker:Warning: Asset '../../../../../../Users/SIG/Documents/Unreal Projects/RatchetBuilds/RatchetGame/WindowsNoEditor/Ratchet02/Content/Sounds/Randomize_08.uasset' has been saved with empty engine version. The asset will be loaded but may be incompatible.
[2016.11.08-16.21.47:422][  0]LogLinker:Warning: Asset '../../../../../../Users/SIG/Documents/Unreal Projects/RatchetBuilds/RatchetGame/WindowsNoEditor/Ratchet02/Content/Textures/Ammo_Empty.uasset' has been saved with empty engine version. The asset will be loaded but may be incompatible.
[2016.11.08-16.21.47:423][  0]LogLinker:Warning: Asset '../../../../../../Users/SIG/Documents/Unreal Projects/RatchetBuilds/RatchetGame/WindowsNoEditor/Ratchet02/Content/Textures/Ammo_Full.uasset' has been saved with empty engine version. The asset will be loaded but may be incompatible.
[2016.11.08-16.21.47:425][  0]LogLinker:Warning: Asset '../../../../../../Users/SIG/Documents/Unreal Projects/RatchetBuilds/RatchetGame/WindowsNoEditor/Ratchet02/Content/Blueprints/Widgets/InGameMenu.uasset' has been saved with empty engine version. The asset will be loaded but may be incompatible.
[2016.11.08-16.21.47:428][  0]LogLinker:Warning: Asset '../../../../../../Users/SIG/Documents/Unreal Projects/RatchetBuilds/RatchetGame/WindowsNoEditor/Ratchet02/Content/Blueprints/Widgets/MyHUD.uasset' has been saved with empty engine version. The asset will be loaded but may be incompatible.
[2016.11.08-16.21.47:430][  0]LogLinker:Warning: Asset '../../../../../../Users/SIG/Documents/Unreal Projects/RatchetBuilds/RatchetGame/WindowsNoEditor/Ratchet02/Content/Blueprints/Widgets/ScoreboardRow.uasset' has been saved with empty engine version. The asset will be loaded but may be incompatible.
[2016.11.08-16.21.47:439][  0]LogLinker:Warning: Asset '../../../../../../Users/SIG/Documents/Unreal Projects/RatchetBuilds/RatchetGame/WindowsNoEditor/Ratchet02/Content/Materials/M_Basic_Inst.uasset' has been saved with empty engine version. The asset will be loaded but may be incompatible.
[2016.11.08-16.21.47:439][  0]LogLinker:Warning: Asset '../../../../../../Users/SIG/Documents/Unreal Projects/RatchetBuilds/RatchetGame/WindowsNoEditor/Ratchet02/Content/Materials/M_Basic.uasset' has been saved with empty engine version. The asset will be loaded but may be incompatible.
[2016.11.08-16.21.47:440][  0]LogLinker:Warning: Asset '../../../../../../Users/SIG/Documents/Unreal Projects/RatchetBuilds/RatchetGame/WindowsNoEditor/Ratchet02/Content/Audio/Starter_Background_Cue.uasset' has been saved with empty engine version. The asset will be loaded but may be incompatible.
[2016.11.08-16.21.47:441][  0]LogLinker:Warning: Asset '../../../../../../Users/SIG/Documents/Unreal Projects/RatchetBuilds/RatchetGame/WindowsNoEditor/Ratchet02/Content/Environment/Barrel.uasset' has been saved with empty engine version. The asset will be loaded but may be incompatible.
[2016.11.08-16.21.47:441][  0]LogLinker:Warning: Asset '../../../../../../Users/SIG/Documents/Unreal Projects/RatchetBuilds/RatchetGame/WindowsNoEditor/Ratchet02/Content/Environment/Building_00.uasset' has been saved with empty engine version. The asset will be loaded but may be incompatible.
[2016.11.08-16.21.47:442][  0]LogLinker:Warning: Asset '../../../../../../Users/SIG/Documents/Unreal Projects/RatchetBuilds/RatchetGame/WindowsNoEditor/Ratchet02/Content/Environment/Building_01.uasset' has been saved with empty engine version. The asset will be loaded but may be incompatible.
[2016.11.08-16.21.47:443][  0]LogLinker:Warning: Asset '../../../../../../Users/SIG/Documents/Unreal Projects/RatchetBuilds/RatchetGame/WindowsNoEditor/Ratchet02/Content/Environment/Crate.uasset' has been saved with empty engine version. The asset will be loaded but may be incompatible.
[2016.11.08-16.21.47:443][  0]LogLinker:Warning: Asset '../../../../../../Users/SIG/Documents/Unreal Projects/RatchetBuilds/RatchetGame/WindowsNoEditor/Ratchet02/Content/Environment/Ground.uasset' has been saved with empty engine version. The asset will be loaded but may be incompatible.
[2016.11.08-16.21.47:444][  0]LogLinker:Warning: Asset '../../../../../../Users/SIG/Documents/Unreal Projects/RatchetBuilds/RatchetGame/WindowsNoEditor/Ratchet02/Content/Environment/Horse_TieUp.uasset' has been saved with empty engine version. The asset will be loaded but may be incompatible.
[2016.11.08-16.21.47:445][  0]LogLinker:Warning: Asset '../../../../../../Users/SIG/Documents/Unreal Projects/RatchetBuilds/RatchetGame/WindowsNoEditor/Ratchet02/Content/Environment/Trough.uasset' has been saved with empty engine version. The asset will be loaded but may be incompatible.
[2016.11.08-16.21.47:465][  0]LogLinker:Error: Bad name index 838860800/64
[2016.11.08-16.21.47:465][  0]LogWindows: Windows GetLastError: The operation completed successfully. (0)
[2016.11.08-16.21.51:536][  0]LogWindows:Error: === Critical error: ===
[2016.11.08-16.21.51:536][  0]LogWindows:Error: 
[2016.11.08-16.21.51:536][  0]LogWindows:Error: Fatal error: [File:D:\Build\++UE4+Release-4.13+Compile\Sync\Engine\Source\Runtime\CoreUObject\Private\UObject\LinkerLoad.cpp] [Line: 3472] 
[2016.11.08-16.21.51:536][  0]LogWindows:Error: Material /Game/Materials/M_MuzzleFlash.M_MuzzleFlash: Serial size mismatch: Got 126, Expected 329172
[2016.11.08-16.21.51:536][  0]LogWindows:Error: 
[2016.11.08-16.21.51:536][  0]LogWindows:Error: 
[2016.11.08-16.21.51:536][  0]LogWindows:Error: KERNELBASE.dll
[2016.11.08-16.21.51:536][  0]LogWindows:Error: UE4Editor-Core.dll!FOutputDeviceWindowsError::Serialize() [d:\build\++ue4+release-4.13+compile\sync\engine\source\runtime\core\private\windows\windowsplatformoutputdevices.cpp:103]
[2016.11.08-16.21.51:536][  0]LogWindows:Error: UE4Editor-Core.dll!FOutputDevice::Logf__VA() [d:\build\++ue4+release-4.13+compile\sync\engine\source\runtime\core\private\misc\outputdevice.cpp:94]
[2016.11.08-16.21.51:536][  0]LogWindows:Error: UE4Editor-Core.dll!FDebug::AssertFailed() [d:\build\++ue4+release-4.13+compile\sync\engine\source\runtime\core\private\misc\outputdevice.cpp:421]
[2016.11.08-16.21.51:536][  0]LogWindows:Error: UE4Editor-CoreUObject.dll!FLinkerLoad::Preload() [d:\build\++ue4+release-4.13+compile\sync\engine\source\runtime\coreuobject\private\uobject\linkerload.cpp:3472]
[2016.11.08-16.21.51:536][  0]LogWindows:Error: UE4Editor-CoreUObject.dll!EndLoad() [d:\build\++ue4+release-4.13+compile\sync\engine\source\runtime\coreuobject\private\uobject\uobjectglobals.cpp:1512]
[2016.11.08-16.21.51:536][  0]LogWindows:Error: UE4Editor-CoreUObject.dll!LoadPackageInternalInner() [d:\build\++ue4+release-4.13+compile\sync\engine\source\runtime\coreuobject\private\uobject\uobjectglobals.cpp:1228]
[2016.11.08-16.21.51:536][  0]LogWindows:Error: UE4Editor-CoreUObject.dll!LoadPackage() [d:\build\++ue4+release-4.13+compile\sync\engine\source\runtime\coreuobject\private\uobject\uobjectglobals.cpp:1400]
[2016.11.08-16.21.51:536][  0]LogWindows:Error: UE4Editor-UnrealEd.dll!UEditorEngine::Map_Load() [d:\build\++ue4+release-4.13+compile\sync\engine\source\editor\unrealed\private\editorserver.cpp:2399]
[2016.11.08-16.21.51:536][  0]LogWindows:Error: UE4Editor-UnrealEd.dll!UEditorEngine::HandleMapCommand() [d:\build\++ue4+release-4.13+compile\sync\engine\source\editor\unrealed\private\editorserver.cpp:5998]
[2016.11.08-16.21.51:536][  0]LogWindows:Error: UE4Editor-UnrealEd.dll!UEditorEngine::Exec() [d:\build\++ue4+release-4.13+compile\sync\engine\source\editor\unrealed\private\editorserver.cpp:5479]
[2016.11.08-16.21.51:536][  0]LogWindows:Error: UE4Editor-UnrealEd.dll!UUnrealEdEngine::Exec() [d:\build\++ue4+release-4.13+compile\sync\engine\source\editor\unrealed\private\unrealedsrv.cpp:624]
[2016.11.08-16.21.51:536][  0]LogWindows:Error: UE4Editor-UnrealEd.dll!FEditorFileUtils::LoadMap() [d:\build\++ue4+release-4.13+compile\sync\engine\source\editor\unrealed\private\filehelpers.cpp:2252]
[2016.11.08-16.21.51:536][  0]LogWindows:Error: UE4Editor-UnrealEd.dll!FEditorFileUtils::LoadDefaultMapAtStartup() [d:\build\++ue4+release-4.13+compile\sync\engine\source\editor\unrealed\private\filehelpers.cpp:3480]
[2016.11.08-16.21.51:536][  0]LogWindows:Error: UE4Editor-UnrealEd.dll!FUnrealEdMisc::OnInit() [d:\build\++ue4+release-4.13+compile\sync\engine\source\editor\unrealed\private\unrealedmisc.cpp:302]
[2016.11.08-16.21.51:536][  0]LogWindows:Error: UE4Editor-UnrealEd.dll!EditorInit() [d:\build\++ue4+release-4.13+compile\sync\engine\source\editor\unrealed\private\unrealed.cpp:89]
[2016.11.08-16.21.51:536][  0]LogWindows:Error: UE4Editor.exe!GuardedMain() [d:\build\++ue4+release-4.13+compile\sync\engine\source\runtime\launch\private\launch.cpp:140]
[2016.11.08-16.21.51:536][  0]LogWindows:Error: UE4Editor.exe!GuardedMainWrapper() [d:\build\++ue4+release-4.13+compile\sync\engine\source\runtime\launch\private\windows\launchwindows.cpp:126]
[2016.11.08-16.21.51:536][  0]LogWindows:Error: UE4Editor.exe!WinMain() [d:\build\++ue4+release-4.13+compile\sync\engine\source\runtime\launch\private\windows\launchwindows.cpp:202]
[2016.11.08-16.21.51:536][  0]LogWindows:Error: UE4Editor.exe!__scrt_common_main_seh() [f:\dd\vctools\crt\vcstartup\src\startup\exe_common.inl:264]
[2016.11.08-16.21.51:536][  0]LogWindows:Error: KERNEL32.DLL
[2016.11.08-16.21.51:536][  0]LogWindows:Error: ntdll.dll
[2016.11.08-16.21.51:536][  0]LogWindows:Error: ntdll.dll
[2016.11.08-16.21.51:536][  0]LogWindows:Error: 
[2016.11.08-16.21.51:559][  0]LogExit: Executing StaticShutdownAfterError
[2016.11.08-16.21.51:561][  0]LogWindows: FPlatformMisc::RequestExit(1)
[2016.11.08-16.21.51:561][  0]Log file closed, 11/08/16 11:21:51
