Log file open, 11/12/16 17:21:23
LogInit:Display: Running engine for game: Ratchet02
LogPlatformFile: Not using cached read wrapper
LogInit:Display: RandInit(108217202) SRandInit(108217202).
LogTaskGraph: Started task graph with 5 named threads and 9 total threads with 1 sets of task threads.
LogStats: Stats thread started at 0.698500
LogPluginManager: Loaded Plugin Paper2D, From C:/Users/SIG/Documents/Unreal Projects/RatchetBuilds/RatchetGame/WindowsNoEditor/Engine/Plugins/2D/Paper2D/Paper2D.uplugin
LogPluginManager: Loaded Plugin LightPropagationVolume, From C:/Users/SIG/Documents/Unreal Projects/RatchetBuilds/RatchetGame/WindowsNoEditor/Engine/Plugins/Blendables/LightPropagationVolume/LightPropagationVolume.uplugin
LogPluginManager: Loaded Plugin CharacterAI, From C:/Users/SIG/Documents/Unreal Projects/RatchetBuilds/RatchetGame/WindowsNoEditor/Engine/Plugins/Experimental/CharacterAI/CharacterAI.uplugin
LogPluginManager: Loaded Plugin HTML5Networking, From C:/Users/SIG/Documents/Unreal Projects/RatchetBuilds/RatchetGame/WindowsNoEditor/Engine/Plugins/Experimental/HTML5Networking/HTML5Networking.uplugin
LogPluginManager: Loaded Plugin AndroidMedia, From C:/Users/SIG/Documents/Unreal Projects/RatchetBuilds/RatchetGame/WindowsNoEditor/Engine/Plugins/Media/AndroidMedia/AndroidMedia.uplugin
LogPluginManager: Loaded Plugin AvfMedia, From C:/Users/SIG/Documents/Unreal Projects/RatchetBuilds/RatchetGame/WindowsNoEditor/Engine/Plugins/Media/AvfMedia/AvfMedia.uplugin
LogPluginManager: Loaded Plugin WmfMedia, From C:/Users/SIG/Documents/Unreal Projects/RatchetBuilds/RatchetGame/WindowsNoEditor/Engine/Plugins/Media/WmfMedia/WmfMedia.uplugin
LogPluginManager: Loaded Plugin TcpMessaging, From C:/Users/SIG/Documents/Unreal Projects/RatchetBuilds/RatchetGame/WindowsNoEditor/Engine/Plugins/Messaging/TcpMessaging/TcpMessaging.uplugin
LogPluginManager: Loaded Plugin UdpMessaging, From C:/Users/SIG/Documents/Unreal Projects/RatchetBuilds/RatchetGame/WindowsNoEditor/Engine/Plugins/Messaging/UdpMessaging/UdpMessaging.uplugin
LogPluginManager: Loaded Plugin OnlineSubsystem, From C:/Users/SIG/Documents/Unreal Projects/RatchetBuilds/RatchetGame/WindowsNoEditor/Engine/Plugins/Online/OnlineSubsystem/OnlineSubsystem.uplugin
LogPluginManager: Loaded Plugin OnlineSubsystemNull, From C:/Users/SIG/Documents/Unreal Projects/RatchetBuilds/RatchetGame/WindowsNoEditor/Engine/Plugins/Online/OnlineSubsystemNull/OnlineSubsystemNull.uplugin
LogPluginManager: Loaded Plugin OnlineSubsystemUtils, From C:/Users/SIG/Documents/Unreal Projects/RatchetBuilds/RatchetGame/WindowsNoEditor/Engine/Plugins/Online/OnlineSubsystemUtils/OnlineSubsystemUtils.uplugin
LogPluginManager: Loaded Plugin ArchVisCharacter, From C:/Users/SIG/Documents/Unreal Projects/RatchetBuilds/RatchetGame/WindowsNoEditor/Engine/Plugins/Runtime/ArchVisCharacter/ArchVisCharacter.uplugin
LogPluginManager: Loaded Plugin CableComponent, From C:/Users/SIG/Documents/Unreal Projects/RatchetBuilds/RatchetGame/WindowsNoEditor/Engine/Plugins/Runtime/CableComponent/CableComponent.uplugin
LogPluginManager: Loaded Plugin CustomMeshComponent, From C:/Users/SIG/Documents/Unreal Projects/RatchetBuilds/RatchetGame/WindowsNoEditor/Engine/Plugins/Runtime/CustomMeshComponent/CustomMeshComponent.uplugin
LogPluginManager: Loaded Plugin ExampleDeviceProfileSelector, From C:/Users/SIG/Documents/Unreal Projects/RatchetBuilds/RatchetGame/WindowsNoEditor/Engine/Plugins/Runtime/ExampleDeviceProfileSelector/ExampleDeviceProfileSelector.uplugin
LogPluginManager: Loaded Plugin GearVR, From C:/Users/SIG/Documents/Unreal Projects/RatchetBuilds/RatchetGame/WindowsNoEditor/Engine/Plugins/Runtime/GearVR/GearVR.uplugin
LogPluginManager: Loaded Plugin OculusInput, From C:/Users/SIG/Documents/Unreal Projects/RatchetBuilds/RatchetGame/WindowsNoEditor/Engine/Plugins/Runtime/OculusInput/OculusInput.uplugin
LogPluginManager: Loaded Plugin OculusLibrary, From C:/Users/SIG/Documents/Unreal Projects/RatchetBuilds/RatchetGame/WindowsNoEditor/Engine/Plugins/Runtime/OculusLibrary/OculusLibrary.uplugin
LogPluginManager: Loaded Plugin OculusRift, From C:/Users/SIG/Documents/Unreal Projects/RatchetBuilds/RatchetGame/WindowsNoEditor/Engine/Plugins/Runtime/OculusRift/OculusRift.uplugin
LogPluginManager: Loaded Plugin ProceduralMeshComponent, From C:/Users/SIG/Documents/Unreal Projects/RatchetBuilds/RatchetGame/WindowsNoEditor/Engine/Plugins/Runtime/ProceduralMeshComponent/ProceduralMeshComponent.uplugin
LogPluginManager: Loaded Plugin SteamVR, From C:/Users/SIG/Documents/Unreal Projects/RatchetBuilds/RatchetGame/WindowsNoEditor/Engine/Plugins/Runtime/Steam/SteamVR/SteamVR.uplugin
LogPluginManager: Loaded Plugin WindowsMoviePlayer, From C:/Users/SIG/Documents/Unreal Projects/RatchetBuilds/RatchetGame/WindowsNoEditor/Engine/Plugins/Runtime/WindowsMoviePlayer/WindowsMoviePlayer.uplugin
LogPluginManager: Loaded Plugin SlateRemote, From C:/Users/SIG/Documents/Unreal Projects/RatchetBuilds/RatchetGame/WindowsNoEditor/Engine/Plugins/Slate/SlateRemote/SlateRemote.uplugin
LogModuleManager:Warning: ModuleManager: Module 'XMPP' not found - its StaticallyLinkedModuleInitializers function is null.
LogInit: Using libcurl 7.47.1
LogInit:  - built for x86_64-pc-win32
LogInit:  - supports SSL with WinSSL
LogInit:  - other features:
LogInit:      CURL_VERSION_SSL
LogInit:      CURL_VERSION_IPV6
LogInit:      CURL_VERSION_ASYNCHDNS
LogInit:      CURL_VERSION_LARGEFILE
LogInit:      CURL_VERSION_IDN
LogInit:  CurlRequestOptions (configurable via config and command line):
LogInit:  - bVerifyPeer = false  - Libcurl will NOT verify peer certificate
LogInit:  - bUseHttpProxy = false  - Libcurl will NOT use HTTP proxy
LogInit:  - bDontReuseConnections = false  - Libcurl will reuse connections
LogInit:  - CertBundlePath = nullptr  - Libcurl will use whatever was configured at build time.
LogModuleManager:Warning: ModuleManager: Module 'OnlineSubsystemSteam' not found - its StaticallyLinkedModuleInitializers function is null.
LogInit: WinSock: version 1.1 (2.2), MaxSocks=32767, MaxUdp=65467
LogVoice:Warning: Failed to initialize voice interface
LogInit: Build: ++UE4+Release-4.13-CL-3106830
LogInit: Engine Version: 4.13.0-3106830+++UE4+Release-4.13
LogInit: Compatible Engine Version: 4.13.0-3106830+++UE4+Release-4.13
LogInit: Net CL: 3106830
LogDevObjectVersion: Number of dev versions registered: 13
LogDevObjectVersion:   Dev-Blueprints (B0D832E4-1F89-4F0D-ACCF-7EB736FD4AA2): 5
LogDevObjectVersion:   Dev-Build (E1C64328-A22C-4D53-A36C-8E866417BD8C): 0
LogDevObjectVersion:   Dev-Core (375EC13C-06E4-48FB-B500-84F0262A717E): 1
LogDevObjectVersion:   Dev-Editor (E4B068ED-F494-42E9-A231-DA0B2E46BB41): 6
LogDevObjectVersion:   Dev-Framework (CFFC743F-43B0-4480-9391-14DF171D2073): 12
LogDevObjectVersion:   Dev-Mobile (B02B49B5-BB20-44E9-A304-32B752E40360): 0
LogDevObjectVersion:   Dev-Networking (A4E4105C-59A1-49B5-A7C5-40C4547EDFEE): 0
LogDevObjectVersion:   Dev-Online (39C831C9-5AE6-47DC-9A44-9C173E1C8E7C): 0
LogDevObjectVersion:   Dev-Physics (78F01B33-EBEA-4F98-B9B4-84EACCB95AA2): 0
LogDevObjectVersion:   Dev-Platform (6631380F-2D4D-43E0-8009-CF276956A95A): 0
LogDevObjectVersion:   Dev-Rendering (12F88B9F-8875-4AFC-A67C-D90C383ABD29): 4
LogDevObjectVersion:   Dev-Sequencer (7B5AE74C-D270-4C10-A958-57980B212A5A): 0
LogDevObjectVersion:   Dev-VR (D7296918-1DD6-4BDD-9DE2-64A83CC13884): 0
LogInit: Compiled (64-bit): Aug 30 2016 18:12:49
LogInit: Compiled with Visual C++: 19.00.23026.00
LogInit: Build Configuration: Development
LogInit: Branch Name: ++UE4+Release-4.13
LogInit: Command line:  
LogInit: Base directory: C:/Users/SIG/Documents/Unreal Projects/RatchetBuilds/RatchetGame/WindowsNoEditor/Engine/Binaries/Win64/
LogInit: Installed Engine Build: 0
LogInit: Presizing for max 2097152 objects, including 0 objects not considered by GC, pre-allocating 0 bytes for permanent pool.
LogInit: Object subsystem initialized
[2016.11.12-22.21.23:111][  0]LogInit: Selected Device Profile: [WindowsNoEditor]
[2016.11.12-22.21.23:111][  0]LogInit: Applying CVar settings loaded from the selected device profile: [WindowsNoEditor]
[2016.11.12-22.21.23:115][  0]LogInit: Computer: SIGLAB-BEAST
[2016.11.12-22.21.23:115][  0]LogInit: User: SIG
[2016.11.12-22.21.23:115][  0]LogInit: CPU Page size=65536, Cores=10
[2016.11.12-22.21.23:115][  0]LogInit: High frequency timer resolution =3.020345 MHz
[2016.11.12-22.21.23:116][  0]LogMemory: Memory total: Physical=31.9GB (32GB approx)
[2016.11.12-22.21.23:116][  0]LogMemory: Platform Memory Stats for WindowsNoEditor
[2016.11.12-22.21.23:116][  0]LogMemory: Process Physical Memory: 86.42 MB used, 86.42 MB peak
[2016.11.12-22.21.23:116][  0]LogMemory: Process Virtual Memory: 100.57 MB used, 100.57 MB peak
[2016.11.12-22.21.23:116][  0]LogMemory: Physical Memory: 6285.77 MB used, 32690.26 MB total
[2016.11.12-22.21.23:116][  0]LogMemory: Virtual Memory: 327.89 MB used, 134217728.00 MB total
[2016.11.12-22.21.23:145][  0]LogTextLocalizationManager: No specific translations for ('en-US') exist, so ('en') translations will be used.
[2016.11.12-22.21.23:210][  0]LogD3D11RHI: D3D11 adapters:
[2016.11.12-22.21.23:847][  0]LogD3D11RHI:    0. 'NVIDIA GeForce GTX 980' (Feature Level 11_0)
[2016.11.12-22.21.23:847][  0]LogD3D11RHI:       4060/0/16345 MB DedicatedVideo/DedicatedSystem/SharedSystem, Outputs:2, VendorId:0x10de
[2016.11.12-22.21.23:848][  0]LogD3D11RHI:    1. 'Microsoft Basic Render Driver' (Feature Level 11_0)
[2016.11.12-22.21.23:848][  0]LogD3D11RHI:       0/0/16345 MB DedicatedVideo/DedicatedSystem/SharedSystem, Outputs:0, VendorId:0x1414
[2016.11.12-22.21.23:848][  0]LogD3D11RHI: Chosen D3D11 Adapter: 0
[2016.11.12-22.21.23:868][  0]LogD3D11RHI: Creating new Direct3DDevice
[2016.11.12-22.21.23:868][  0]LogD3D11RHI:     GPU DeviceId: 0x13c0 (for the marketing name, search the web for "GPU Device Id")
[2016.11.12-22.21.23:868][  0]LogWindows: EnumDisplayDevices:
[2016.11.12-22.21.23:868][  0]LogWindows:    0. 'NVIDIA GeForce GTX 980' (P:1 D:1)
[2016.11.12-22.21.23:869][  0]LogWindows:    1. 'NVIDIA GeForce GTX 980' (P:0 D:1)
[2016.11.12-22.21.23:869][  0]LogWindows:    2. 'NVIDIA GeForce GTX 980' (P:0 D:0)
[2016.11.12-22.21.23:869][  0]LogWindows:    3. 'NVIDIA GeForce GTX 980' (P:0 D:0)
[2016.11.12-22.21.23:869][  0]LogWindows: DebugString: FoundDriverCount:4 
[2016.11.12-22.21.23:869][  0]LogD3D11RHI:     Adapter Name: NVIDIA GeForce GTX 980
[2016.11.12-22.21.23:869][  0]LogD3D11RHI:   Driver Version: 372.70 (internal:21.21.13.7270, unified:372.70)
[2016.11.12-22.21.23:869][  0]LogD3D11RHI:      Driver Date: 8-25-2016
[2016.11.12-22.21.23:869][  0]LogRHI: Texture pool is 1361 MB (70% of 1945 MB)
[2016.11.12-22.21.24:484][  0]LogD3D11RHI: Async texture creation enabled
[2016.11.12-22.21.24:517][  0]LogD3D11RHI: GPU Timing Frequency: 1000.000000 (Debug: 2 1)
[2016.11.12-22.21.24:600][  0]LogAssetRegistry: FAssetRegistry took 0.0045 seconds to start up
[2016.11.12-22.21.24:602][  0]LogPackageLocalizationCache: Processed 3 localized package path(s) for 2 prioritized culture(s) in 0.002468 seconds
[2016.11.12-22.21.24:609][  0]LogContentStreaming: Texture pool size is 1000.00 MB
[2016.11.12-22.21.24:609][  0]LogInit: Selected Device Profile: [WindowsNoEditor]
[2016.11.12-22.21.24:656][  0]LogNetVersion: GetLocalNetworkVersion: CL: 3106830, ProjectName: ratchet02, ProjectVersion: , EngineNetworkVersion: 1, GameNetworkVersion: 0, NetworkChecksum: 4023720528
[2016.11.12-22.21.24:712][  0]LogSlate: SlateFontCache - WITH_FREETYPE: 1, WITH_HARFBUZZ: 1
[2016.11.12-22.21.24:712][  0]LogSlate: SlateFontCache - WITH_FREETYPE: 1, WITH_HARFBUZZ: 1
[2016.11.12-22.21.24:754][  0]LogMoviePlayer: Initializing movie player
[2016.11.12-22.21.24:891][  0]LogWindowsMoviePlayer: Unable to load movie: ../../../Ratchet02/Content/Movies/Default_Startup.mp4
[2016.11.12-22.21.24:930][  0]LogUObjectArray: 28481 objects as part of root set at end of initial load.
[2016.11.12-22.21.24:930][  0]LogUObjectAllocator: 5668688 out of 0 bytes used by permanent object pool.
[2016.11.12-22.21.24:930][  0]LogUObjectArray: CloseDisregardForGC: 0/0 objects in disregard for GC pool
[2016.11.12-22.21.24:941][  0]LogEngine: Initializing Engine...
[2016.11.12-22.21.25:009][  0]LogHMD: SteamVR initialized.  Driver: lighthouse  Display: LHR-E46F5943
[2016.11.12-22.21.25:068][  0]LogInit: XAudio2 using 'Speakers / Headphones (Realtek High Definition Audio)' : 2 channels at 48 kHz using 32 bits per sample (channel mask 0x3)
[2016.11.12-22.21.25:081][  0]LogInit: FAudioDevice initialized.
[2016.11.12-22.21.25:081][  0]LogInit: Texture streaming: Enabled
[2016.11.12-22.21.25:084][  0]LogConsoleManager:Warning: Setting the console variable 'r.VSync' with 'SetByGameSetting' was ignored as it is lower priority than the previous 'SetByCode'
[2016.11.12-22.21.25:096][  0]LogInit:Display: Game Engine Initialized.
[2016.11.12-22.21.25:096][  0]LogInit:Display: Starting Game.
[2016.11.12-22.21.25:096][  0]LogNet: Browse: /Game/Maps/MainMenu?Name=Player
[2016.11.12-22.21.25:096][  0]LogLoad: LoadMap: /Game/Maps/MainMenu?Name=Player
[2016.11.12-22.21.25:108][  0]LogMemory: Platform Memory Stats for WindowsNoEditor
[2016.11.12-22.21.25:108][  0]LogMemory: Process Physical Memory: 224.04 MB used, 224.04 MB peak
[2016.11.12-22.21.25:108][  0]LogMemory: Process Virtual Memory: 304.23 MB used, 304.23 MB peak
[2016.11.12-22.21.25:108][  0]LogMemory: Physical Memory: 6500.09 MB used, 32690.26 MB total
[2016.11.12-22.21.25:108][  0]LogMemory: Virtual Memory: 731.92 MB used, 134217728.00 MB total
[2016.11.12-22.21.25:108][  0]LogMemory: 
[2016.11.12-22.21.25:108][  0]LogMemory: Allocator Stats for binned:
[2016.11.12-22.21.25:108][  0]LogMemory: Current Memory 95.86 MB used, plus 5.83 MB waste
[2016.11.12-22.21.25:108][  0]LogMemory: Peak Memory 98.87 MB used, plus 4.20 MB waste
[2016.11.12-22.21.25:108][  0]LogMemory: Current OS Memory 101.69 MB, peak 103.06 MB
[2016.11.12-22.21.25:108][  0]LogMemory: Current Waste 1.32 MB, peak 1.47 MB
[2016.11.12-22.21.25:108][  0]LogMemory: Current Used 95.86 MB, peak 98.87 MB
[2016.11.12-22.21.25:108][  0]LogMemory: Current Slack 4.50 MB
[2016.11.12-22.21.25:108][  0]LogMemory: Allocs       141435 Current /  573035 Total
[2016.11.12-22.21.25:108][  0]LogMemory: 
[2016.11.12-22.21.25:108][  0]LogMemory: Block Size Num Pools Max Pools Cur Allocs Total Allocs Min Req Max Req Mem Used Mem Slack Mem Waste Efficiency
[2016.11.12-22.21.25:108][  0]LogMemory: ---------- --------- --------- ---------- ------------ ------- ------- -------- --------- --------- ----------
[2016.11.12-22.21.25:108][  0]LogMemory:          8         0         0          0            0       8       0       0K        0K        0K    100.00%
[2016.11.12-22.21.25:108][  0]LogMemory:         16         6         6      21916        58001      16      16     342K       42K        0K    100.00%
[2016.11.12-22.21.25:108][  0]LogMemory:         32        11        11      21089        90182      17      32     659K       45K       59K     91.62%
[2016.11.12-22.21.25:108][  0]LogMemory:         48         8         8       9733        41338      33      48     456K       56K       57K     88.87%
[2016.11.12-22.21.25:108][  0]LogMemory:         64        21        21      20577        67739      49      64    1286K       58K      105K     92.19%
[2016.11.12-22.21.25:109][  0]LogMemory:         80        11        11       8335        77544      65      80     651K       53K       42K     94.03%
[2016.11.12-22.21.25:109][  0]LogMemory:         96         5         5       3223        45131      81      96     302K       18K       22K     93.13%
[2016.11.12-22.21.25:109][  0]LogMemory:        112         4         5       2068        14005      97     112     226K       30K       15K     94.14%
[2016.11.12-22.21.25:109][  0]LogMemory:        128        17        17       8501        28948     114     128    1062K       26K       46K     95.77%
[2016.11.12-22.21.25:109][  0]LogMemory:        160        43        43      17506        32390     129     160    2735K       13K      225K     91.82%
[2016.11.12-22.21.25:109][  0]LogMemory:        192        25        25       7995        19980     161     192    1499K      100K      107K     93.31%
[2016.11.12-22.21.25:109][  0]LogMemory:        224         5         5       1310        10598     193     224     286K       34K       24K     92.50%
[2016.11.12-22.21.25:109][  0]LogMemory:        256         4         4        910         4518     225     256     227K       29K       13K     94.92%
[2016.11.12-22.21.25:109][  0]LogMemory:        288        25        45       5456        23072     257     288    1534K       63K      115K     92.81%
[2016.11.12-22.21.25:109][  0]LogMemory:        320         3         3        554        23227     290     320     173K       19K        1K     99.48%
[2016.11.12-22.21.25:109][  0]LogMemory:        384        20        20       3389        12970     322     384    1270K        5K      150K     88.28%
[2016.11.12-22.21.25:109][  0]LogMemory:        448         5         5        576         1683     386     448     252K       68K       23K     92.81%
[2016.11.12-22.21.25:109][  0]LogMemory:        512         6         6        603         2448     450     512     301K       83K        4K     98.96%
[2016.11.12-22.21.25:109][  0]LogMemory:        576        28        28       3055         3693     514     576    1718K       62K       62K     96.54%
[2016.11.12-22.21.25:109][  0]LogMemory:        640         8         9        697         1104     580     640     435K       75K       24K     95.31%
[2016.11.12-22.21.25:109][  0]LogMemory:        704         7         7        473          878     642     704     325K      123K       13K     97.10%
[2016.11.12-22.21.25:109][  0]LogMemory:        768         4         4        245          466     706     768     183K       72K        5K     98.05%
[2016.11.12-22.21.25:109][  0]LogMemory:        896         9         9        483         1086     769     896     422K      153K       29K     94.97%
[2016.11.12-22.21.25:109][  0]LogMemory:       1024         8         8        298          918     899    1024     298K      214K       12K     97.66%
[2016.11.12-22.21.25:109][  0]LogMemory:       1168         6         6        305          700    1025    1168     347K       37K       25K     93.49%
[2016.11.12-22.21.25:109][  0]LogMemory:       1360         5         5        194         1120    1171    1360     257K       62K       25K     92.19%
[2016.11.12-22.21.25:109][  0]LogMemory:       1632        11        11        372          684    1363    1632     592K      110K       37K     94.74%
[2016.11.12-22.21.25:109][  0]LogMemory:       2048        13        13        271          740    1640    2048     542K      290K       49K     94.11%
[2016.11.12-22.21.25:109][  0]LogMemory:       2336         6         6        133         1890    2050    2336     303K       81K       33K     91.41%
[2016.11.12-22.21.25:109][  0]LogMemory:       2720         5         5         86          460    2352    2718     228K       91K       11K     96.56%
[2016.11.12-22.21.25:109][  0]LogMemory:       3264        10        11        158         1206    2722    3264     503K      135K       31K     95.16%
[2016.11.12-22.21.25:109][  0]LogMemory:       4096        19        23        195          644    3266    4096     780K      436K       68K     94.41%
[2016.11.12-22.21.25:109][  0]LogMemory:       4672        13        14        105          359    4100    4672     479K      352K       25K     97.00%
[2016.11.12-22.21.25:109][  0]LogMemory:       5456        15        19         94          325    4674    5453     500K      460K       42K     95.63%
[2016.11.12-22.21.25:109][  0]LogMemory:       6544        17        20        131          360    5461    6542     837K      250K       64K     94.12%
[2016.11.12-22.21.25:109][  0]LogMemory:       8192         9        10         55          902    6545    8192     440K      136K       32K     94.44%
[2016.11.12-22.21.25:109][  0]LogMemory:       9360         8         8         49          111    8224    9360     447K       65K       26K     94.92%
[2016.11.12-22.21.25:109][  0]LogMemory:      10912         5         5         28           57    9383   10592     298K       22K       29K     90.94%
[2016.11.12-22.21.25:109][  0]LogMemory:      13104        10        10         48           81   10955   13056     614K       26K       45K     92.97%
[2016.11.12-22.21.25:109][  0]LogMemory:      16384        11        13         41          159   13120   16384     656K       48K       48K     93.18%
[2016.11.12-22.21.25:109][  0]LogMemory:      21840        21        25         52          140   16396   21766    1109K      235K      170K     87.35%
[2016.11.12-22.21.25:109][  0]LogMemory:      32768        17        18         33           89   21904   32640    1056K       32K      214K     80.33%
[2016.11.12-22.21.25:109][  0]LogMemory:      49152         5         6         19          232       0   49152     912K       48K      279K     70.94%
[2016.11.12-22.21.25:109][  0]LogMemory:      98304         5         5         17           29       0   97272    1632K      288K      380K     80.21%
[2016.11.12-22.21.25:109][  0]LogMemory: 
[2016.11.12-22.21.25:109][  0]LogMemory: 33856K allocated in pools (with 4645K slack and 2786K waste). Efficiency 91.77%
[2016.11.12-22.21.25:109][  0]LogMemory: Allocations 141379 Current / 572208 Total (in 494 pools)
[2016.11.12-22.21.25:109][  0]LogMemory: 
[2016.11.12-22.21.25:110][  0]LogAIModule: Creating AISystem for world MainMenu
[2016.11.12-22.21.25:111][  0]LogWorld: Game class is 'GameMode'
[2016.11.12-22.21.25:115][  0]LogWorld: Bringing World /Game/Maps/MainMenu.MainMenu up for play (max tick rate 0) at 2016.11.12-17.21.25
[2016.11.12-22.21.25:115][  0]LogWorld: Bringing up level for play took: 0.000362
[2016.11.12-22.21.25:115][  0]LogGameMode: Warning - PATHS NOT DEFINED or NO PLAYERSTART with positive rating
[2016.11.12-22.21.25:116][  0]LogGameMode:Display: Match State Changed from EnteringMap to WaitingToStart
[2016.11.12-22.21.25:116][  0]LogGameState: Match State Changed from EnteringMap to WaitingToStart
[2016.11.12-22.21.25:116][  0]LogGameMode:Display: Match State Changed from WaitingToStart to InProgress
[2016.11.12-22.21.25:118][  0]LogGameState: Match State Changed from WaitingToStart to InProgress
[2016.11.12-22.21.25:118][  0]LogLoad: Took 0.021616 seconds to LoadMap(/Game/Maps/MainMenu)
[2016.11.12-22.21.25:319][  0]LogLoad: (Engine Initialization) Total time: 3.11 seconds
[2016.11.12-22.21.25:319][  0]LogExternalProfiler: Found external profiler: VSPerf
[2016.11.12-22.21.25:319][  0]LogExternalProfiler: Using external profiler: VSPerf
[2016.11.12-22.21.25:336][  0]LogOcInput: OculusInput pre-init called
[2016.11.12-22.21.25:408][  0]LogRenderer: Reallocating scene render targets to support 128x128 (Frame:1).
[2016.11.12-22.21.25:483][  1]LogRenderer: Reallocating scene render targets to support 2240x1260 (Frame:2).
[2016.11.12-22.21.30:468][310]LogNetVersion: GetLocalNetworkVersion: CL: 3106830, ProjectName: ratchet02, ProjectVersion: 1.0.0.0, EngineNetworkVersion: 1, GameNetworkVersion: 0, NetworkChecksum: 3461421346
[2016.11.12-22.21.30:470][310]LogInit: WinSock: I am siglab-beast (158.130.2.229:0)
[2016.11.12-22.21.30:470][310]LogGameMode:Display: Match State Changed from InProgress to LeavingMap
[2016.11.12-22.21.30:471][310]LogGameState: Match State Changed from InProgress to LeavingMap
[2016.11.12-22.21.30:471][310]LogNet: Browse: /Game/Maps/Level_01?listen
[2016.11.12-22.21.30:471][310]LogLoad: LoadMap: /Game/Maps/Level_01?listen
[2016.11.12-22.21.30:478][310]LogMemory: Platform Memory Stats for WindowsNoEditor
[2016.11.12-22.21.30:478][310]LogMemory: Process Physical Memory: 274.98 MB used, 288.54 MB peak
[2016.11.12-22.21.30:478][310]LogMemory: Process Virtual Memory: 671.41 MB used, 697.86 MB peak
[2016.11.12-22.21.30:478][310]LogMemory: Physical Memory: 6532.12 MB used, 32690.26 MB total
[2016.11.12-22.21.30:478][310]LogMemory: Virtual Memory: 1133.62 MB used, 134217728.00 MB total
[2016.11.12-22.21.30:478][310]LogMemory: 
[2016.11.12-22.21.30:478][310]LogMemory: Allocator Stats for binned:
[2016.11.12-22.21.30:478][310]LogMemory: Current Memory 105.56 MB used, plus 6.19 MB waste
[2016.11.12-22.21.30:478][310]LogMemory: Peak Memory 108.51 MB used, plus 5.24 MB waste
[2016.11.12-22.21.30:478][310]LogMemory: Current OS Memory 111.75 MB, peak 113.75 MB
[2016.11.12-22.21.30:478][310]LogMemory: Current Waste 1.56 MB, peak 1.64 MB
[2016.11.12-22.21.30:478][310]LogMemory: Current Used 105.56 MB, peak 108.51 MB
[2016.11.12-22.21.30:478][310]LogMemory: Current Slack 4.64 MB
[2016.11.12-22.21.30:478][310]LogMemory: Allocs       144324 Current /  693302 Total
[2016.11.12-22.21.30:478][310]LogMemory: 
[2016.11.12-22.21.30:478][310]LogMemory: Block Size Num Pools Max Pools Cur Allocs Total Allocs Min Req Max Req Mem Used Mem Slack Mem Waste Efficiency
[2016.11.12-22.21.30:478][310]LogMemory: ---------- --------- --------- ---------- ------------ ------- ------- -------- --------- --------- ----------
[2016.11.12-22.21.30:478][310]LogMemory:          8         0         0          0            0       8       0       0K        0K        0K    100.00%
[2016.11.12-22.21.30:478][310]LogMemory:         16         6         6      22285        66310      16      16     348K       36K        0K    100.00%
[2016.11.12-22.21.30:478][310]LogMemory:         32        11        11      21721        98435      17      32     678K       26K       61K     91.34%
[2016.11.12-22.21.30:478][310]LogMemory:         48         8         8      10286        58933      33      48     482K       30K       47K     90.82%
[2016.11.12-22.21.30:478][310]LogMemory:         64        21        21      20998        78784      49      64    1312K       32K      102K     92.41%
[2016.11.12-22.21.30:478][310]LogMemory:         80        11        11       8425        82422      65      80     658K       46K       42K     94.03%
[2016.11.12-22.21.30:478][310]LogMemory:         96         6         6       3350        73507      81      96     314K       70K       24K     93.75%
[2016.11.12-22.21.30:478][310]LogMemory:        112         4         5       2151        16201      97     112     235K       21K       15K     94.14%
[2016.11.12-22.21.30:478][310]LogMemory:        128        17        17       8551        30611     114     128    1068K       20K       46K     95.77%
[2016.11.12-22.21.30:478][310]LogMemory:        160        44        44      17584        34291     129     160    2747K       65K      226K     91.97%
[2016.11.12-22.21.30:478][310]LogMemory:        192        25        25       8135        25794     161     192    1525K       74K      111K     93.06%
[2016.11.12-22.21.30:478][310]LogMemory:        224         5         5       1331        15564     193     224     291K       29K       21K     93.44%
[2016.11.12-22.21.30:478][310]LogMemory:        256         5         5        982         6491     225     256     245K       75K       14K     95.63%
[2016.11.12-22.21.30:478][310]LogMemory:        288        25        45       5463        24210     257     288    1536K       61K      114K     92.88%
[2016.11.12-22.21.30:478][310]LogMemory:        320         3         3        562        24993     290     320     175K       17K        1K     99.48%
[2016.11.12-22.21.30:478][310]LogMemory:        384        21        21       3418        18009     322     384    1281K       58K      138K     89.73%
[2016.11.12-22.21.30:478][310]LogMemory:        448         5         5        583         2456     386     448     255K       65K       23K     92.81%
[2016.11.12-22.21.30:478][310]LogMemory:        512         6         6        606         3981     449     512     303K       81K        3K     99.22%
[2016.11.12-22.21.30:478][310]LogMemory:        576        28        28       3084         4188     514     576    1734K       46K       69K     96.15%
[2016.11.12-22.21.30:478][310]LogMemory:        640         8         9        697         1124     580     640     435K       75K       24K     95.31%
[2016.11.12-22.21.30:478][310]LogMemory:        704         7         7        479         1235     642     704     329K      119K       16K     96.43%
[2016.11.12-22.21.30:478][310]LogMemory:        768         3         4        249          799     706     768     186K        6K        4K     97.92%
[2016.11.12-22.21.30:478][310]LogMemory:        896         9         9        493         1428     769     896     431K      144K       28K     95.14%
[2016.11.12-22.21.30:478][310]LogMemory:       1024         8         8        296         5642     899    1024     296K      216K        5K     99.02%
[2016.11.12-22.21.30:478][310]LogMemory:       1168         6         6        316          990    1025    1168     360K       24K       27K     92.97%
[2016.11.12-22.21.30:478][310]LogMemory:       1360         5         5        199         3296    1171    1360     264K       55K       21K     93.44%
[2016.11.12-22.21.30:478][310]LogMemory:       1632        11        11        370          727    1363    1632     589K      113K       37K     94.74%
[2016.11.12-22.21.30:478][310]LogMemory:       2048        13        13        275         1581    1640    2048     550K      282K       39K     95.31%
[2016.11.12-22.21.30:478][310]LogMemory:       2336         6         6        130         1913    2050    2336     296K       88K       32K     91.67%
[2016.11.12-22.21.30:478][310]LogMemory:       2720         5         5         86          477    2341    2718     228K       91K       11K     96.56%
[2016.11.12-22.21.30:478][310]LogMemory:       3264        10        11        158         1218    2722    3264     503K      135K       31K     95.16%
[2016.11.12-22.21.30:478][310]LogMemory:       4096        18        23        197          978    3266    4096     788K      364K       91K     92.10%
[2016.11.12-22.21.30:478][310]LogMemory:       4672        13        14        102          387    4100    4672     465K      366K       23K     97.24%
[2016.11.12-22.21.30:478][310]LogMemory:       5456        15        19         94          334    4674    5453     500K      460K       42K     95.63%
[2016.11.12-22.21.30:478][310]LogMemory:       6544        17        20        128          370    5461    6542     818K      269K       63K     94.21%
[2016.11.12-22.21.30:478][310]LogMemory:       8192         9        11         54         1247    6545    8192     432K      144K       28K     95.14%
[2016.11.12-22.21.30:478][310]LogMemory:       9360         9         9         53          122    8224    9360     484K       92K       28K     95.14%
[2016.11.12-22.21.30:478][310]LogMemory:      10912         5         5         27          375    9383   10592     287K       33K       19K     94.06%
[2016.11.12-22.21.30:478][310]LogMemory:      13104        10        10         48           83   10955   13056     614K       26K       45K     92.97%
[2016.11.12-22.21.30:478][310]LogMemory:      16384        14        15         49          183   13120   16384     784K      112K       55K     93.86%
[2016.11.12-22.21.30:478][310]LogMemory:      21840        21        25         51          146   16396   21766    1087K      257K      167K     87.57%
[2016.11.12-22.21.30:478][310]LogMemory:      32768        17        18         33           94   21904   32640    1056K       32K      216K     80.15%
[2016.11.12-22.21.30:478][310]LogMemory:      49152         7         7         21          239       0   49152    1008K      336K      307K     77.16%
[2016.11.12-22.21.30:478][310]LogMemory:      98304         5         5         19           33       0   97272    1824K       96K      432K     77.50%
[2016.11.12-22.21.30:478][310]LogMemory: 
[2016.11.12-22.21.30:478][310]LogMemory: 34624K allocated in pools (with 4787K slack and 2848K waste). Efficiency 91.77%
[2016.11.12-22.21.30:478][310]LogMemory: Allocations 144140 Current / 690202 Total (in 502 pools)
[2016.11.12-22.21.30:478][310]LogMemory: 
[2016.11.12-22.21.30:604][310]LogAIModule: Creating AISystem for world Level_01
[2016.11.12-22.21.30:604][310]LogWorld: Game class is 'MyGameMode_C'
[2016.11.12-22.21.30:604][310]LogInit: WinSock: Socket queue 131072 / 131072
[2016.11.12-22.21.30:605][310]PacketHandlerLog: Loaded PacketHandler component: Engine.EngineHandlerComponentFactory (StatelessConnectHandlerComponent)
[2016.11.12-22.21.30:605][310]LogNet: GameNetDriver IpNetDriver_0 IpNetDriver listening on port 7777
[2016.11.12-22.21.30:610][310]LogWorld: Bringing World /Game/Maps/Level_01.Level_01 up for play (max tick rate 0) at 2016.11.12-17.21.30
[2016.11.12-22.21.30:610][310]LogWorld: Bringing up level for play took: 0.001075
[2016.11.12-22.21.30:611][310]LogGameMode:Display: Match State Changed from EnteringMap to WaitingToStart
[2016.11.12-22.21.30:611][310]LogGameState: Match State Changed from EnteringMap to WaitingToStart
[2016.11.12-22.21.30:611][310]LogGameMode:Display: Match State Changed from WaitingToStart to InProgress
[2016.11.12-22.21.30:611][310]LogOnline:Warning: NULL: Can't start an online session (Game) in state InProgress
[2016.11.12-22.21.30:637][310]LogRenderer: Reallocating scene render targets to support 3024x1680 (Frame:313).
[2016.11.12-22.21.30:637][310]LogScript:Warning: Accessed None trying to read property Widget
	MyGameInstance_C /Engine/Transient.GameEngine_0:MyGameInstance_C_0
	Function /Game/Blueprints/MyGameInstance.MyGameInstance_C:Hide Widget:000A
[2016.11.12-22.21.30:637][310]LogScript:Warning: Script call stack:
	Function /Game/Maps/Level_01.Level_01_C:ReceiveBeginPlay
	Function /Game/Maps/Level_01.Level_01_C:ExecuteUbergraph_Level_01
	Function /Game/Blueprints/MyGameInstance.MyGameInstance_C:Start Playing State
	Function /Game/Blueprints/MyGameInstance.MyGameInstance_C:Hide Widget

[2016.11.12-22.21.30:638][310]LogGameState: Match State Changed from WaitingToStart to InProgress
[2016.11.12-22.21.30:678][310]LogLoad: Took 0.207674 seconds to LoadMap(/Game/Maps/Level_01)
[2016.11.12-22.21.30:727][311]LogStaticMesh: Allocated Allocated 186x98x48 distance field atlas = 1.7Mb
[2016.11.12-22.22.37:991][329]LogHandshake: SendConnectChallenge. Timestamp: 67.539848, Cookie: 194083048010100164245057219079154106083135124162173105240002
[2016.11.12-22.22.38:036][331]LogNet: Server accepting post-challenge connection from: 158.130.2.230:58862
[2016.11.12-22.22.38:036][331]PacketHandlerLog: Loaded PacketHandler component: Engine.EngineHandlerComponentFactory (StatelessConnectHandlerComponent)
[2016.11.12-22.22.38:036][331]LogNet: NotifyAcceptedConnection: Name: Level_01, TimeStamp: 11/12/16 17:22:38, [UNetConnection] RemoteAddr: 158.130.2.230:58862, Name: IpConnection_0, Driver: GameNetDriver IpNetDriver_0, IsServer: YES, PC: NULL, Owner: NULL
[2016.11.12-22.22.38:036][331]LogNet: AddClientConnection: Added client connection: [UNetConnection] RemoteAddr: 158.130.2.230:58862, Name: IpConnection_0, Driver: GameNetDriver IpNetDriver_0, IsServer: YES, PC: NULL, Owner: NULL
[2016.11.12-22.22.38:259][341]LogNet: NotifyAcceptingChannel Control 0 server World /Game/Maps/Level_01.Level_01: Accepted
[2016.11.12-22.22.38:259][341]LogNet: Remote platform little endian=1
[2016.11.12-22.22.38:259][341]LogNet: This platform little endian=1
[2016.11.12-22.22.38:282][342]LogNet: Login request: /Game/Maps/MainMenu?Name=MOR103-54-7164DB634F7171A8F7051BA792069147 userId: MOR103-54-7164DB634F7171A8F7051BA792069147
[2016.11.12-22.22.38:327][344]LogNet: Client netspeed is 10000
[2016.11.12-22.22.39:510][397]LogNet: Join request: /Game/Maps/MainMenu?Name=MOR103-54-7164DB634F7171A8F7051BA792069147?SplitscreenCount=1
[2016.11.12-22.22.39:513][397]LogNet: Join succeeded: MOR103-54-7164DB634F
[2016.11.12-22.22.39:514][397]LogCharacterMovement:Warning: GetSimulationTimeStep() - Max iterations 8 hit while remaining time 68.708763 > MaxSimulationTimeStep (0.050) for 'ThirdPersonCharacter_C_0', movement 'Falling'
[2016.11.12-22.22.39:514][397]LogBlueprintUserMessages: [ThirdPersonCharacter_C_0] 9 lives remaining!
[2016.11.12-22.24.29:196][307]LogNet: UChannel::ReceivedSequencedBunch: Bunch.bClose == true. ChIndex == 0. Calling ConditionalCleanUp.
[2016.11.12-22.24.29:196][307]LogNet: UChannel::CleanUp: ChIndex == 0. Closing connection. [UChannel] ChIndex: 0, Closing: 0 [UNetConnection] RemoteAddr: 158.130.2.230:58862, Name: IpConnection_0, Driver: GameNetDriver IpNetDriver_0, IsServer: YES, PC: MyPlayerController_C_1, Owner: MyPlayerController_C_1
[2016.11.12-22.24.29:196][307]LogNet: UNetConnection::Close: [UNetConnection] RemoteAddr: 158.130.2.230:58862, Name: IpConnection_0, Driver: GameNetDriver IpNetDriver_0, IsServer: YES, PC: MyPlayerController_C_1, Owner: MyPlayerController_C_1, Channels: 26, Time: 2016.11.12-22.24.29
[2016.11.12-22.24.29:196][307]LogNet: UChannel::Close: Sending CloseBunch. ChIndex == 0. Name: [UChannel] ChIndex: 0, Closing: 0 [UNetConnection] RemoteAddr: 158.130.2.230:58862, Name: IpConnection_0, Driver: GameNetDriver IpNetDriver_0, IsServer: YES, PC: MyPlayerController_C_1, Owner: MyPlayerController_C_1
[2016.11.12-22.25.11:105][183]LogScript:Warning: Accessed None trying to read property InGameMenuWidget
	MyPlayerController_C /Game/Maps/Level_01.Level_01:PersistentLevel.MyPlayerController_C_0
	Function /Game/Blueprints/MyPlayerController.MyPlayerController_C:ShowInGameMenu:000A
[2016.11.12-22.25.11:105][183]LogScript:Warning: Script call stack:
	Function /Game/Blueprints/MyPlayerController.MyPlayerController_C:InpActEvt_OpenInGameMenu_K2Node_InputActionEvent_1
	Function /Game/Blueprints/MyPlayerController.MyPlayerController_C:ExecuteUbergraph_MyPlayerController
	Function /Game/Blueprints/MyPlayerController.MyPlayerController_C:ShowInGameMenu

[2016.11.12-22.25.16:178][410]LogSlate: Request Window 'Ratchet02 (64-bit, PCD3D_SM5)' being destroyed
[2016.11.12-22.25.16:242][410]LogSlate: Window 'Ratchet02 (64-bit, PCD3D_SM5)' being destroyed
[2016.11.12-22.25.16:243][410]LogWindowsTextInputMethodSystem:Display: IME system now deactivated.
[2016.11.12-22.25.16:270][410]LogSlate: HittestGrid destroyed
[2016.11.12-22.25.16:271][411]LogEngine: All Windows Closed
[2016.11.12-22.25.16:271][411]LogWindows: FPlatformMisc::RequestExit(0)
[2016.11.12-22.25.16:272][412]LogMoviePlayer: Shutting down movie player
[2016.11.12-22.25.17:135][412]LogNet: World NetDriver shutdown IpNetDriver_0 [GameNetDriver]
[2016.11.12-22.25.17:135][412]LogNet: DestroyNamedNetDriver IpNetDriver_0 [GameNetDriver]
[2016.11.12-22.25.17:135][412]LogExit: GameNetDriver IpNetDriver_0 shut down
[2016.11.12-22.25.17:157][412]LogExit: Preparing to exit.
[2016.11.12-22.25.17:181][412]LogExit: Game engine shut down
[2016.11.12-22.25.17:239][412]LogObj: Freed 32b from 1 cluster array pools.
[2016.11.12-22.25.17:239][412]LogExit: Object subsystem successfully closed.
[2016.11.12-22.25.17:244][412]LogD3D11RHI: Shutdown
[2016.11.12-22.25.17:244][412]LogD3D11RHI: CleanupD3DDevice
[2016.11.12-22.25.17:246][412]LogD3D11RHI: ~FD3D11DynamicRHI
[2016.11.12-22.25.17:246][412]LogModuleManager: Shutting down and abandoning module AutomationController (68)
[2016.11.12-22.25.17:246][412]LogModuleManager: Shutting down and abandoning module AutomationWorker (67)
[2016.11.12-22.25.17:246][412]LogModuleManager: Shutting down and abandoning module GameplayDebugger (66)
[2016.11.12-22.25.17:246][412]LogModuleManager: Shutting down and abandoning module AIModule (65)
[2016.11.12-22.25.17:246][412]LogModuleManager: Shutting down and abandoning module WmfMediaFactory (64)
[2016.11.12-22.25.17:246][412]LogModuleManager: Shutting down and abandoning module AvfMediaFactory (63)
[2016.11.12-22.25.17:246][412]LogModuleManager: Shutting down and abandoning module Media (62)
[2016.11.12-22.25.17:246][412]LogModuleManager: Shutting down and abandoning module AndroidMediaFactory (61)
[2016.11.12-22.25.17:246][412]LogModuleManager: Shutting down and abandoning module CharacterAI (60)
[2016.11.12-22.25.17:246][412]LogModuleManager: Shutting down and abandoning module SessionServices (59)
[2016.11.12-22.25.17:246][412]LogModuleManager: Shutting down and abandoning module Niagara (58)
[2016.11.12-22.25.17:246][412]LogModuleManager: Shutting down and abandoning module StreamingPauseRendering (57)
[2016.11.12-22.25.17:246][412]LogModuleManager: Shutting down and abandoning module AnalyticsET (56)
[2016.11.12-22.25.17:246][412]LogModuleManager: Shutting down and abandoning module ProfilerService (55)
[2016.11.12-22.25.17:336][412]LogModuleManager: Shutting down and abandoning module TaskGraph (54)
[2016.11.12-22.25.17:336][412]LogModuleManager: Shutting down and abandoning module SlateRemote (53)
[2016.11.12-22.25.17:336][412]LogModuleManager: Shutting down and abandoning module SteamVRController (52)
[2016.11.12-22.25.17:336][412]LogModuleManager: Shutting down and abandoning module SteamVR (51)
[2016.11.12-22.25.17:336][412]LogModuleManager: Shutting down and abandoning module ProceduralMeshComponent (50)
[2016.11.12-22.25.17:336][412]LogModuleManager: Shutting down and abandoning module OculusLibrary (49)
[2016.11.12-22.25.17:336][412]LogModuleManager: Shutting down and abandoning module OculusInput (48)
[2016.11.12-22.25.17:336][412]LogModuleManager: Shutting down and abandoning module CustomMeshComponent (47)
[2016.11.12-22.25.17:336][412]LogModuleManager: Shutting down and abandoning module CableComponent (46)
[2016.11.12-22.25.17:336][412]LogModuleManager: Shutting down and abandoning module ArchVisCharacter (45)
[2016.11.12-22.25.17:336][412]LogModuleManager: Shutting down and abandoning module HTML5Networking (44)
[2016.11.12-22.25.17:336][412]LogModuleManager: Shutting down and abandoning module UdpMessaging (43)
[2016.11.12-22.25.17:336][412]LogModuleManager: Shutting down and abandoning module TcpMessaging (42)
[2016.11.12-22.25.17:336][412]LogModuleManager: Shutting down and abandoning module LightPropagationVolumeRuntime (41)
[2016.11.12-22.25.17:336][412]LogModuleManager: Shutting down and abandoning module Paper2D (40)
[2016.11.12-22.25.17:336][412]LogModuleManager: Shutting down and abandoning module WindowsMoviePlayer (39)
[2016.11.12-22.25.17:336][412]LogModuleManager: Shutting down and abandoning module WmfMedia (38)
[2016.11.12-22.25.17:337][412]LogModuleManager: Shutting down and abandoning module ImageWrapper (37)
[2016.11.12-22.25.17:337][412]LogModuleManager: Shutting down and abandoning module MediaAssets (36)
[2016.11.12-22.25.17:337][412]LogModuleManager: Shutting down and abandoning module GameLiveStreaming (35)
[2016.11.12-22.25.17:337][412]LogModuleManager: Shutting down and abandoning module UMG (34)
[2016.11.12-22.25.17:337][412]LogModuleManager: Shutting down and abandoning module SlateReflector (33)
[2016.11.12-22.25.17:337][412]LogModuleManager: Shutting down and abandoning module Slate (32)
[2016.11.12-22.25.17:337][412]LogModuleManager: Shutting down and abandoning module Messaging (31)
[2016.11.12-22.25.17:337][412]LogModuleManager: Shutting down and abandoning module HeadMountedDisplay (30)
[2016.11.12-22.25.17:337][412]LogModuleManager: Shutting down and abandoning module XAudio2 (29)
[2016.11.12-22.25.17:337][412]LogModuleManager: Shutting down and abandoning module Networking (28)
[2016.11.12-22.25.17:337][412]LogModuleManager: Shutting down and abandoning module Core (27)
[2016.11.12-22.25.17:337][412]LogModuleManager: Shutting down and abandoning module AssetRegistry (26)
[2016.11.12-22.25.17:338][412]LogModuleManager: Shutting down and abandoning module InputCore (25)
[2016.11.12-22.25.17:338][412]LogModuleManager: Shutting down and abandoning module OculusRift (24)
[2016.11.12-22.25.17:338][412]LogModuleManager: Shutting down and abandoning module GearVR (23)
[2016.11.12-22.25.17:338][412]LogModuleManager: Shutting down and abandoning module ExampleDeviceProfileSelector (22)
[2016.11.12-22.25.17:338][412]LogModuleManager: Shutting down and abandoning module Voice (20)
[2016.11.12-22.25.17:338][412]LogModuleManager: Shutting down and abandoning module OnlineSubsystem (16)
[2016.11.12-22.25.17:338][412]LogOnline:Display: NULL: FOnlineSubsystemNull::Shutdown()
[2016.11.12-22.25.17:338][412]LogOnline:Display: Unloading online subsystem: Null
[2016.11.12-22.25.17:338][412]LogModuleManager: Shutting down and abandoning module HTTP (15)
[2016.11.12-22.25.17:338][412]LogHttp:Display: Http module shutting down, but needs to wait on 1 outstanding Http requests:
[2016.11.12-22.25.17:338][412]LogHttp:Display: 	verb=[POST] url=[https://datarouter.ol.epicgames.com/datarouter/api/v1/public/data?SessionID=%7B88F507F9-4121-236D-A8E2-7CBC524489BC%7D&AppID=UEGame.Rocket.Release%7C57D58F574453EC61FAFB08ABDCA221E5%7CUE4Game&AppVersion=%2B%2BUE4%2BRelease-4.13-CL-3106830&UserID=ANON-%7BED268E78-403D-9EAB-4648-40AF2C12A3C9%7D&AppEnvironment=datacollector-binary&UploadType=eteventstream] status=Processing
[2016.11.12-22.25.17:348][412]LogModuleManager: Shutting down and abandoning module ShaderCore (13)
[2016.11.12-22.25.17:348][412]LogModuleManager: Shutting down and abandoning module Landscape (12)
[2016.11.12-22.25.17:348][412]LogModuleManager: Shutting down and abandoning module SlateRHIRenderer (11)
[2016.11.12-22.25.17:348][412]LogModuleManager: Shutting down and abandoning module OpenGLDrv (10)
[2016.11.12-22.25.17:348][412]LogModuleManager: Shutting down and abandoning module D3D11RHI (9)
[2016.11.12-22.25.17:348][412]LogModuleManager: Shutting down and abandoning module AnimGraphRuntime (8)
[2016.11.12-22.25.17:348][412]LogModuleManager: Shutting down and abandoning module Renderer (7)
[2016.11.12-22.25.17:348][412]LogModuleManager: Shutting down and abandoning module Engine (6)
[2016.11.12-22.25.17:348][412]LogModuleManager: Shutting down and abandoning module CoreUObject (5)
[2016.11.12-22.25.17:348][412]LogModuleManager: Shutting down and abandoning module NetworkFile (4)
[2016.11.12-22.25.17:348][412]LogModuleManager: Shutting down and abandoning module StreamingFile (3)
[2016.11.12-22.25.17:348][412]LogModuleManager: Shutting down and abandoning module SandboxFile (2)
[2016.11.12-22.25.17:348][412]LogModuleManager: Shutting down and abandoning module PakFile (1)
[2016.11.12-22.25.17:349][412]LogExit: Exiting.
[2016.11.12-22.25.17:350][412]Log file closed, 11/12/16 17:25:17
