Log file open, 11/09/16 14:07:38
LogInit:Display: Running engine for game: Ratchet02
LogPlatformFile: Not using cached read wrapper
LogInit:Display: RandInit(-1906169173) SRandInit(-1906169173).
LogTaskGraph: Started task graph with 5 named threads and 9 total threads with 1 sets of task threads.
LogStats: Stats thread started at 0.912651
LogPluginManager: Loaded Plugin Paper2D, From C:/Users/SIG/Documents/Unreal Projects/RatchetBuilds/RatchetGame/WindowsNoEditor/Engine/Plugins/2D/Paper2D/Paper2D.uplugin
LogPluginManager: Loaded Plugin LightPropagationVolume, From C:/Users/SIG/Documents/Unreal Projects/RatchetBuilds/RatchetGame/WindowsNoEditor/Engine/Plugins/Blendables/LightPropagationVolume/LightPropagationVolume.uplugin
LogPluginManager: Loaded Plugin CharacterAI, From C:/Users/SIG/Documents/Unreal Projects/RatchetBuilds/RatchetGame/WindowsNoEditor/Engine/Plugins/Experimental/CharacterAI/CharacterAI.uplugin
LogPluginManager: Loaded Plugin HTML5Networking, From C:/Users/SIG/Documents/Unreal Projects/RatchetBuilds/RatchetGame/WindowsNoEditor/Engine/Plugins/Experimental/HTML5Networking/HTML5Networking.uplugin
LogPluginManager: Loaded Plugin AndroidMedia, From C:/Users/SIG/Documents/Unreal Projects/RatchetBuilds/RatchetGame/WindowsNoEditor/Engine/Plugins/Media/AndroidMedia/AndroidMedia.uplugin
LogPluginManager: Loaded Plugin AvfMedia, From C:/Users/SIG/Documents/Unreal Projects/RatchetBuilds/RatchetGame/WindowsNoEditor/Engine/Plugins/Media/AvfMedia/AvfMedia.uplugin
LogPluginManager: Loaded Plugin WmfMedia, From C:/Users/SIG/Documents/Unreal Projects/RatchetBuilds/RatchetGame/WindowsNoEditor/Engine/Plugins/Media/WmfMedia/WmfMedia.uplugin
LogPluginManager: Loaded Plugin TcpMessaging, From C:/Users/SIG/Documents/Unreal Projects/RatchetBuilds/RatchetGame/WindowsNoEditor/Engine/Plugins/Messaging/TcpMessaging/TcpMessaging.uplugin
LogPluginManager: Loaded Plugin UdpMessaging, From C:/Users/SIG/Documents/Unreal Projects/RatchetBuilds/RatchetGame/WindowsNoEditor/Engine/Plugins/Messaging/UdpMessaging/UdpMessaging.uplugin
LogPluginManager: Loaded Plugin OnlineSubsystem, From C:/Users/SIG/Documents/Unreal Projects/RatchetBuilds/RatchetGame/WindowsNoEditor/Engine/Plugins/Online/OnlineSubsystem/OnlineSubsystem.uplugin
LogPluginManager: Loaded Plugin OnlineSubsystemNull, From C:/Users/SIG/Documents/Unreal Projects/RatchetBuilds/RatchetGame/WindowsNoEditor/Engine/Plugins/Online/OnlineSubsystemNull/OnlineSubsystemNull.uplugin
LogPluginManager: Loaded Plugin OnlineSubsystemUtils, From C:/Users/SIG/Documents/Unreal Projects/RatchetBuilds/RatchetGame/WindowsNoEditor/Engine/Plugins/Online/OnlineSubsystemUtils/OnlineSubsystemUtils.uplugin
LogPluginManager: Loaded Plugin ArchVisCharacter, From C:/Users/SIG/Documents/Unreal Projects/RatchetBuilds/RatchetGame/WindowsNoEditor/Engine/Plugins/Runtime/ArchVisCharacter/ArchVisCharacter.uplugin
LogPluginManager: Loaded Plugin CableComponent, From C:/Users/SIG/Documents/Unreal Projects/RatchetBuilds/RatchetGame/WindowsNoEditor/Engine/Plugins/Runtime/CableComponent/CableComponent.uplugin
LogPluginManager: Loaded Plugin CustomMeshComponent, From C:/Users/SIG/Documents/Unreal Projects/RatchetBuilds/RatchetGame/WindowsNoEditor/Engine/Plugins/Runtime/CustomMeshComponent/CustomMeshComponent.uplugin
LogPluginManager: Loaded Plugin ExampleDeviceProfileSelector, From C:/Users/SIG/Documents/Unreal Projects/RatchetBuilds/RatchetGame/WindowsNoEditor/Engine/Plugins/Runtime/ExampleDeviceProfileSelector/ExampleDeviceProfileSelector.uplugin
LogPluginManager: Loaded Plugin GearVR, From C:/Users/SIG/Documents/Unreal Projects/RatchetBuilds/RatchetGame/WindowsNoEditor/Engine/Plugins/Runtime/GearVR/GearVR.uplugin
LogPluginManager: Loaded Plugin OculusInput, From C:/Users/SIG/Documents/Unreal Projects/RatchetBuilds/RatchetGame/WindowsNoEditor/Engine/Plugins/Runtime/OculusInput/OculusInput.uplugin
LogPluginManager: Loaded Plugin OculusLibrary, From C:/Users/SIG/Documents/Unreal Projects/RatchetBuilds/RatchetGame/WindowsNoEditor/Engine/Plugins/Runtime/OculusLibrary/OculusLibrary.uplugin
LogPluginManager: Loaded Plugin OculusRift, From C:/Users/SIG/Documents/Unreal Projects/RatchetBuilds/RatchetGame/WindowsNoEditor/Engine/Plugins/Runtime/OculusRift/OculusRift.uplugin
LogPluginManager: Loaded Plugin ProceduralMeshComponent, From C:/Users/SIG/Documents/Unreal Projects/RatchetBuilds/RatchetGame/WindowsNoEditor/Engine/Plugins/Runtime/ProceduralMeshComponent/ProceduralMeshComponent.uplugin
LogPluginManager: Loaded Plugin SteamVR, From C:/Users/SIG/Documents/Unreal Projects/RatchetBuilds/RatchetGame/WindowsNoEditor/Engine/Plugins/Runtime/Steam/SteamVR/SteamVR.uplugin
LogPluginManager: Loaded Plugin WindowsMoviePlayer, From C:/Users/SIG/Documents/Unreal Projects/RatchetBuilds/RatchetGame/WindowsNoEditor/Engine/Plugins/Runtime/WindowsMoviePlayer/WindowsMoviePlayer.uplugin
LogPluginManager: Loaded Plugin SlateRemote, From C:/Users/SIG/Documents/Unreal Projects/RatchetBuilds/RatchetGame/WindowsNoEditor/Engine/Plugins/Slate/SlateRemote/SlateRemote.uplugin
LogModuleManager:Warning: ModuleManager: Module 'XMPP' not found - its StaticallyLinkedModuleInitializers function is null.
LogInit: Using libcurl 7.47.1
LogInit:  - built for x86_64-pc-win32
LogInit:  - supports SSL with WinSSL
LogInit:  - other features:
LogInit:      CURL_VERSION_SSL
LogInit:      CURL_VERSION_IPV6
LogInit:      CURL_VERSION_ASYNCHDNS
LogInit:      CURL_VERSION_LARGEFILE
LogInit:      CURL_VERSION_IDN
LogInit:  CurlRequestOptions (configurable via config and command line):
LogInit:  - bVerifyPeer = false  - Libcurl will NOT verify peer certificate
LogInit:  - bUseHttpProxy = false  - Libcurl will NOT use HTTP proxy
LogInit:  - bDontReuseConnections = false  - Libcurl will reuse connections
LogInit:  - CertBundlePath = nullptr  - Libcurl will use whatever was configured at build time.
LogModuleManager:Warning: ModuleManager: Module 'OnlineSubsystemSteam' not found - its StaticallyLinkedModuleInitializers function is null.
LogInit: WinSock: version 1.1 (2.2), MaxSocks=32767, MaxUdp=65467
LogVoice:Warning: Failed to initialize voice interface
LogInit: Build: ++UE4+Release-4.13-CL-3106830
LogInit: Engine Version: 4.13.0-3106830+++UE4+Release-4.13
LogInit: Compatible Engine Version: 4.13.0-3106830+++UE4+Release-4.13
LogInit: Net CL: 3106830
LogDevObjectVersion: Number of dev versions registered: 13
LogDevObjectVersion:   Dev-Blueprints (B0D832E4-1F89-4F0D-ACCF-7EB736FD4AA2): 5
LogDevObjectVersion:   Dev-Build (E1C64328-A22C-4D53-A36C-8E866417BD8C): 0
LogDevObjectVersion:   Dev-Core (375EC13C-06E4-48FB-B500-84F0262A717E): 1
LogDevObjectVersion:   Dev-Editor (E4B068ED-F494-42E9-A231-DA0B2E46BB41): 6
LogDevObjectVersion:   Dev-Framework (CFFC743F-43B0-4480-9391-14DF171D2073): 12
LogDevObjectVersion:   Dev-Mobile (B02B49B5-BB20-44E9-A304-32B752E40360): 0
LogDevObjectVersion:   Dev-Networking (A4E4105C-59A1-49B5-A7C5-40C4547EDFEE): 0
LogDevObjectVersion:   Dev-Online (39C831C9-5AE6-47DC-9A44-9C173E1C8E7C): 0
LogDevObjectVersion:   Dev-Physics (78F01B33-EBEA-4F98-B9B4-84EACCB95AA2): 0
LogDevObjectVersion:   Dev-Platform (6631380F-2D4D-43E0-8009-CF276956A95A): 0
LogDevObjectVersion:   Dev-Rendering (12F88B9F-8875-4AFC-A67C-D90C383ABD29): 4
LogDevObjectVersion:   Dev-Sequencer (7B5AE74C-D270-4C10-A958-57980B212A5A): 0
LogDevObjectVersion:   Dev-VR (D7296918-1DD6-4BDD-9DE2-64A83CC13884): 0
LogInit: Compiled (64-bit): Aug 30 2016 18:12:49
LogInit: Compiled with Visual C++: 19.00.23026.00
LogInit: Build Configuration: Development
LogInit: Branch Name: ++UE4+Release-4.13
LogInit: Command line:  
LogInit: Base directory: C:/Users/SIG/Documents/Unreal Projects/RatchetBuilds/RatchetGame/WindowsNoEditor/Engine/Binaries/Win64/
LogInit: Installed Engine Build: 0
LogInit: Presizing for max 2097152 objects, including 0 objects not considered by GC, pre-allocating 0 bytes for permanent pool.
LogInit: Object subsystem initialized
[2016.11.09-19.07.38:491][  0]LogInit: Selected Device Profile: [WindowsNoEditor]
[2016.11.09-19.07.38:491][  0]LogInit: Applying CVar settings loaded from the selected device profile: [WindowsNoEditor]
[2016.11.09-19.07.38:508][  0]LogInit: Computer: SIGLAB-BEAST
[2016.11.09-19.07.38:508][  0]LogInit: User: SIG
[2016.11.09-19.07.38:508][  0]LogInit: CPU Page size=65536, Cores=10
[2016.11.09-19.07.38:508][  0]LogInit: High frequency timer resolution =3.020346 MHz
[2016.11.09-19.07.38:508][  0]LogMemory: Memory total: Physical=31.9GB (32GB approx)
[2016.11.09-19.07.38:508][  0]LogMemory: Platform Memory Stats for WindowsNoEditor
[2016.11.09-19.07.38:508][  0]LogMemory: Process Physical Memory: 86.95 MB used, 86.95 MB peak
[2016.11.09-19.07.38:508][  0]LogMemory: Process Virtual Memory: 100.58 MB used, 100.58 MB peak
[2016.11.09-19.07.38:508][  0]LogMemory: Physical Memory: 8782.01 MB used, 32690.26 MB total
[2016.11.09-19.07.38:508][  0]LogMemory: Virtual Memory: 328.36 MB used, 134217728.00 MB total
[2016.11.09-19.07.38:656][  0]LogTextLocalizationManager: No specific translations for ('en-US') exist, so ('en') translations will be used.
[2016.11.09-19.07.38:750][  0]LogD3D11RHI: D3D11 adapters:
[2016.11.09-19.07.39:409][  0]LogD3D11RHI:    0. 'NVIDIA GeForce GTX 980' (Feature Level 11_0)
[2016.11.09-19.07.39:409][  0]LogD3D11RHI:       4060/0/16345 MB DedicatedVideo/DedicatedSystem/SharedSystem, Outputs:2, VendorId:0x10de
[2016.11.09-19.07.39:411][  0]LogD3D11RHI:    1. 'Microsoft Basic Render Driver' (Feature Level 11_0)
[2016.11.09-19.07.39:411][  0]LogD3D11RHI:       0/0/16345 MB DedicatedVideo/DedicatedSystem/SharedSystem, Outputs:0, VendorId:0x1414
[2016.11.09-19.07.39:411][  0]LogD3D11RHI: Chosen D3D11 Adapter: 0
[2016.11.09-19.07.39:420][  0]LogD3D11RHI: Creating new Direct3DDevice
[2016.11.09-19.07.39:420][  0]LogD3D11RHI:     GPU DeviceId: 0x13c0 (for the marketing name, search the web for "GPU Device Id")
[2016.11.09-19.07.39:420][  0]LogWindows: EnumDisplayDevices:
[2016.11.09-19.07.39:420][  0]LogWindows:    0. 'NVIDIA GeForce GTX 980' (P:1 D:1)
[2016.11.09-19.07.39:420][  0]LogWindows:    1. 'NVIDIA GeForce GTX 980' (P:0 D:1)
[2016.11.09-19.07.39:421][  0]LogWindows:    2. 'NVIDIA GeForce GTX 980' (P:0 D:0)
[2016.11.09-19.07.39:421][  0]LogWindows:    3. 'NVIDIA GeForce GTX 980' (P:0 D:0)
[2016.11.09-19.07.39:421][  0]LogWindows: DebugString: FoundDriverCount:4 
[2016.11.09-19.07.39:421][  0]LogD3D11RHI:     Adapter Name: NVIDIA GeForce GTX 980
[2016.11.09-19.07.39:421][  0]LogD3D11RHI:   Driver Version: 372.70 (internal:21.21.13.7270, unified:372.70)
[2016.11.09-19.07.39:421][  0]LogD3D11RHI:      Driver Date: 8-25-2016
[2016.11.09-19.07.39:421][  0]LogRHI: Texture pool is 1361 MB (70% of 1945 MB)
[2016.11.09-19.07.40:036][  0]LogD3D11RHI: Async texture creation enabled
[2016.11.09-19.07.40:086][  0]LogD3D11RHI: GPU Timing Frequency: 1000.000000 (Debug: 2 1)
[2016.11.09-19.07.40:308][  0]LogAssetRegistry: FAssetRegistry took 0.0058 seconds to start up
[2016.11.09-19.07.40:312][  0]LogPackageLocalizationCache: Processed 3 localized package path(s) for 2 prioritized culture(s) in 0.002825 seconds
[2016.11.09-19.07.40:336][  0]LogContentStreaming: Texture pool size is 1000.00 MB
[2016.11.09-19.07.40:336][  0]LogInit: Selected Device Profile: [WindowsNoEditor]
[2016.11.09-19.07.40:411][  0]LogNetVersion: GetLocalNetworkVersion: CL: 3106830, ProjectName: ratchet02, ProjectVersion: , EngineNetworkVersion: 1, GameNetworkVersion: 0, NetworkChecksum: 4023720528
[2016.11.09-19.07.40:506][  0]LogSlate: SlateFontCache - WITH_FREETYPE: 1, WITH_HARFBUZZ: 1
[2016.11.09-19.07.40:506][  0]LogSlate: SlateFontCache - WITH_FREETYPE: 1, WITH_HARFBUZZ: 1
[2016.11.09-19.07.40:652][  0]LogMoviePlayer: Initializing movie player
[2016.11.09-19.07.40:694][  0]LogWindowsMoviePlayer: Unable to load movie: ../../../Ratchet02/Content/Movies/Default_Startup.mp4
[2016.11.09-19.07.40:737][  0]LogUObjectArray: 28481 objects as part of root set at end of initial load.
[2016.11.09-19.07.40:737][  0]LogUObjectAllocator: 5668688 out of 0 bytes used by permanent object pool.
[2016.11.09-19.07.40:737][  0]LogUObjectArray: CloseDisregardForGC: 0/0 objects in disregard for GC pool
[2016.11.09-19.07.40:749][  0]LogEngine: Initializing Engine...
[2016.11.09-19.07.41:291][  0]LogHMD: SteamVR initialized.  Driver: lighthouse  Display: LHR-8813B57A
[2016.11.09-19.07.41:377][  0]LogInit: XAudio2 using 'Speakers / Headphones (Realtek High Definition Audio)' : 2 channels at 48 kHz using 32 bits per sample (channel mask 0x3)
[2016.11.09-19.07.41:394][  0]LogInit: FAudioDevice initialized.
[2016.11.09-19.07.41:394][  0]LogInit: Texture streaming: Enabled
[2016.11.09-19.07.41:399][  0]LogConsoleManager:Warning: Setting the console variable 'r.VSync' with 'SetByGameSetting' was ignored as it is lower priority than the previous 'SetByCode'
[2016.11.09-19.07.41:440][  0]LogInit:Display: Game Engine Initialized.
[2016.11.09-19.07.41:440][  0]LogInit:Display: Starting Game.
[2016.11.09-19.07.41:441][  0]LogNet: Browse: /Game/Maps/MainMenu?Name=Player
[2016.11.09-19.07.41:441][  0]LogLoad: LoadMap: /Game/Maps/MainMenu?Name=Player
[2016.11.09-19.07.41:465][  0]LogMemory: Platform Memory Stats for WindowsNoEditor
[2016.11.09-19.07.41:465][  0]LogMemory: Process Physical Memory: 224.45 MB used, 224.45 MB peak
[2016.11.09-19.07.41:465][  0]LogMemory: Process Virtual Memory: 300.46 MB used, 300.47 MB peak
[2016.11.09-19.07.41:465][  0]LogMemory: Physical Memory: 8920.33 MB used, 32690.26 MB total
[2016.11.09-19.07.41:465][  0]LogMemory: Virtual Memory: 728.56 MB used, 134217728.00 MB total
[2016.11.09-19.07.41:465][  0]LogMemory: 
[2016.11.09-19.07.41:465][  0]LogMemory: Allocator Stats for binned:
[2016.11.09-19.07.41:465][  0]LogMemory: Current Memory 95.64 MB used, plus 6.05 MB waste
[2016.11.09-19.07.41:465][  0]LogMemory: Peak Memory 98.89 MB used, plus 4.36 MB waste
[2016.11.09-19.07.41:465][  0]LogMemory: Current OS Memory 101.69 MB, peak 103.25 MB
[2016.11.09-19.07.41:465][  0]LogMemory: Current Waste 1.32 MB, peak 1.47 MB
[2016.11.09-19.07.41:465][  0]LogMemory: Current Used 95.64 MB, peak 98.89 MB
[2016.11.09-19.07.41:465][  0]LogMemory: Current Slack 4.73 MB
[2016.11.09-19.07.41:465][  0]LogMemory: Allocs       140886 Current /  571451 Total
[2016.11.09-19.07.41:465][  0]LogMemory: 
[2016.11.09-19.07.41:465][  0]LogMemory: Block Size Num Pools Max Pools Cur Allocs Total Allocs Min Req Max Req Mem Used Mem Slack Mem Waste Efficiency
[2016.11.09-19.07.41:465][  0]LogMemory: ---------- --------- --------- ---------- ------------ ------- ------- -------- --------- --------- ----------
[2016.11.09-19.07.41:465][  0]LogMemory:          8         0         0          0            0       8       0       0K        0K        0K    100.00%
[2016.11.09-19.07.41:465][  0]LogMemory:         16         6         6      21647        57581      16      16     338K       46K        0K    100.00%
[2016.11.09-19.07.41:465][  0]LogMemory:         32        11        11      20940        89764      17      32     654K       50K       58K     91.76%
[2016.11.09-19.07.41:465][  0]LogMemory:         48         8         8       9715        41236      33      48     455K       57K       57K     88.87%
[2016.11.09-19.07.41:465][  0]LogMemory:         64        21        21      20534        67676      49      64    1283K       61K      105K     92.19%
[2016.11.09-19.07.41:465][  0]LogMemory:         80        11        11       8304        77501      65      80     648K       56K       42K     94.03%
[2016.11.09-19.07.41:465][  0]LogMemory:         96         5         5       3223        45164      81      96     302K       18K       22K     93.13%
[2016.11.09-19.07.41:465][  0]LogMemory:        112         4         5       2067        13998      97     112     226K       30K       15K     94.14%
[2016.11.09-19.07.41:465][  0]LogMemory:        128        17        17       8498        28933     114     128    1062K       26K       46K     95.77%
[2016.11.09-19.07.41:465][  0]LogMemory:        160        43        43      17507        32250     129     160    2735K       13K      225K     91.82%
[2016.11.09-19.07.41:465][  0]LogMemory:        192        25        25       7983        19847     161     192    1496K      103K      107K     93.31%
[2016.11.09-19.07.41:465][  0]LogMemory:        224         5         5       1310        10601     193     224     286K       34K       24K     92.50%
[2016.11.09-19.07.41:465][  0]LogMemory:        256         4         4        910         4413     225     256     227K       29K       13K     94.92%
[2016.11.09-19.07.41:465][  0]LogMemory:        288        25        45       5456        22979     257     288    1534K       63K      116K     92.75%
[2016.11.09-19.07.41:465][  0]LogMemory:        320         3         3        552        23073     290     320     172K       20K        1K     99.48%
[2016.11.09-19.07.41:465][  0]LogMemory:        384        20        20       3367        12906     322     384    1262K       13K      149K     88.36%
[2016.11.09-19.07.41:465][  0]LogMemory:        448         5         5        576         1683     386     448     252K       68K       23K     92.81%
[2016.11.09-19.07.41:465][  0]LogMemory:        512         6         6        603         2454     450     512     301K       83K        4K     98.96%
[2016.11.09-19.07.41:465][  0]LogMemory:        576        28        28       3056         3792     514     576    1719K       61K       64K     96.43%
[2016.11.09-19.07.41:465][  0]LogMemory:        640         8         9        697         1104     580     640     435K       75K       24K     95.31%
[2016.11.09-19.07.41:465][  0]LogMemory:        704         7         7        473          878     642     704     325K      123K       13K     97.10%
[2016.11.09-19.07.41:465][  0]LogMemory:        768         4         4        245          466     706     768     183K       72K        5K     98.05%
[2016.11.09-19.07.41:465][  0]LogMemory:        896         9         9        483         1086     769     896     422K      153K       29K     94.97%
[2016.11.09-19.07.41:465][  0]LogMemory:       1024         8         8        298          918     899    1024     298K      214K       12K     97.66%
[2016.11.09-19.07.41:465][  0]LogMemory:       1168         6         6        304          699    1025    1168     346K       38K       25K     93.49%
[2016.11.09-19.07.41:465][  0]LogMemory:       1360         5         5        194         1120    1171    1360     257K       62K       25K     92.19%
[2016.11.09-19.07.41:465][  0]LogMemory:       1632        11        11        372          684    1363    1632     592K      110K       37K     94.74%
[2016.11.09-19.07.41:465][  0]LogMemory:       2048        13        13        271          773    1640    2048     542K      290K       48K     94.23%
[2016.11.09-19.07.41:465][  0]LogMemory:       2336         6         6        133         1890    2050    2336     303K       81K       33K     91.41%
[2016.11.09-19.07.41:465][  0]LogMemory:       2720         5         5         86          460    2352    2718     228K       91K       11K     96.56%
[2016.11.09-19.07.41:465][  0]LogMemory:       3264        10        11        158         1206    2722    3264     503K      135K       31K     95.16%
[2016.11.09-19.07.41:465][  0]LogMemory:       4096        19        23        195          644    3266    4096     780K      436K       68K     94.41%
[2016.11.09-19.07.41:465][  0]LogMemory:       4672        13        14        105          359    4100    4672     479K      352K       25K     97.00%
[2016.11.09-19.07.41:465][  0]LogMemory:       5456        15        19         94          325    4674    5453     500K      460K       42K     95.63%
[2016.11.09-19.07.41:465][  0]LogMemory:       6544        18        20        132          361    5461    6542     843K      308K       65K     94.36%
[2016.11.09-19.07.41:465][  0]LogMemory:       8192         9        10         55          902    6545    8192     440K      136K       32K     94.44%
[2016.11.09-19.07.41:465][  0]LogMemory:       9360         8         8         49          111    8224    9360     447K       65K       26K     94.92%
[2016.11.09-19.07.41:465][  0]LogMemory:      10912         5         5         28           57    9383   10592     298K       22K       29K     90.94%
[2016.11.09-19.07.41:465][  0]LogMemory:      13104        10        10         49           82   10955   13056     627K       13K       45K     92.97%
[2016.11.09-19.07.41:465][  0]LogMemory:      16384        12        13         40          158   13120   16384     640K      128K       46K     94.01%
[2016.11.09-19.07.41:465][  0]LogMemory:      21840        22        25         53          141   16396   21766    1130K      278K      172K     87.78%
[2016.11.09-19.07.41:465][  0]LogMemory:      32768        17        18         33           89   21904   32640    1056K       32K      211K     80.61%
[2016.11.09-19.07.41:465][  0]LogMemory:      49152         5         6         17          230       0   49152     816K      144K      250K     73.96%
[2016.11.09-19.07.41:465][  0]LogMemory:      98304         5         5         17           30       0   97272    1632K      288K      385K     79.95%
[2016.11.09-19.07.41:465][  0]LogMemory: 
[2016.11.09-19.07.41:465][  0]LogMemory: 34048K allocated in pools (with 4937K slack and 2760K waste). Efficiency 91.89%
[2016.11.09-19.07.41:465][  0]LogMemory: Allocations 140830 Current / 570625 Total (in 497 pools)
[2016.11.09-19.07.41:465][  0]LogMemory: 
[2016.11.09-19.07.41:473][  0]LogAIModule: Creating AISystem for world MainMenu
[2016.11.09-19.07.41:474][  0]LogWorld: Game class is 'GameMode'
[2016.11.09-19.07.41:479][  0]LogWorld: Bringing World /Game/Maps/MainMenu.MainMenu up for play (max tick rate 0) at 2016.11.09-14.07.41
[2016.11.09-19.07.41:479][  0]LogWorld: Bringing up level for play took: 0.000854
[2016.11.09-19.07.41:481][  0]LogGameMode: Warning - PATHS NOT DEFINED or NO PLAYERSTART with positive rating
[2016.11.09-19.07.41:486][  0]LogGameMode:Display: Match State Changed from EnteringMap to WaitingToStart
[2016.11.09-19.07.41:487][  0]LogGameState: Match State Changed from EnteringMap to WaitingToStart
[2016.11.09-19.07.41:487][  0]LogGameMode:Display: Match State Changed from WaitingToStart to InProgress
[2016.11.09-19.07.41:501][  0]LogGameState: Match State Changed from WaitingToStart to InProgress
[2016.11.09-19.07.41:502][  0]LogLoad: Took 0.060818 seconds to LoadMap(/Game/Maps/MainMenu)
[2016.11.09-19.07.41:704][  0]LogLoad: (Engine Initialization) Total time: 4.47 seconds
[2016.11.09-19.07.41:704][  0]LogExternalProfiler: Found external profiler: VSPerf
[2016.11.09-19.07.41:704][  0]LogExternalProfiler: Using external profiler: VSPerf
[2016.11.09-19.07.41:721][  0]LogOcInput: OculusInput pre-init called
[2016.11.09-19.07.41:787][  0]LogRenderer: Reallocating scene render targets to support 128x128 (Frame:1).
[2016.11.09-19.07.41:879][  1]LogRenderer: Reallocating scene render targets to support 2240x1260 (Frame:2).
[2016.11.09-19.07.46:187][268]LogNetVersion: GetLocalNetworkVersion: CL: 3106830, ProjectName: ratchet02, ProjectVersion: 1.0.0.0, EngineNetworkVersion: 1, GameNetworkVersion: 0, NetworkChecksum: 3461421346
[2016.11.09-19.07.46:189][268]LogInit: WinSock: I am siglab-beast (158.130.2.229:0)
[2016.11.09-19.07.46:191][268]LogGameMode:Display: Match State Changed from InProgress to LeavingMap
[2016.11.09-19.07.46:191][268]LogGameState: Match State Changed from InProgress to LeavingMap
[2016.11.09-19.07.46:191][268]LogNet: Browse: /Game/Maps/Level_01?listen
[2016.11.09-19.07.46:191][268]LogLoad: LoadMap: /Game/Maps/Level_01?listen
[2016.11.09-19.07.46:200][268]LogMemory: Platform Memory Stats for WindowsNoEditor
[2016.11.09-19.07.46:200][268]LogMemory: Process Physical Memory: 273.09 MB used, 286.02 MB peak
[2016.11.09-19.07.46:200][268]LogMemory: Process Virtual Memory: 671.45 MB used, 696.25 MB peak
[2016.11.09-19.07.46:200][268]LogMemory: Physical Memory: 8971.22 MB used, 32690.26 MB total
[2016.11.09-19.07.46:200][268]LogMemory: Virtual Memory: 1125.89 MB used, 134217728.00 MB total
[2016.11.09-19.07.46:200][268]LogMemory: 
[2016.11.09-19.07.46:200][268]LogMemory: Allocator Stats for binned:
[2016.11.09-19.07.46:200][268]LogMemory: Current Memory 105.54 MB used, plus 6.15 MB waste
[2016.11.09-19.07.46:200][268]LogMemory: Peak Memory 108.54 MB used, plus 5.08 MB waste
[2016.11.09-19.07.46:200][268]LogMemory: Current OS Memory 111.69 MB, peak 113.63 MB
[2016.11.09-19.07.46:200][268]LogMemory: Current Waste 1.49 MB, peak 1.58 MB
[2016.11.09-19.07.46:200][268]LogMemory: Current Used 105.54 MB, peak 108.54 MB
[2016.11.09-19.07.46:200][268]LogMemory: Current Slack 4.65 MB
[2016.11.09-19.07.46:200][268]LogMemory: Allocs       143772 Current /  677867 Total
[2016.11.09-19.07.46:200][268]LogMemory: 
[2016.11.09-19.07.46:200][268]LogMemory: Block Size Num Pools Max Pools Cur Allocs Total Allocs Min Req Max Req Mem Used Mem Slack Mem Waste Efficiency
[2016.11.09-19.07.46:200][268]LogMemory: ---------- --------- --------- ---------- ------------ ------- ------- -------- --------- --------- ----------
[2016.11.09-19.07.46:200][268]LogMemory:          8         0         0          0            0       8       0       0K        0K        0K    100.00%
[2016.11.09-19.07.46:200][268]LogMemory:         16         6         6      22016        64754      16      16     344K       40K        0K    100.00%
[2016.11.09-19.07.46:200][268]LogMemory:         32        11        11      21570        97130      17      32     674K       30K       60K     91.48%
[2016.11.09-19.07.46:200][268]LogMemory:         48         8         8      10267        57018      33      48     481K       31K       48K     90.63%
[2016.11.09-19.07.46:200][268]LogMemory:         64        21        21      20955        78228      49      64    1309K       35K      102K     92.41%
[2016.11.09-19.07.46:200][268]LogMemory:         80        11        11       8394        82237      65      80     655K       49K       42K     94.03%
[2016.11.09-19.07.46:200][268]LogMemory:         96         6         6       3349        70054      81      96     313K       71K       24K     93.75%
[2016.11.09-19.07.46:200][268]LogMemory:        112         4         5       2150        16110      97     112     235K       21K       15K     94.14%
[2016.11.09-19.07.46:200][268]LogMemory:        128        17        17       8548        30512     114     128    1068K       20K       46K     95.77%
[2016.11.09-19.07.46:200][268]LogMemory:        160        44        44      17585        34060     129     160    2747K       65K      226K     91.97%
[2016.11.09-19.07.46:200][268]LogMemory:        192        25        25       8123        24908     161     192    1523K       76K      112K     93.00%
[2016.11.09-19.07.46:200][268]LogMemory:        224         5         5       1331        14654     193     224     291K       29K       22K     93.13%
[2016.11.09-19.07.46:200][268]LogMemory:        256         5         5        982         6077     225     256     245K       75K       14K     95.63%
[2016.11.09-19.07.46:200][268]LogMemory:        288        25        45       5463        24118     257     288    1536K       61K      114K     92.88%
[2016.11.09-19.07.46:200][268]LogMemory:        320         3         3        560        24749     290     320     175K       17K        1K     99.48%
[2016.11.09-19.07.46:200][268]LogMemory:        384        21        21       3396        17617     322     384    1273K       66K      138K     89.73%
[2016.11.09-19.07.46:200][268]LogMemory:        448         5         5        583         2416     386     448     255K       65K       22K     93.13%
[2016.11.09-19.07.46:200][268]LogMemory:        512         6         6        606         3985     449     512     303K       81K        3K     99.22%
[2016.11.09-19.07.46:200][268]LogMemory:        576        28        28       3085         4251     514     576    1735K       45K       70K     96.09%
[2016.11.09-19.07.46:200][268]LogMemory:        640         8         9        697         1124     580     640     435K       75K       24K     95.31%
[2016.11.09-19.07.46:200][268]LogMemory:        704         7         7        479         1193     642     704     329K      119K       15K     96.65%
[2016.11.09-19.07.46:200][268]LogMemory:        768         3         4        249          757     706     768     186K        6K        4K     97.92%
[2016.11.09-19.07.46:200][268]LogMemory:        896         9         9        493         1380     769     896     431K      144K       28K     95.14%
[2016.11.09-19.07.46:200][268]LogMemory:       1024         8         8        296         5012     899    1024     296K      216K        6K     98.83%
[2016.11.09-19.07.46:200][268]LogMemory:       1168         6         6        315          743    1025    1168     359K       25K       25K     93.49%
[2016.11.09-19.07.46:200][268]LogMemory:       1360         5         5        199         2059    1171    1360     264K       55K       22K     93.13%
[2016.11.09-19.07.46:200][268]LogMemory:       1632        11        11        370          727    1363    1632     589K      113K       37K     94.74%
[2016.11.09-19.07.46:200][268]LogMemory:       2048        13        13        275         1119    1640    2048     550K      282K       43K     94.83%
[2016.11.09-19.07.46:200][268]LogMemory:       2336         6         6        130         1913    2050    2336     296K       88K       32K     91.67%
[2016.11.09-19.07.46:200][268]LogMemory:       2720         5         5         86          476    2341    2718     228K       91K       11K     96.56%
[2016.11.09-19.07.46:200][268]LogMemory:       3264        10        11        158         1218    2722    3264     503K      135K       31K     95.16%
[2016.11.09-19.07.46:200][268]LogMemory:       4096        18        23        197          936    3266    4096     788K      364K       89K     92.27%
[2016.11.09-19.07.46:200][268]LogMemory:       4672        13        14        102          387    4100    4672     465K      366K       23K     97.24%
[2016.11.09-19.07.46:200][268]LogMemory:       5456        15        19         94          334    4674    5453     500K      460K       42K     95.63%
[2016.11.09-19.07.46:200][268]LogMemory:       6544        18        20        129          371    5461    6542     824K      327K       63K     94.53%
[2016.11.09-19.07.46:200][268]LogMemory:       8192         9        11         54         1205    6545    8192     432K      144K       29K     94.97%
[2016.11.09-19.07.46:200][268]LogMemory:       9360         9         9         53          123    8224    9360     484K       92K       28K     95.14%
[2016.11.09-19.07.46:200][268]LogMemory:      10912         5         5         27          333    9383   10592     287K       33K       19K     94.06%
[2016.11.09-19.07.46:200][268]LogMemory:      13104        10        10         49           84   10955   13056     627K       13K       46K     92.81%
[2016.11.09-19.07.46:201][268]LogMemory:      16384        15        15         49          183   13120   16384     784K      176K       54K     94.38%
[2016.11.09-19.07.46:201][268]LogMemory:      21840        22        25         52          147   16396   21766    1109K      299K      170K     87.93%
[2016.11.09-19.07.46:201][268]LogMemory:      32768        17        18         33           94   21904   32640    1056K       32K      213K     80.42%
[2016.11.09-19.07.46:201][268]LogMemory:      49152         6         6         19          237       0   49152     912K      240K      278K     75.87%
[2016.11.09-19.07.46:201][268]LogMemory:      98304         5         5         19           34       0   97272    1824K       96K      437K     77.24%
[2016.11.09-19.07.46:201][268]LogMemory: 
[2016.11.09-19.07.46:201][268]LogMemory: 34624K allocated in pools (with 4868K slack and 2828K waste). Efficiency 91.83%
[2016.11.09-19.07.46:201][268]LogMemory: Allocations 143588 Current / 675068 Total (in 504 pools)
[2016.11.09-19.07.46:201][268]LogMemory: 
[2016.11.09-19.07.46:329][268]LogAIModule: Creating AISystem for world Level_01
[2016.11.09-19.07.46:329][268]LogWorld: Game class is 'MyGameMode_C'
[2016.11.09-19.07.46:330][268]LogInit: WinSock: Socket queue 131072 / 131072
[2016.11.09-19.07.46:330][268]PacketHandlerLog: Loaded PacketHandler component: Engine.EngineHandlerComponentFactory (StatelessConnectHandlerComponent)
[2016.11.09-19.07.46:330][268]LogNet: GameNetDriver IpNetDriver_0 IpNetDriver listening on port 7777
[2016.11.09-19.07.46:337][268]LogWorld: Bringing World /Game/Maps/Level_01.Level_01 up for play (max tick rate 0) at 2016.11.09-14.07.46
[2016.11.09-19.07.46:338][268]LogWorld: Bringing up level for play took: 0.003219
[2016.11.09-19.07.46:344][268]LogGameMode:Display: Match State Changed from EnteringMap to WaitingToStart
[2016.11.09-19.07.46:344][268]LogGameState: Match State Changed from EnteringMap to WaitingToStart
[2016.11.09-19.07.46:344][268]LogGameMode:Display: Match State Changed from WaitingToStart to InProgress
[2016.11.09-19.07.46:344][268]LogOnline:Warning: NULL: Can't start an online session (Game) in state InProgress
[2016.11.09-19.07.46:370][268]LogRenderer: Reallocating scene render targets to support 3024x1680 (Frame:271).
[2016.11.09-19.07.46:370][268]LogScript:Warning: Accessed None trying to read property Widget
	MyGameInstance_C /Engine/Transient.GameEngine_0:MyGameInstance_C_0
	Function /Game/Blueprints/MyGameInstance.MyGameInstance_C:Hide Widget:000A
[2016.11.09-19.07.46:370][268]LogScript:Warning: Script call stack:
	Function /Game/Maps/Level_01.Level_01_C:ReceiveBeginPlay
	Function /Game/Maps/Level_01.Level_01_C:ExecuteUbergraph_Level_01
	Function /Game/Blueprints/MyGameInstance.MyGameInstance_C:Start Playing State
	Function /Game/Blueprints/MyGameInstance.MyGameInstance_C:Hide Widget

[2016.11.09-19.07.46:370][268]LogBlueprintUserMessages: [Level_01_C_0] VRPawn_C_0
[2016.11.09-19.07.46:370][268]LogScript:Warning: Accessed None trying to read property CallFunc_GetPlayerController_ReturnValue
	Level_01_C /Game/Maps/Level_01.Level_01:PersistentLevel.Level_01_C_0
	Function /Game/Maps/Level_01.Level_01_C:ExecuteUbergraph_Level_01:01BD
[2016.11.09-19.07.46:370][268]LogScript:Warning: Script call stack:
	Function /Game/Maps/Level_01.Level_01_C:ReceiveBeginPlay
	Function /Game/Maps/Level_01.Level_01_C:ExecuteUbergraph_Level_01

[2016.11.09-19.07.46:370][268]LogBlueprintUserMessages: [Level_01_C_0] 
[2016.11.09-19.07.46:370][268]LogScript:Warning: Accessed None trying to read property CallFunc_GetPlayerController_ReturnValue
	Level_01_C /Game/Maps/Level_01.Level_01:PersistentLevel.Level_01_C_0
	Function /Game/Maps/Level_01.Level_01_C:ExecuteUbergraph_Level_01:02A5
[2016.11.09-19.07.46:370][268]LogScript:Warning: Script call stack:
	Function /Game/Maps/Level_01.Level_01_C:ReceiveBeginPlay
	Function /Game/Maps/Level_01.Level_01_C:ExecuteUbergraph_Level_01

[2016.11.09-19.07.46:370][268]LogScript:Warning: Accessed None trying to read property CallFunc_K2_GetPawn_ReturnValue
	Level_01_C /Game/Maps/Level_01.Level_01:PersistentLevel.Level_01_C_0
	Function /Game/Maps/Level_01.Level_01_C:ExecuteUbergraph_Level_01:02C5
[2016.11.09-19.07.46:370][268]LogScript:Warning: Script call stack:
	Function /Game/Maps/Level_01.Level_01_C:ReceiveBeginPlay
	Function /Game/Maps/Level_01.Level_01_C:ExecuteUbergraph_Level_01

[2016.11.09-19.07.46:370][268]LogGameState: Match State Changed from WaitingToStart to InProgress
[2016.11.09-19.07.46:377][268]LogStaticMesh: Allocated Allocated 349x64x64 distance field atlas = 2.7Mb
[2016.11.09-19.07.46:445][268]LogLoad: Took 0.254544 seconds to LoadMap(/Game/Maps/Level_01)
[2016.11.09-19.08.23:404][918]LogHandshake: SendConnectChallenge. Timestamp: 37.234093, Cookie: 197069111032112225169162149252037094077085046077145196026255
[2016.11.09-19.08.23:426][919]LogNet: Server accepting post-challenge connection from: 158.130.2.237:61501
[2016.11.09-19.08.23:427][919]PacketHandlerLog: Loaded PacketHandler component: Engine.EngineHandlerComponentFactory (StatelessConnectHandlerComponent)
[2016.11.09-19.08.23:427][919]LogNet: NotifyAcceptedConnection: Name: Level_01, TimeStamp: 11/09/16 14:08:23, [UNetConnection] RemoteAddr: 158.130.2.237:61501, Name: IpConnection_0, Driver: GameNetDriver IpNetDriver_0, IsServer: YES, PC: NULL, Owner: NULL
[2016.11.09-19.08.23:427][919]LogNet: AddClientConnection: Added client connection: [UNetConnection] RemoteAddr: 158.130.2.237:61501, Name: IpConnection_0, Driver: GameNetDriver IpNetDriver_0, IsServer: YES, PC: NULL, Owner: NULL
[2016.11.09-19.08.23:605][927]LogNet: NotifyAcceptingChannel Control 0 server World /Game/Maps/Level_01.Level_01: Accepted
[2016.11.09-19.08.23:605][927]LogNet: Remote platform little endian=1
[2016.11.09-19.08.23:605][927]LogNet: This platform little endian=1
[2016.11.09-19.08.23:627][928]LogNet: Login request: /Game/Maps/MainMenu?Name=MOR103-57-AABB3D9D463DF7959DDB7EA044493BCC userId: MOR103-57-AABB3D9D463DF7959DDB7EA044493BCC
[2016.11.09-19.08.23:649][929]LogNet: Client netspeed is 10000
[2016.11.09-19.08.25:146][996]LogNet: Join request: /Game/Maps/MainMenu?Name=MOR103-57-AABB3D9D463DF7959DDB7EA044493BCC?SplitscreenCount=1
[2016.11.09-19.08.25:156][996]PIE:Warning: Warning The widget 'FoodQueue_C' was already added to the screen.
[2016.11.09-19.08.25:156][996]LogNet: Join succeeded: MOR103-57-AABB3D9D46
[2016.11.09-19.08.25:158][996]LogCharacterMovement:Warning: GetSimulationTimeStep() - Max iterations 8 hit while remaining time 38.655006 > MaxSimulationTimeStep (0.050) for 'ThirdPersonCharacter_C_0', movement 'Walking'
[2016.11.09-19.09.17:688][347]LogNet: UChannel::ReceivedSequencedBunch: Bunch.bClose == true. ChIndex == 0. Calling ConditionalCleanUp.
[2016.11.09-19.09.17:688][347]LogNet: UChannel::CleanUp: ChIndex == 0. Closing connection. [UChannel] ChIndex: 0, Closing: 0 [UNetConnection] RemoteAddr: 158.130.2.237:61501, Name: IpConnection_0, Driver: GameNetDriver IpNetDriver_0, IsServer: YES, PC: MyPlayerController_C_1, Owner: MyPlayerController_C_1
[2016.11.09-19.09.17:688][347]LogNet: UNetConnection::Close: [UNetConnection] RemoteAddr: 158.130.2.237:61501, Name: IpConnection_0, Driver: GameNetDriver IpNetDriver_0, IsServer: YES, PC: MyPlayerController_C_1, Owner: MyPlayerController_C_1, Channels: 12, Time: 2016.11.09-19.09.17
[2016.11.09-19.09.17:688][347]LogNet: UChannel::Close: Sending CloseBunch. ChIndex == 0. Name: [UChannel] ChIndex: 0, Closing: 0 [UNetConnection] RemoteAddr: 158.130.2.237:61501, Name: IpConnection_0, Driver: GameNetDriver IpNetDriver_0, IsServer: YES, PC: MyPlayerController_C_1, Owner: MyPlayerController_C_1
